#
# A fatal error has been detected by the Java Runtime Environment:
#
#  SIGSEGV (0xb) at pc=0x00007fd7e8ec0219, pid=11116, tid=0x00007fd7e05d1700
#
# JRE version: OpenJDK Runtime Environment (8.0_121-b13) (build 1.8.0_121-8u121-b13-0ubuntu1.16.04.2-b13)
# Java VM: OpenJDK 64-Bit Server VM (25.121-b13 mixed mode linux-amd64 compressed oops)
# Problematic frame:
# C  [libTensor.so+0x337219]  THCudaTensor_transpose+0xe6
#
# Failed to write core dump. Core dumps have been disabled. To enable core dumping, try "ulimit -c unlimited" before starting Java again
#
# If you would like to submit a bug report, please visit:
#   http://bugreport.java.com/bugreport/crash.jsp
# The crash happened outside the Java Virtual Machine in native code.
# See problematic frame for where to report the bug.
#

---------------  T H R E A D  ---------------

Current thread (0x00007fd7bc324000):  JavaThread "Thread-32" [_thread_in_native, id=11187, stack(0x00007fd7e04d1000,0x00007fd7e05d2000)]

siginfo: si_signo: 11 (SIGSEGV), si_code: 1 (SEGV_MAPERR), si_addr: 0x0000000000000000

Registers:
RAX=0x0000000000000000, RBX=0x00007fd8900f5160, RCX=0x00007fd7b8222820, RDX=0x0000000000000000
RSP=0x00007fd7e05cf8f0, RBP=0x00007fd7e05cf920, RSI=0x00007fd7b8222820, RDI=0x00007fd8ce06dff0
R8 =0x0000000000000000, R9 =0x0000000000000129, R10=0x0000000000000000, R11=0xfffffffffffffffe
R12=0x0000000000000000, R13=0x00007fd8900f5160, R14=0x00007fd7e05cfa50, R15=0x00007fd7bc324000
RIP=0x00007fd7e8ec0219, EFLAGS=0x0000000000010246, CSGSFS=0x0000000000000033, ERR=0x0000000000000004
  TRAPNO=0x000000000000000e

Top of Stack: (sp=0x00007fd7e05cf8f0)
0x00007fd7e05cf8f0:   0000000000000001 00007fd7b8222820
0x00007fd7e05cf900:   00007fd7b8222820 00007fd8ce06dff0
0x00007fd7e05cf910:   00007fd7b8222820 00007fd7bc0213b0
0x00007fd7e05cf920:   00007fd7e05cf990 00007fd7e8dfa52b
0x00007fd7e05cf930:   00007fd7e05cfa38 0000000000000000
0x00007fd7e05cf940:   0000000000000000 0000000000000000
0x00007fd7e05cf950:   00007fd7e05cfa20 00007fd7bc3241e0
0x00007fd7e05cf960:   00007fd7e05cf9f0 00007fd7b82227a0
0x00007fd7e05cf970:   00007fd7b82227e0 00007fd7b8222820
0x00007fd7e05cf980:   00007fd7a800e720 00007fd7bc0213b0
0x00007fd7e05cf990:   00007fd7e05cfa10 00007fd8bc9f0774
0x00007fd7e05cf9a0:   00007fd7e05cfa30 5104cc063825bc00
0x00007fd7e05cf9b0:   00007fd7e0ade760 00007fd7e05cfa80
0x00007fd7e05cf9c0:   00000000ffffffff 00007fd7bc022090
0x00007fd7e05cf9d0:   00007fd7e05cf9d0 0000000000000000
0x00007fd7e05cf9e0:   00007fd7e05cfa50 00007fd8900f51c8
0x00007fd7e05cf9f0:   0000000000000000 00007fd8900f5160
0x00007fd7e05cfa00:   0000000000000000 00007fd7e05cfa30
0x00007fd7e05cfa10:   00007fd7e05cfa98 00007fd8bc9e0ffd
0x00007fd7e05cfa20:   00000007981252d0 00007fd8bc9ea278
0x00007fd7e05cfa30:   0000000791722e90 0000000798896f18
0x00007fd7e05cfa40:   0000000000000000 0000000000000000
0x00007fd7e05cfa50:   0000000000000000 00007fd7e05cfa58
0x00007fd7e05cfa60:   00007fd890125c34 00007fd7e05cfaa8
0x00007fd7e05cfa70:   00007fd890159378 0000000000000000
0x00007fd7e05cfa80:   00007fd890125c58 00007fd7e05cfa30
0x00007fd7e05cfa90:   00007fd7e05cfab0 000000079174d1b0
0x00007fd7e05cfaa0:   00007fd8bcceb9b4 0000000791722d28
0x00007fd7e05cfab0:   0000000000000000 00000001c0196e40
0x00007fd7e05cfac0:   00007fd8b0cb4ae8 0000000000000000
0x00007fd7e05cfad0:   000000079174c5a0 0000000791781308
0x00007fd7e05cfae0:   00007fd7e05cfb10 00007fd8d1c86c12 

Instructions: (pc=0x00007fd7e8ec0219)
0x00007fd7e8ec01f9:   45 d4 3b 45 d0 0f 84 ce 00 00 00 48 8b 45 e0 48
0x00007fd7e8ec0209:   8b 40 08 8b 55 d4 48 63 d2 48 c1 e2 03 48 01 d0
0x00007fd7e8ec0219:   48 8b 00 48 89 45 f8 48 8b 45 e0 48 8b 40 08 8b
0x00007fd7e8ec0229:   55 d4 48 63 d2 48 c1 e2 03 48 01 c2 48 8b 45 e0 

Register to memory mapping:

RAX=0x0000000000000000 is an unknown value
RBX={method} {0x00007fd8900f5160} 'linearAccGrad' '(Lbe/iminds/iot/dianne/tensor/Tensor;Lbe/iminds/iot/dianne/tensor/Tensor;Lbe/iminds/iot/dianne/tensor/Tensor;Lbe/iminds/iot/dianne/tensor/Tensor;Lbe/iminds/iot/dianne/tensor/Tensor;)V' in 'be/iminds/iot/dianne/tensor/ModuleOps'
RCX=0x00007fd7b8222820 is an unknown value
RDX=0x0000000000000000 is an unknown value
RSP=0x00007fd7e05cf8f0 is pointing into the stack for thread: 0x00007fd7bc324000
RBP=0x00007fd7e05cf920 is pointing into the stack for thread: 0x00007fd7bc324000
RSI=0x00007fd7b8222820 is an unknown value
RDI=0x00007fd8ce06dff0 is an unknown value
R8 =0x0000000000000000 is an unknown value
R9 =0x0000000000000129 is an unknown value
R10=0x0000000000000000 is an unknown value
R11=0xfffffffffffffffe is an unknown value
R12=0x0000000000000000 is an unknown value
R13={method} {0x00007fd8900f5160} 'linearAccGrad' '(Lbe/iminds/iot/dianne/tensor/Tensor;Lbe/iminds/iot/dianne/tensor/Tensor;Lbe/iminds/iot/dianne/tensor/Tensor;Lbe/iminds/iot/dianne/tensor/Tensor;Lbe/iminds/iot/dianne/tensor/Tensor;)V' in 'be/iminds/iot/dianne/tensor/ModuleOps'
R14=0x00007fd7e05cfa50 is pointing into the stack for thread: 0x00007fd7bc324000
R15=0x00007fd7bc324000 is a thread


Stack: [0x00007fd7e04d1000,0x00007fd7e05d2000],  sp=0x00007fd7e05cf8f0,  free space=1018k
Native frames: (J=compiled Java code, j=interpreted, Vv=VM code, C=native code)
C  [libTensor.so+0x337219]  THCudaTensor_transpose+0xe6
C  [libTensor.so+0x27152b]  Java_be_iminds_iot_dianne_tensor_ModuleOps_linearAccGrad+0x12d
j  be.iminds.iot.dianne.tensor.ModuleOps.linearAccGrad(Lbe/iminds/iot/dianne/tensor/Tensor;Lbe/iminds/iot/dianne/tensor/Tensor;Lbe/iminds/iot/dianne/tensor/Tensor;Lbe/iminds/iot/dianne/tensor/Tensor;Lbe/iminds/iot/dianne/tensor/Tensor;)V+0
j  be.iminds.iot.dianne.nn.module.layer.Linear.accGradParameters()V+20
J 2486 C1 sun.reflect.GeneratedMethodAccessor21.invoke(Ljava/lang/Object;[Ljava/lang/Object;)Ljava/lang/Object; (64 bytes) @ 0x00007fd8bcceb9b4 [0x00007fd8bcceb700+0x2b4]
J 2371 C2 be.iminds.aiolos.proxy.ServiceProxy.invoke(Ljava/lang/Object;Ljava/lang/reflect/Method;[Ljava/lang/Object;)Ljava/lang/Object; (832 bytes) @ 0x00007fd8bd28b414 [0x00007fd8bd28a6c0+0xd54]
j  com.sun.proxy.$Proxy13.accGradParameters()V+9
j  be.iminds.iot.dianne.nn.module.composite.CompositeModule.lambda$2(Ljava/util/Map$Entry;)V+9
j  be.iminds.iot.dianne.nn.module.composite.CompositeModule$$Lambda$111.accept(Ljava/lang/Object;)V+4
J 2318 C1 java.util.HashMap$EntrySet.forEach(Ljava/util/function/Consumer;)V (107 bytes) @ 0x00007fd8bcb0132c [0x00007fd8bcb01120+0x20c]
j  be.iminds.iot.dianne.nn.module.composite.CompositeModule.accGradParameters()V+19
J 2486 C1 sun.reflect.GeneratedMethodAccessor21.invoke(Ljava/lang/Object;[Ljava/lang/Object;)Ljava/lang/Object; (64 bytes) @ 0x00007fd8bcceb9b4 [0x00007fd8bcceb700+0x2b4]
J 2371 C2 be.iminds.aiolos.proxy.ServiceProxy.invoke(Ljava/lang/Object;Ljava/lang/reflect/Method;[Ljava/lang/Object;)Ljava/lang/Object; (832 bytes) @ 0x00007fd8bd28b414 [0x00007fd8bd28a6c0+0xd54]
j  com.sun.proxy.$Proxy20.accGradParameters()V+9
j  be.iminds.iot.dianne.nn.NeuralNetworkWrapper$$Lambda$119.accept(Ljava/lang/Object;)V+4
J 2553 C2 java.util.HashMap$ValueSpliterator.forEachRemaining(Ljava/util/function/Consumer;)V (186 bytes) @ 0x00007fd8bcc28148 [0x00007fd8bcc27ee0+0x268]
J 2376 C1 java.util.stream.ReferencePipeline$Head.forEach(Ljava/util/function/Consumer;)V (26 bytes) @ 0x00007fd8bd26e574 [0x00007fd8bd26dfc0+0x5b4]
j  be.iminds.iot.dianne.nn.NeuralNetworkWrapper.accGradParameters()V+36
v  ~StubRoutines::call_stub
V  [libjvm.so+0x66161b]
V  [libjvm.so+0x936b46]
V  [libjvm.so+0x93885f]
V  [libjvm.so+0x6ad259]  JVM_InvokeMethod+0x119
J 1869  sun.reflect.NativeMethodAccessorImpl.invoke0(Ljava/lang/reflect/Method;Ljava/lang/Object;[Ljava/lang/Object;)Ljava/lang/Object; (0 bytes) @ 0x00007fd8bd1113ad [0x00007fd8bd1112c0+0xed]
J 1868 C1 sun.reflect.NativeMethodAccessorImpl.invoke(Ljava/lang/Object;[Ljava/lang/Object;)Ljava/lang/Object; (104 bytes) @ 0x00007fd8bd118854 [0x00007fd8bd117680+0x11d4]
J 2371 C2 be.iminds.aiolos.proxy.ServiceProxy.invoke(Ljava/lang/Object;Ljava/lang/reflect/Method;[Ljava/lang/Object;)Ljava/lang/Object; (832 bytes) @ 0x00007fd8bd28b414 [0x00007fd8bd28a6c0+0xd54]
j  com.sun.proxy.$Proxy19.accGradParameters()V+9
j  be.iminds.iot.dianne.rnn.learn.strategy.GenerativeAdverserialSequenceLearningStrategy.processIteration(J)Lbe/iminds/iot/dianne/api/nn/learn/LearnProgress;+553
j  be.iminds.iot.dianne.nn.learn.LearnerImpl.lambda$0(Ljava/lang/String;Ljava/util/Map;)V+87
j  be.iminds.iot.dianne.nn.learn.LearnerImpl$$Lambda$79.run()V+12
j  java.lang.Thread.run()V+11
v  ~StubRoutines::call_stub
V  [libjvm.so+0x66161b]
V  [libjvm.so+0x65ec04]
V  [libjvm.so+0x65f1e7]
V  [libjvm.so+0x6a24d4]
V  [libjvm.so+0xa0aa97]
V  [libjvm.so+0xa0af5c]
V  [libjvm.so+0x8b2042]
C  [libpthread.so.0+0x76ba]  start_thread+0xca

Java frames: (J=compiled Java code, j=interpreted, Vv=VM code)
j  be.iminds.iot.dianne.tensor.ModuleOps.linearAccGrad(Lbe/iminds/iot/dianne/tensor/Tensor;Lbe/iminds/iot/dianne/tensor/Tensor;Lbe/iminds/iot/dianne/tensor/Tensor;Lbe/iminds/iot/dianne/tensor/Tensor;Lbe/iminds/iot/dianne/tensor/Tensor;)V+0
j  be.iminds.iot.dianne.nn.module.layer.Linear.accGradParameters()V+20
J 2486 C1 sun.reflect.GeneratedMethodAccessor21.invoke(Ljava/lang/Object;[Ljava/lang/Object;)Ljava/lang/Object; (64 bytes) @ 0x00007fd8bcceb9b4 [0x00007fd8bcceb700+0x2b4]
J 2371 C2 be.iminds.aiolos.proxy.ServiceProxy.invoke(Ljava/lang/Object;Ljava/lang/reflect/Method;[Ljava/lang/Object;)Ljava/lang/Object; (832 bytes) @ 0x00007fd8bd28b414 [0x00007fd8bd28a6c0+0xd54]
j  com.sun.proxy.$Proxy13.accGradParameters()V+9
j  be.iminds.iot.dianne.nn.module.composite.CompositeModule.lambda$2(Ljava/util/Map$Entry;)V+9
j  be.iminds.iot.dianne.nn.module.composite.CompositeModule$$Lambda$111.accept(Ljava/lang/Object;)V+4
J 2318 C1 java.util.HashMap$EntrySet.forEach(Ljava/util/function/Consumer;)V (107 bytes) @ 0x00007fd8bcb0132c [0x00007fd8bcb01120+0x20c]
j  be.iminds.iot.dianne.nn.module.composite.CompositeModule.accGradParameters()V+19
J 2486 C1 sun.reflect.GeneratedMethodAccessor21.invoke(Ljava/lang/Object;[Ljava/lang/Object;)Ljava/lang/Object; (64 bytes) @ 0x00007fd8bcceb9b4 [0x00007fd8bcceb700+0x2b4]
J 2371 C2 be.iminds.aiolos.proxy.ServiceProxy.invoke(Ljava/lang/Object;Ljava/lang/reflect/Method;[Ljava/lang/Object;)Ljava/lang/Object; (832 bytes) @ 0x00007fd8bd28b414 [0x00007fd8bd28a6c0+0xd54]
j  com.sun.proxy.$Proxy20.accGradParameters()V+9
j  be.iminds.iot.dianne.nn.NeuralNetworkWrapper$$Lambda$119.accept(Ljava/lang/Object;)V+4
J 2553 C2 java.util.HashMap$ValueSpliterator.forEachRemaining(Ljava/util/function/Consumer;)V (186 bytes) @ 0x00007fd8bcc28148 [0x00007fd8bcc27ee0+0x268]
J 2376 C1 java.util.stream.ReferencePipeline$Head.forEach(Ljava/util/function/Consumer;)V (26 bytes) @ 0x00007fd8bd26e574 [0x00007fd8bd26dfc0+0x5b4]
j  be.iminds.iot.dianne.nn.NeuralNetworkWrapper.accGradParameters()V+36
v  ~StubRoutines::call_stub
J 1869  sun.reflect.NativeMethodAccessorImpl.invoke0(Ljava/lang/reflect/Method;Ljava/lang/Object;[Ljava/lang/Object;)Ljava/lang/Object; (0 bytes) @ 0x00007fd8bd111337 [0x00007fd8bd1112c0+0x77]
J 1868 C1 sun.reflect.NativeMethodAccessorImpl.invoke(Ljava/lang/Object;[Ljava/lang/Object;)Ljava/lang/Object; (104 bytes) @ 0x00007fd8bd118854 [0x00007fd8bd117680+0x11d4]
J 2371 C2 be.iminds.aiolos.proxy.ServiceProxy.invoke(Ljava/lang/Object;Ljava/lang/reflect/Method;[Ljava/lang/Object;)Ljava/lang/Object; (832 bytes) @ 0x00007fd8bd28b414 [0x00007fd8bd28a6c0+0xd54]
j  com.sun.proxy.$Proxy19.accGradParameters()V+9
j  be.iminds.iot.dianne.rnn.learn.strategy.GenerativeAdverserialSequenceLearningStrategy.processIteration(J)Lbe/iminds/iot/dianne/api/nn/learn/LearnProgress;+553
j  be.iminds.iot.dianne.nn.learn.LearnerImpl.lambda$0(Ljava/lang/String;Ljava/util/Map;)V+87
j  be.iminds.iot.dianne.nn.learn.LearnerImpl$$Lambda$79.run()V+12
j  java.lang.Thread.run()V+11
v  ~StubRoutines::call_stub

---------------  P R O C E S S  ---------------

Java Threads: ( => current thread )
  0x00007fd7ac066000 JavaThread "pool-8-thread-9" [_thread_blocked, id=11197, stack(0x00007fd7a39fa000,0x00007fd7a3afb000)]
  0x00007fd7b0012000 JavaThread "pool-9-thread-1" [_thread_blocked, id=11196, stack(0x00007fd7a3afb000,0x00007fd7a3bfc000)]
  0x00007fd7a400f800 JavaThread "pool-8-thread-8" [_thread_blocked, id=11195, stack(0x00007fd7a3bfc000,0x00007fd7a3cfd000)]
  0x00007fd7b000d000 JavaThread "pool-8-thread-5" [_thread_blocked, id=11194, stack(0x00007fd7a3cfd000,0x00007fd7a3dfe000)]
  0x00007fd7a8002000 JavaThread "pool-8-thread-7" [_thread_blocked, id=11193, stack(0x00007fd7a3dfe000,0x00007fd7a3eff000)]
  0x00007fd7a400d800 JavaThread "pool-8-thread-6" [_thread_blocked, id=11192, stack(0x00007fd7a3eff000,0x00007fd7a4000000)]
  0x00007fd7a400c800 JavaThread "pool-8-thread-4" [_thread_blocked, id=11191, stack(0x00007fd7e00cd000,0x00007fd7e01ce000)]
  0x00007fd7ac004800 JavaThread "pool-8-thread-3" [_thread_blocked, id=11190, stack(0x00007fd7e01ce000,0x00007fd7e02cf000)]
  0x00007fd7ac002800 JavaThread "pool-8-thread-2" [_thread_blocked, id=11189, stack(0x00007fd7e02cf000,0x00007fd7e03d0000)]
  0x00007fd7b8154800 JavaThread "pool-8-thread-1" [_thread_blocked, id=11188, stack(0x00007fd7e03d0000,0x00007fd7e04d1000)]
=>0x00007fd7bc324000 JavaThread "Thread-32" [_thread_in_native, id=11187, stack(0x00007fd7e04d1000,0x00007fd7e05d2000)]
  0x00007fd7bc2f9800 JavaThread "pool-4-thread-1" [_thread_blocked, id=11186, stack(0x00007fd7e05d2000,0x00007fd7e06d3000)]
  0x00007fd81c001000 JavaThread "Thread-31" daemon [_thread_blocked, id=11185, stack(0x00007fd7e06d3000,0x00007fd7e07d4000)]
  0x00007fd830279800 JavaThread "pool-5-thread-1" [_thread_blocked, id=11184, stack(0x00007fd7e07d4000,0x00007fd7e08d5000)]
  0x00007fd7fc001800 JavaThread "Thread-30" daemon [_thread_blocked, id=11183, stack(0x00007fd7e08d5000,0x00007fd7e09d6000)]
  0x00007fd7d8ee7800 JavaThread "Thread-29" [_thread_in_native, id=11179, stack(0x00007fd7e0bd6000,0x00007fd7e0cd7000)]
  0x00007fd7d8ea2000 JavaThread "Java2D Disposer" daemon [_thread_blocked, id=11178, stack(0x00007fd7e8093000,0x00007fd7e8194000)]
  0x00007fd804015800 JavaThread "Thread-28" daemon [_thread_blocked, id=11177, stack(0x00007fd8b0baa000,0x00007fd8b0cab000)]
  0x00007fd8cd9cb800 JavaThread "process reaper" daemon [_thread_blocked, id=11172, stack(0x00007fd8b0eab000,0x00007fd8b0ee4000)]
  0x00007fd8cd967000 JavaThread "pool-2-thread-1" [_thread_blocked, id=11170, stack(0x00007fd8b0ee5000,0x00007fd8b0fe6000)]
  0x00007fd8cd8b0000 JavaThread "Thread-26" [_thread_blocked, id=11169, stack(0x00007fd8b0fe6000,0x00007fd8b10e7000)]
  0x00007fd8cd85e800 JavaThread "Thread-25" daemon [_thread_in_native, id=11168, stack(0x00007fd8b10e7000,0x00007fd8b11e8000)]
  0x00007fd8cd415800 JavaThread "SCR Component Actor" daemon [_thread_blocked, id=11167, stack(0x00007fd8b13e8000,0x00007fd8b14e9000)]
  0x00007fd8cd2da800 JavaThread "Thread-24" daemon [_thread_blocked, id=11166, stack(0x00007fd8b14e9000,0x00007fd8b15ea000)]
  0x00007fd8cd2da000 JavaThread "Thread-23" daemon [_thread_blocked, id=11165, stack(0x00007fd8b15ea000,0x00007fd8b16eb000)]
  0x00007fd818003000 JavaThread "Thread-22" daemon [_thread_blocked, id=11164, stack(0x00007fd8b16eb000,0x00007fd8b17ec000)]
  0x00007fd818001000 JavaThread "Thread-21" daemon [_thread_blocked, id=11163, stack(0x00007fd8b17ec000,0x00007fd8b18ed000)]
  0x00007fd8cd2c8800 JavaThread "Thread-20" daemon [_thread_blocked, id=11162, stack(0x00007fd8b18ed000,0x00007fd8b19ee000)]
  0x00007fd8cd2b5000 JavaThread "Thread-19" [_thread_blocked, id=11161, stack(0x00007fd8b19ee000,0x00007fd8b1aef000)]
  0x00007fd8cd264000 JavaThread "Thread-18" daemon [_thread_blocked, id=11160, stack(0x00007fd8b1aef000,0x00007fd8b1bf0000)]
  0x00007fd8cd260000 JavaThread "Thread-17" daemon [_thread_blocked, id=11159, stack(0x00007fd8b1cf1000,0x00007fd8b1df2000)]
  0x00007fd8cd254800 JavaThread "Thread-16" daemon [_thread_blocked, id=11158, stack(0x00007fd8b1bf0000,0x00007fd8b1cf1000)]
  0x00007fd8cd23f000 JavaThread "Thread-14" daemon [_thread_blocked, id=11156, stack(0x00007fd8b1df2000,0x00007fd8b1ef3000)]
  0x00007fd8cd22a000 JavaThread "Thread-13" daemon [_thread_blocked, id=11155, stack(0x00007fd8b1ef3000,0x00007fd8b1ff4000)]
  0x00007fd8cd0cc000 JavaThread "Gogo shell" [_thread_in_native, id=11154, stack(0x00007fd8b1ff4000,0x00007fd8b20f5000)]
  0x00007fd8ccf24000 JavaThread "CM Event Dispatcher" daemon [_thread_blocked, id=11153, stack(0x00007fd8b20f5000,0x00007fd8b21f6000)]
  0x00007fd8cce87800 JavaThread "CM Configuration Updater" daemon [_thread_blocked, id=11152, stack(0x00007fd8b21f6000,0x00007fd8b22f7000)]
  0x00007fd8ccc5e000 JavaThread "qtp1822971466-22" [_thread_blocked, id=11151, stack(0x00007fd8b250a000,0x00007fd8b260b000)]
  0x00007fd8ccc5c000 JavaThread "qtp1822971466-21" [_thread_blocked, id=11150, stack(0x00007fd8b260b000,0x00007fd8b270c000)]
  0x00007fd8ccc5a800 JavaThread "qtp1822971466-20" [_thread_blocked, id=11149, stack(0x00007fd8b270c000,0x00007fd8b280d000)]
  0x00007fd8ccc58800 JavaThread "qtp1822971466-19" [_thread_blocked, id=11148, stack(0x00007fd8b280d000,0x00007fd8b290e000)]
  0x00007fd8ccc57000 JavaThread "qtp1822971466-18 Acceptor1 SelectChannelConnector@0.0.0.0:8080" [_thread_blocked, id=11147, stack(0x00007fd8b290e000,0x00007fd8b2a0f000)]
  0x00007fd8ccc55800 JavaThread "qtp1822971466-17 Acceptor0 SelectChannelConnector@0.0.0.0:8080" [_thread_in_native, id=11146, stack(0x00007fd8b2a0f000,0x00007fd8b2b10000)]
  0x00007fd8ccc53800 JavaThread "qtp1822971466-16 Selector0" [_thread_in_native, id=11145, stack(0x00007fd8b2b10000,0x00007fd8b2c11000)]
  0x00007fd8ccc17000 JavaThread "qtp1822971466-15 Selector1" [_thread_in_native, id=11144, stack(0x00007fd8b2c11000,0x00007fd8b2d12000)]
  0x00007fd8ccbf6800 JavaThread "HashSessionScavenger-0" daemon [_thread_blocked, id=11143, stack(0x00007fd8b2d12000,0x00007fd8b2e13000)]
  0x00007fd8cc303800 JavaThread "FrameworkWaiter" [_thread_blocked, id=11141, stack(0x00007fd8b2e8f000,0x00007fd8b2f90000)]
  0x00007fd8cc1e3800 JavaThread "Timer-0" daemon [_thread_blocked, id=11140, stack(0x00007fd8b2f94000,0x00007fd8b3095000)]
  0x00007fd8cc0cd000 JavaThread "Service Thread" daemon [_thread_blocked, id=11138, stack(0x00007fd8b36d4000,0x00007fd8b37d5000)]
  0x00007fd8cc0bf800 JavaThread "C1 CompilerThread3" daemon [_thread_blocked, id=11137, stack(0x00007fd8b37d5000,0x00007fd8b38d6000)]
  0x00007fd8cc0bb000 JavaThread "C2 CompilerThread2" daemon [_thread_blocked, id=11136, stack(0x00007fd8b38d6000,0x00007fd8b39d7000)]
  0x00007fd8cc0b9800 JavaThread "C2 CompilerThread1" daemon [_thread_blocked, id=11135, stack(0x00007fd8b39d7000,0x00007fd8b3ad8000)]
  0x00007fd8cc0b6800 JavaThread "C2 CompilerThread0" daemon [_thread_blocked, id=11134, stack(0x00007fd8b3ad8000,0x00007fd8b3bd9000)]
  0x00007fd8cc0b4800 JavaThread "Signal Dispatcher" daemon [_thread_blocked, id=11133, stack(0x00007fd8b3bd9000,0x00007fd8b3cda000)]
  0x00007fd8cc08c000 JavaThread "Finalizer" daemon [_thread_blocked, id=11132, stack(0x00007fd8b8023000,0x00007fd8b8124000)]
  0x00007fd8cc087800 JavaThread "Reference Handler" daemon [_thread_blocked, id=11131, stack(0x00007fd8b8124000,0x00007fd8b8225000)]
  0x00007fd8cc00a000 JavaThread "main" [_thread_blocked, id=11118, stack(0x00007fd8d301c000,0x00007fd8d311d000)]

Other Threads:
  0x00007fd8cc07f800 VMThread [stack: 0x00007fd8b8225000,0x00007fd8b8326000] [id=11130]
  0x00007fd8cc0cf800 WatcherThread [stack: 0x00007fd8b35d3000,0x00007fd8b36d4000] [id=11139]

VM state:not at safepoint (normal execution)

VM Mutex/Monitor currently owned by a thread: None

Heap:
 PSYoungGen      total 836608K, used 732866K [0x000000076ca00000, 0x00000007bea00000, 0x00000007c0000000)
  eden space 825344K, 88% used [0x000000076ca00000,0x00000007994d81a8,0x000000079f000000)
  from space 11264K, 7% used [0x000000079f000000,0x000000079f0d87e0,0x000000079fb00000)
  to   space 11264K, 0% used [0x00000007bdf00000,0x00000007bdf00000,0x00000007bea00000)
 ParOldGen       total 172032K, used 6741K [0x00000006c5e00000, 0x00000006d0600000, 0x000000076ca00000)
  object space 172032K, 3% used [0x00000006c5e00000,0x00000006c6495788,0x00000006d0600000)
 Metaspace       used 16373K, capacity 18792K, committed 18944K, reserved 1064960K
  class space    used 1879K, capacity 2461K, committed 2560K, reserved 1048576K

Card table byte_map: [0x00007fd8bbe47000,0x00007fd8bc619000] byte_map_base: 0x00007fd8b8818000

Marking Bits: (ParMarkBitMap*) 0x00007fd8d22f2220
 Begin Bits: [0x00007fd8902f0000, 0x00007fd894178000)
 End Bits:   [0x00007fd894178000, 0x00007fd898000000)

Polling page: 0x00007fd8d3144000

CodeCache: size=245760Kb used=8288Kb max_used=8878Kb free=237471Kb
 bounds [0x00007fd8bc9d9000, 0x00007fd8bd299000, 0x00007fd8cb9d9000]
 total_blobs=2705 nmethods=2300 adapters=319
 compilation: enabled

Compilation events (10 events):
Event: 21,455 Thread 0x00007fd8cc0bf800 2561       3       be.iminds.iot.dianne.nn.NeuralNetworkWrapper::backward (292 bytes)
Event: 21,457 Thread 0x00007fd8cc0bf800 nmethod 2561 0x00007fd8bccad1d0 code [0x00007fd8bccad6e0, 0x00007fd8bccb0718]
Event: 21,460 Thread 0x00007fd8cc0bf800 2566       3       be.iminds.iot.dianne.nn.NeuralNetworkWrapper::forward (47 bytes)
Event: 21,460 Thread 0x00007fd8cc0bf800 nmethod 2566 0x00007fd8bcce6690 code [0x00007fd8bcce6840, 0x00007fd8bcce6fc8]
Event: 21,463 Thread 0x00007fd8cc0bf800 2567   !   3       sun.reflect.GeneratedMethodAccessor24::invoke (76 bytes)
Event: 21,464 Thread 0x00007fd8cc0bf800 nmethod 2567 0x00007fd8bcb7a010 code [0x00007fd8bcb7a220, 0x00007fd8bcb7aa78]
Event: 21,464 Thread 0x00007fd8cc0bf800 2568   !   3       sun.reflect.GeneratedMethodAccessor25::invoke (84 bytes)
Event: 21,464 Thread 0x00007fd8cc0bf800 nmethod 2568 0x00007fd8bcd89290 code [0x00007fd8bcd894a0, 0x00007fd8bcd89e18]
Event: 21,465 Thread 0x00007fd8cc0bb000 2569       4       java.util.HashMap$EntrySpliterator::forEachRemaining (183 bytes)
Event: 21,468 Thread 0x00007fd8cc0bb000 nmethod 2569 0x00007fd8bcb79510 code [0x00007fd8bcb796a0, 0x00007fd8bcb79b38]

GC Heap History (10 events):
Event: 1,556 GC heap before
{Heap before GC invocations=7 (full 0):
 PSYoungGen      total 267264K, used 263763K [0x000000076ca00000, 0x000000077d900000, 0x00000007c0000000)
  eden space 258048K, 100% used [0x000000076ca00000,0x000000077c600000,0x000000077c600000)
  from space 9216K, 62% used [0x000000077d000000,0x000000077d594c58,0x000000077d900000)
  to   space 9728K, 0% used [0x000000077c600000,0x000000077c600000,0x000000077cf80000)
 ParOldGen       total 172032K, used 56K [0x00000006c5e00000, 0x00000006d0600000, 0x000000076ca00000)
  object space 172032K, 0% used [0x00000006c5e00000,0x00000006c5e0e000,0x00000006d0600000)
 Metaspace       used 14653K, capacity 16498K, committed 16768K, reserved 1064960K
  class space    used 1659K, capacity 2112K, committed 2176K, reserved 1048576K
Event: 1,561 GC heap after
Heap after GC invocations=7 (full 0):
 PSYoungGen      total 267776K, used 768K [0x000000076ca00000, 0x000000078d700000, 0x00000007c0000000)
  eden space 258048K, 0% used [0x000000076ca00000,0x000000076ca00000,0x000000077c600000)
  from space 9728K, 7% used [0x000000077c600000,0x000000077c6c0020,0x000000077cf80000)
  to   space 10752K, 0% used [0x000000078cc80000,0x000000078cc80000,0x000000078d700000)
 ParOldGen       total 172032K, used 5185K [0x00000006c5e00000, 0x00000006d0600000, 0x000000076ca00000)
  object space 172032K, 3% used [0x00000006c5e00000,0x00000006c63105a8,0x00000006d0600000)
 Metaspace       used 14653K, capacity 16498K, committed 16768K, reserved 1064960K
  class space    used 1659K, capacity 2112K, committed 2176K, reserved 1048576K
}
Event: 1,606 GC heap before
{Heap before GC invocations=8 (full 0):
 PSYoungGen      total 267776K, used 258816K [0x000000076ca00000, 0x000000078d700000, 0x00000007c0000000)
  eden space 258048K, 100% used [0x000000076ca00000,0x000000077c600000,0x000000077c600000)
  from space 9728K, 7% used [0x000000077c600000,0x000000077c6c0020,0x000000077cf80000)
  to   space 10752K, 0% used [0x000000078cc80000,0x000000078cc80000,0x000000078d700000)
 ParOldGen       total 172032K, used 5185K [0x00000006c5e00000, 0x00000006d0600000, 0x000000076ca00000)
  object space 172032K, 3% used [0x00000006c5e00000,0x00000006c63105a8,0x00000006d0600000)
 Metaspace       used 14661K, capacity 16498K, committed 16768K, reserved 1064960K
  class space    used 1659K, capacity 2112K, committed 2176K, reserved 1048576K
Event: 1,615 GC heap after
Heap after GC invocations=8 (full 0):
 PSYoungGen      total 526336K, used 670K [0x000000076ca00000, 0x000000078d800000, 0x00000007c0000000)
  eden space 515584K, 0% used [0x000000076ca00000,0x000000076ca00000,0x000000078c180000)
  from space 10752K, 6% used [0x000000078cc80000,0x000000078cd27b00,0x000000078d700000)
  to   space 11264K, 0% used [0x000000078c180000,0x000000078c180000,0x000000078cc80000)
 ParOldGen       total 172032K, used 5504K [0x00000006c5e00000, 0x00000006d0600000, 0x000000076ca00000)
  object space 172032K, 3% used [0x00000006c5e00000,0x00000006c6360010,0x00000006d0600000)
 Metaspace       used 14661K, capacity 16498K, committed 16768K, reserved 1064960K
  class space    used 1659K, capacity 2112K, committed 2176K, reserved 1048576K
}
Event: 1,688 GC heap before
{Heap before GC invocations=9 (full 0):
 PSYoungGen      total 526336K, used 516254K [0x000000076ca00000, 0x000000078d800000, 0x00000007c0000000)
  eden space 515584K, 100% used [0x000000076ca00000,0x000000078c180000,0x000000078c180000)
  from space 10752K, 6% used [0x000000078cc80000,0x000000078cd27b00,0x000000078d700000)
  to   space 11264K, 0% used [0x000000078c180000,0x000000078c180000,0x000000078cc80000)
 ParOldGen       total 172032K, used 5504K [0x00000006c5e00000, 0x00000006d0600000, 0x000000076ca00000)
  object space 172032K, 3% used [0x00000006c5e00000,0x00000006c6360010,0x00000006d0600000)
 Metaspace       used 14664K, capacity 16498K, committed 16768K, reserved 1064960K
  class space    used 1659K, capacity 2112K, committed 2176K, reserved 1048576K
Event: 1,689 GC heap after
Heap after GC invocations=9 (full 0):
 PSYoungGen      total 526848K, used 862K [0x000000076ca00000, 0x00000007a0600000, 0x00000007c0000000)
  eden space 515584K, 0% used [0x000000076ca00000,0x000000076ca00000,0x000000078c180000)
  from space 11264K, 7% used [0x000000078c180000,0x000000078c257b20,0x000000078cc80000)
  to   space 11264K, 0% used [0x000000079fb00000,0x000000079fb00000,0x00000007a0600000)
 ParOldGen       total 172032K, used 5613K [0x00000006c5e00000, 0x00000006d0600000, 0x000000076ca00000)
  object space 172032K, 3% used [0x00000006c5e00000,0x00000006c637b6a8,0x00000006d0600000)
 Metaspace       used 14664K, capacity 16498K, committed 16768K, reserved 1064960K
  class space    used 1659K, capacity 2112K, committed 2176K, reserved 1048576K
}
Event: 1,766 GC heap before
{Heap before GC invocations=10 (full 0):
 PSYoungGen      total 526848K, used 516446K [0x000000076ca00000, 0x00000007a0600000, 0x00000007c0000000)
  eden space 515584K, 100% used [0x000000076ca00000,0x000000078c180000,0x000000078c180000)
  from space 11264K, 7% used [0x000000078c180000,0x000000078c257b20,0x000000078cc80000)
  to   space 11264K, 0% used [0x000000079fb00000,0x000000079fb00000,0x00000007a0600000)
 ParOldGen       total 172032K, used 5613K [0x00000006c5e00000, 0x00000006d0600000, 0x000000076ca00000)
  object space 172032K, 3% used [0x00000006c5e00000,0x00000006c637b6a8,0x00000006d0600000)
 Metaspace       used 14684K, capacity 16506K, committed 16768K, reserved 1064960K
  class space    used 1661K, capacity 2115K, committed 2176K, reserved 1048576K
Event: 1,768 GC heap after
Heap after GC invocations=10 (full 0):
 PSYoungGen      total 836608K, used 918K [0x000000076ca00000, 0x00000007a0600000, 0x00000007c0000000)
  eden space 825344K, 0% used [0x000000076ca00000,0x000000076ca00000,0x000000079f000000)
  from space 11264K, 8% used [0x000000079fb00000,0x000000079fbe58d8,0x00000007a0600000)
  to   space 11264K, 0% used [0x000000079f000000,0x000000079f000000,0x000000079fb00000)
 ParOldGen       total 172032K, used 6067K [0x00000006c5e00000, 0x00000006d0600000, 0x000000076ca00000)
  object space 172032K, 3% used [0x00000006c5e00000,0x00000006c63ecc88,0x00000006d0600000)
 Metaspace       used 14684K, capacity 16506K, committed 16768K, reserved 1064960K
  class space    used 1661K, capacity 2115K, committed 2176K, reserved 1048576K
}
Event: 1,900 GC heap before
{Heap before GC invocations=11 (full 0):
 PSYoungGen      total 836608K, used 826262K [0x000000076ca00000, 0x00000007a0600000, 0x00000007c0000000)
  eden space 825344K, 100% used [0x000000076ca00000,0x000000079f000000,0x000000079f000000)
  from space 11264K, 8% used [0x000000079fb00000,0x000000079fbe58d8,0x00000007a0600000)
  to   space 11264K, 0% used [0x000000079f000000,0x000000079f000000,0x000000079fb00000)
 ParOldGen       total 172032K, used 6067K [0x00000006c5e00000, 0x00000006d0600000, 0x000000076ca00000)
  object space 172032K, 3% used [0x00000006c5e00000,0x00000006c63ecc88,0x00000006d0600000)
 Metaspace       used 14719K, capacity 16544K, committed 16768K, reserved 1064960K
  class space    used 1664K, capacity 2148K, committed 2176K, reserved 1048576K
Event: 1,902 GC heap after
Heap after GC invocations=11 (full 0):
 PSYoungGen      total 836608K, used 865K [0x000000076ca00000, 0x00000007bea00000, 0x00000007c0000000)
  eden space 825344K, 0% used [0x000000076ca00000,0x000000076ca00000,0x000000079f000000)
  from space 11264K, 7% used [0x000000079f000000,0x000000079f0d87e0,0x000000079fb00000)
  to   space 11264K, 0% used [0x00000007bdf00000,0x00000007bdf00000,0x00000007bea00000)
 ParOldGen       total 172032K, used 6741K [0x00000006c5e00000, 0x00000006d0600000, 0x000000076ca00000)
  object space 172032K, 3% used [0x00000006c5e00000,0x00000006c6495788,0x00000006d0600000)
 Metaspace       used 14719K, capacity 16544K, committed 16768K, reserved 1064960K
  class space    used 1664K, capacity 2148K, committed 2176K, reserved 1048576K
}

Deoptimization events (10 events):
Event: 20,571 Thread 0x00007fd830279800 Uncommon trap: reason=bimorphic action=maybe_recompile pc=0x00007fd8bd10d3e4 method=java.util.HashMap.putVal(ILjava/lang/Object;Ljava/lang/Object;ZZ)Ljava/lang/Object; @ 203
Event: 20,577 Thread 0x00007fd830279800 Uncommon trap: reason=bimorphic action=maybe_recompile pc=0x00007fd8bd10d3e4 method=java.util.HashMap.putVal(ILjava/lang/Object;Ljava/lang/Object;ZZ)Ljava/lang/Object; @ 203
Event: 20,837 Thread 0x00007fd830279800 Uncommon trap: reason=unstable_if action=reinterpret pc=0x00007fd8bd1e8f64 method=java.io.BufferedOutputStream.write(I)V @ 9
Event: 20,908 Thread 0x00007fd830279800 Uncommon trap: reason=unstable_if action=reinterpret pc=0x00007fd8bd1e65ac method=be.iminds.iot.dianne.repository.file.DianneFileRepository.store(Ljava/util/UUID;Lbe/iminds/iot/dianne/tensor/Tensor;[Ljava/lang/String;)V @ 117
Event: 21,181 Thread 0x00007fd7b0012000 Uncommon trap: reason=unstable_if action=reinterpret pc=0x00007fd8bd26d108 method=java.util.concurrent.locks.AbstractQueuedSynchronizer.doReleaseShared()V @ 69
Event: 21,359 Thread 0x00007fd7ac066000 Uncommon trap: reason=predicate action=maybe_recompile pc=0x00007fd8bcbf49f8 method=java.util.AbstractCollection.toArray([Ljava/lang/Object;)[Ljava/lang/Object; @ 49
Event: 21,372 Thread 0x00007fd7a400c800 Uncommon trap: reason=array_check action=maybe_recompile pc=0x00007fd8bccff570 method=java.util.AbstractCollection.toArray([Ljava/lang/Object;)[Ljava/lang/Object; @ 119
Event: 21,372 Thread 0x00007fd7a400d800 Uncommon trap: reason=array_check action=maybe_recompile pc=0x00007fd8bccff570 method=java.util.AbstractCollection.toArray([Ljava/lang/Object;)[Ljava/lang/Object; @ 119
Event: 21,372 Thread 0x00007fd7a400f800 Uncommon trap: reason=array_check action=maybe_recompile pc=0x00007fd8bccff570 method=java.util.AbstractCollection.toArray([Ljava/lang/Object;)[Ljava/lang/Object; @ 119
Event: 21,372 Thread 0x00007fd7a400d800 Uncommon trap: reason=array_check action=maybe_recompile pc=0x00007fd8bccff570 method=java.util.AbstractCollection.toArray([Ljava/lang/Object;)[Ljava/lang/Object; @ 119

Internal exceptions (10 events):
Event: 20,718 Thread 0x00007fd830279800 Exception <a 'java/lang/reflect/InvocationTargetException'> (0x000000079450e768) thrown at [/build/openjdk-8-YiEakL/openjdk-8-8u121-b13/src/hotspot/src/share/vm/runtime/reflection.cpp, line 1092]
Event: 20,718 Thread 0x00007fd830279800 Exception <a 'java/lang/reflect/InvocationTargetException'> (0x0000000794518560) thrown at [/build/openjdk-8-YiEakL/openjdk-8-8u121-b13/src/hotspot/src/share/vm/runtime/reflection.cpp, line 1092]
Event: 20,767 Thread 0x00007fd830279800 Exception <a 'java/lang/reflect/InvocationTargetException'> (0x00000007957c5808) thrown at [/build/openjdk-8-YiEakL/openjdk-8-8u121-b13/src/hotspot/src/share/vm/runtime/reflection.cpp, line 1092]
Event: 20,774 Thread 0x00007fd830279800 Exception <a 'java/lang/reflect/InvocationTargetException'> (0x0000000795b0fb00) thrown at [/build/openjdk-8-YiEakL/openjdk-8-8u121-b13/src/hotspot/src/share/vm/runtime/reflection.cpp, line 1092]
Event: 20,799 Thread 0x00007fd830279800 Exception <a 'java/lang/reflect/InvocationTargetException'> (0x00000007966a9d50) thrown at [/build/openjdk-8-YiEakL/openjdk-8-8u121-b13/src/hotspot/src/share/vm/runtime/reflection.cpp, line 1092]
Event: 20,803 Thread 0x00007fd830279800 Exception <a 'java/lang/reflect/InvocationTargetException'> (0x000000079688cca8) thrown at [/build/openjdk-8-YiEakL/openjdk-8-8u121-b13/src/hotspot/src/share/vm/runtime/reflection.cpp, line 1092]
Event: 20,829 Thread 0x00007fd830279800 Exception <a 'java/lang/reflect/InvocationTargetException'> (0x000000079738b860) thrown at [/build/openjdk-8-YiEakL/openjdk-8-8u121-b13/src/hotspot/src/share/vm/runtime/reflection.cpp, line 1092]
Event: 20,829 Thread 0x00007fd830279800 Exception <a 'java/lang/reflect/InvocationTargetException'> (0x000000079738ba90) thrown at [/build/openjdk-8-YiEakL/openjdk-8-8u121-b13/src/hotspot/src/share/vm/runtime/reflection.cpp, line 1092]
Event: 21,481 Thread 0x00007fd7bc324000 Exception <a 'java/lang/Exception': out of range at /home/jens/Documents/Git/dianne/be.iminds.iot.dianne.tensor.native/jni/cutorch/cutorch/lib/THC/generic/THCTensor.c:405> (0x0000000799343cc8) thrown at [/build/openjdk-8-YiEakL/openjdk-8-8u121-b13/src/hot
Event: 21,481 Thread 0x00007fd7bc324000 Exception <a 'java/lang/Exception': out of range at /home/jens/Documents/Git/dianne/be.iminds.iot.dianne.tensor.native/jni/cutorch/cutorch/lib/THC/generic/THCTensor.c:406> (0x0000000799344008) thrown at [/build/openjdk-8-YiEakL/openjdk-8-8u121-b13/src/hot

Events (10 events):
Event: 21,372 Thread 0x00007fd7a400f800 DEOPT UNPACKING pc=0x00007fd8bc9ddf69 sp=0x00007fd7a3cfb498 mode 2
Event: 21,372 Thread 0x00007fd7a400d800 Uncommon trap: trap_request=0xffffffd6 fr.pc=0x00007fd8bccff570
Event: 21,372 Thread 0x00007fd7a400d800 DEOPT PACKING pc=0x00007fd8bccff570 sp=0x00007fd7a3ffe4e0
Event: 21,372 Thread 0x00007fd7a400d800 DEOPT UNPACKING pc=0x00007fd8bc9ddf69 sp=0x00007fd7a3ffe498 mode 2
Event: 21,418 loading class be/iminds/iot/dianne/tensor/Tensor
Event: 21,418 loading class be/iminds/iot/dianne/tensor/Tensor done
Event: 21,418 loading class be/iminds/iot/dianne/tensor/Tensor
Event: 21,418 loading class be/iminds/iot/dianne/tensor/Tensor done
Event: 21,431 Thread 0x00007fd7a400c800 DEOPT PACKING pc=0x00007fd8bd255fd1 sp=0x00007fd7e01cbec0
Event: 21,431 Thread 0x00007fd7a400c800 DEOPT UNPACKING pc=0x00007fd8bca20373 sp=0x00007fd7e01cbc08 mode 0


Dynamic libraries:
00400000-00401000 r-xp 00000000 08:15 4069687                            /usr/lib/jvm/java-8-openjdk-amd64/jre/bin/java
00600000-00601000 r--p 00000000 08:15 4069687                            /usr/lib/jvm/java-8-openjdk-amd64/jre/bin/java
00601000-00602000 rw-p 00001000 08:15 4069687                            /usr/lib/jvm/java-8-openjdk-amd64/jre/bin/java
01754000-01796000 rw-p 00000000 00:00 0                                  [heap]
200000000-400000000 ---p 00000000 00:00 0 
6c5e00000-6d0600000 rw-p 00000000 00:00 0 
6d0600000-76ca00000 ---p 00000000 00:00 0 
76ca00000-7bea00000 rw-p 00000000 00:00 0 
7bea00000-7c0000000 ---p 00000000 00:00 0 
7c0000000-7c0280000 rw-p 00000000 00:00 0 
7c0280000-800000000 ---p 00000000 00:00 0 
800000000-800100000 rw-s 2e2000000 00:06 538                             /dev/nvidiactl
800100000-800104000 rw-s 34205f000 00:06 538                             /dev/nvidiactl
800104000-800120000 ---p 00000000 00:00 0 
800120000-800520000 rw-s 4070d4000 00:06 538                             /dev/nvidiactl
800520000-800524000 rw-s 2e794d000 00:06 538                             /dev/nvidiactl
800524000-800540000 ---p 00000000 00:00 0 
800540000-800940000 rw-s 4072bc000 00:06 538                             /dev/nvidiactl
800940000-800a40000 rw-s 3847c5000 00:06 538                             /dev/nvidiactl
800a40000-800b40000 rw-s 407351000 00:06 538                             /dev/nvidiactl
800b40000-800c40000 rw-s 3782f1000 00:06 538                             /dev/nvidiactl
800c40000-800d40000 rw-s d8b21000 00:06 538                              /dev/nvidiactl
800d40000-800e40000 rw-s d865a000 00:06 538                              /dev/nvidiactl
800e40000-800ec2000 rw-s bb03d000 00:06 538                              /dev/nvidiactl
800ec2000-d00000000 ---p 00000000 00:00 0 
7fd7a39fa000-7fd7a39fd000 ---p 00000000 00:00 0 
7fd7a39fd000-7fd7a3afb000 rw-p 00000000 00:00 0 
7fd7a3afb000-7fd7a3afe000 ---p 00000000 00:00 0 
7fd7a3afe000-7fd7a3bfc000 rw-p 00000000 00:00 0 
7fd7a3bfc000-7fd7a3bff000 ---p 00000000 00:00 0 
7fd7a3bff000-7fd7a3cfd000 rw-p 00000000 00:00 0 
7fd7a3cfd000-7fd7a3d00000 ---p 00000000 00:00 0 
7fd7a3d00000-7fd7a3dfe000 rw-p 00000000 00:00 0 
7fd7a3dfe000-7fd7a3e01000 ---p 00000000 00:00 0 
7fd7a3e01000-7fd7a3eff000 rw-p 00000000 00:00 0 
7fd7a3eff000-7fd7a3f02000 ---p 00000000 00:00 0 
7fd7a3f02000-7fd7a4000000 rw-p 00000000 00:00 0 
7fd7a4000000-7fd7a402a000 rw-p 00000000 00:00 0 
7fd7a402a000-7fd7a8000000 ---p 00000000 00:00 0 
7fd7a8000000-7fd7a8027000 rw-p 00000000 00:00 0 
7fd7a8027000-7fd7ac000000 ---p 00000000 00:00 0 
7fd7ac000000-7fd7ac076000 rw-p 00000000 00:00 0 
7fd7ac076000-7fd7b0000000 ---p 00000000 00:00 0 
7fd7b0000000-7fd7b0026000 rw-p 00000000 00:00 0 
7fd7b0026000-7fd7b4000000 ---p 00000000 00:00 0 
7fd7b4000000-7fd7b4021000 rw-p 00000000 00:00 0 
7fd7b4021000-7fd7b8000000 ---p 00000000 00:00 0 
7fd7b8000000-7fd7b8236000 rw-p 00000000 00:00 0 
7fd7b8236000-7fd7bc000000 ---p 00000000 00:00 0 
7fd7bc000000-7fd7bc701000 rw-p 00000000 00:00 0 
7fd7bc701000-7fd7c0000000 ---p 00000000 00:00 0 
7fd7c0000000-7fd7c0021000 rw-p 00000000 00:00 0 
7fd7c0021000-7fd7c4000000 ---p 00000000 00:00 0 
7fd7c4000000-7fd7c4021000 rw-p 00000000 00:00 0 
7fd7c4021000-7fd7c8000000 ---p 00000000 00:00 0 
7fd7c8000000-7fd7c8021000 rw-p 00000000 00:00 0 
7fd7c8021000-7fd7cc000000 ---p 00000000 00:00 0 
7fd7cc000000-7fd7cc021000 rw-p 00000000 00:00 0 
7fd7cc021000-7fd7d0000000 ---p 00000000 00:00 0 
7fd7d0000000-7fd7d0021000 rw-p 00000000 00:00 0 
7fd7d0021000-7fd7d4000000 ---p 00000000 00:00 0 
7fd7d4000000-7fd7d8f10000 rw-p 00000000 00:00 0 
7fd7d8f10000-7fd7dc000000 ---p 00000000 00:00 0 
7fd7dc000000-7fd7dc021000 rw-p 00000000 00:00 0 
7fd7dc021000-7fd7e0000000 ---p 00000000 00:00 0 
7fd7e00cd000-7fd7e00d0000 ---p 00000000 00:00 0 
7fd7e00d0000-7fd7e01ce000 rw-p 00000000 00:00 0 
7fd7e01ce000-7fd7e01d1000 ---p 00000000 00:00 0 
7fd7e01d1000-7fd7e02cf000 rw-p 00000000 00:00 0 
7fd7e02cf000-7fd7e02d2000 ---p 00000000 00:00 0 
7fd7e02d2000-7fd7e03d0000 rw-p 00000000 00:00 0 
7fd7e03d0000-7fd7e03d3000 ---p 00000000 00:00 0 
7fd7e03d3000-7fd7e04d1000 rw-p 00000000 00:00 0 
7fd7e04d1000-7fd7e04d4000 ---p 00000000 00:00 0 
7fd7e04d4000-7fd7e05d2000 rw-p 00000000 00:00 0 
7fd7e05d2000-7fd7e05d5000 ---p 00000000 00:00 0 
7fd7e05d5000-7fd7e06d3000 rw-p 00000000 00:00 0 
7fd7e06d3000-7fd7e06d6000 ---p 00000000 00:00 0 
7fd7e06d6000-7fd7e07d4000 rw-p 00000000 00:00 0 
7fd7e07d4000-7fd7e07d7000 ---p 00000000 00:00 0 
7fd7e07d7000-7fd7e08d5000 rw-p 00000000 00:00 0 
7fd7e08d5000-7fd7e08d8000 ---p 00000000 00:00 0 
7fd7e08d8000-7fd7e0bd6000 rw-p 00000000 00:00 0 
7fd7e0bd6000-7fd7e0bd9000 ---p 00000000 00:00 0 
7fd7e0bd9000-7fd7e0cd7000 rw-p 00000000 00:00 0 
7fd7e0cd7000-7fd7e0d2e000 r-xp 00000000 08:15 2368299                    /usr/lib/x86_64-linux-gnu/libjpeg.so.8.0.2
7fd7e0d2e000-7fd7e0f2e000 ---p 00057000 08:15 2368299                    /usr/lib/x86_64-linux-gnu/libjpeg.so.8.0.2
7fd7e0f2e000-7fd7e0f2f000 r--p 00057000 08:15 2368299                    /usr/lib/x86_64-linux-gnu/libjpeg.so.8.0.2
7fd7e0f2f000-7fd7e0f30000 rw-p 00058000 08:15 2368299                    /usr/lib/x86_64-linux-gnu/libjpeg.so.8.0.2
7fd7e0f30000-7fd7e0f3a000 r-xp 00000000 08:15 3283078                    /usr/lib/jvm/java-8-openjdk-amd64/jre/lib/amd64/libjavajpeg.so
7fd7e0f3a000-7fd7e1139000 ---p 0000a000 08:15 3283078                    /usr/lib/jvm/java-8-openjdk-amd64/jre/lib/amd64/libjavajpeg.so
7fd7e1139000-7fd7e113a000 r--p 00009000 08:15 3283078                    /usr/lib/jvm/java-8-openjdk-amd64/jre/lib/amd64/libjavajpeg.so
7fd7e113a000-7fd7e113b000 rw-p 0000a000 08:15 3283078                    /usr/lib/jvm/java-8-openjdk-amd64/jre/lib/amd64/libjavajpeg.so
7fd7e113b000-7fd7e1140000 r-xp 00000000 08:15 2367576                    /usr/lib/x86_64-linux-gnu/libXdmcp.so.6.0.0
7fd7e1140000-7fd7e133f000 ---p 00005000 08:15 2367576                    /usr/lib/x86_64-linux-gnu/libXdmcp.so.6.0.0
7fd7e133f000-7fd7e1340000 r--p 00004000 08:15 2367576                    /usr/lib/x86_64-linux-gnu/libXdmcp.so.6.0.0
7fd7e1340000-7fd7e1341000 rw-p 00005000 08:15 2367576                    /usr/lib/x86_64-linux-gnu/libXdmcp.so.6.0.0
7fd7e1341000-7fd7e1343000 r-xp 00000000 08:15 2367565                    /usr/lib/x86_64-linux-gnu/libXau.so.6.0.0
7fd7e1343000-7fd7e1543000 ---p 00002000 08:15 2367565                    /usr/lib/x86_64-linux-gnu/libXau.so.6.0.0
7fd7e1543000-7fd7e1544000 r--p 00002000 08:15 2367565                    /usr/lib/x86_64-linux-gnu/libXau.so.6.0.0
7fd7e1544000-7fd7e1545000 rw-p 00003000 08:15 2367565                    /usr/lib/x86_64-linux-gnu/libXau.so.6.0.0
7fd7e1545000-7fd7e1566000 r-xp 00000000 08:15 2368943                    /usr/lib/x86_64-linux-gnu/libxcb.so.1.1.0
7fd7e1566000-7fd7e1765000 ---p 00021000 08:15 2368943                    /usr/lib/x86_64-linux-gnu/libxcb.so.1.1.0
7fd7e1765000-7fd7e1766000 r--p 00020000 08:15 2368943                    /usr/lib/x86_64-linux-gnu/libxcb.so.1.1.0
7fd7e1766000-7fd7e1767000 rw-p 00021000 08:15 2368943                    /usr/lib/x86_64-linux-gnu/libxcb.so.1.1.0
7fd7e1767000-7fd7e1776000 r-xp 00000000 08:15 2367586                    /usr/lib/x86_64-linux-gnu/libXi.so.6.1.0
7fd7e1776000-7fd7e1975000 ---p 0000f000 08:15 2367586                    /usr/lib/x86_64-linux-gnu/libXi.so.6.1.0
7fd7e1975000-7fd7e1976000 r--p 0000e000 08:15 2367586                    /usr/lib/x86_64-linux-gnu/libXi.so.6.1.0
7fd7e1976000-7fd7e1977000 rw-p 0000f000 08:15 2367586                    /usr/lib/x86_64-linux-gnu/libXi.so.6.1.0
7fd7e1977000-7fd7e197c000 r-xp 00000000 08:15 2367604                    /usr/lib/x86_64-linux-gnu/libXtst.so.6.1.0
7fd7e197c000-7fd7e1b7b000 ---p 00005000 08:15 2367604                    /usr/lib/x86_64-linux-gnu/libXtst.so.6.1.0
7fd7e1b7b000-7fd7e1b7c000 r--p 00004000 08:15 2367604                    /usr/lib/x86_64-linux-gnu/libXtst.so.6.1.0
7fd7e1b7c000-7fd7e1b7d000 rw-p 00005000 08:15 2367604                    /usr/lib/x86_64-linux-gnu/libXtst.so.6.1.0
7fd7e1b7d000-7fd7e1b86000 r-xp 00000000 08:15 2367598                    /usr/lib/x86_64-linux-gnu/libXrender.so.1.3.0
7fd7e1b86000-7fd7e1d85000 ---p 00009000 08:15 2367598                    /usr/lib/x86_64-linux-gnu/libXrender.so.1.3.0
7fd7e1d85000-7fd7e1d86000 r--p 00008000 08:15 2367598                    /usr/lib/x86_64-linux-gnu/libXrender.so.1.3.0
7fd7e1d86000-7fd7e1d87000 rw-p 00009000 08:15 2367598                    /usr/lib/x86_64-linux-gnu/libXrender.so.1.3.0
7fd7e1d87000-7fd7e1ebc000 r-xp 00000000 08:15 2367561                    /usr/lib/x86_64-linux-gnu/libX11.so.6.3.0
7fd7e1ebc000-7fd7e20bc000 ---p 00135000 08:15 2367561                    /usr/lib/x86_64-linux-gnu/libX11.so.6.3.0
7fd7e20bc000-7fd7e20bd000 r--p 00135000 08:15 2367561                    /usr/lib/x86_64-linux-gnu/libX11.so.6.3.0
7fd7e20bd000-7fd7e20c1000 rw-p 00136000 08:15 2367561                    /usr/lib/x86_64-linux-gnu/libX11.so.6.3.0
7fd7e20c1000-7fd7e20d2000 r-xp 00000000 08:15 2367578                    /usr/lib/x86_64-linux-gnu/libXext.so.6.4.0
7fd7e20d2000-7fd7e22d1000 ---p 00011000 08:15 2367578                    /usr/lib/x86_64-linux-gnu/libXext.so.6.4.0
7fd7e22d1000-7fd7e22d2000 r--p 00010000 08:15 2367578                    /usr/lib/x86_64-linux-gnu/libXext.so.6.4.0
7fd7e22d2000-7fd7e22d3000 rw-p 00011000 08:15 2367578                    /usr/lib/x86_64-linux-gnu/libXext.so.6.4.0
7fd7e22d3000-7fd7e2327000 r-xp 00000000 08:15 3283099                    /usr/lib/jvm/java-8-openjdk-amd64/jre/lib/amd64/libawt_xawt.so
7fd7e2327000-7fd7e2527000 ---p 00054000 08:15 3283099                    /usr/lib/jvm/java-8-openjdk-amd64/jre/lib/amd64/libawt_xawt.so
7fd7e2527000-7fd7e2528000 r--p 00054000 08:15 3283099                    /usr/lib/jvm/java-8-openjdk-amd64/jre/lib/amd64/libawt_xawt.so
7fd7e2528000-7fd7e252b000 rw-p 00055000 08:15 3283099                    /usr/lib/jvm/java-8-openjdk-amd64/jre/lib/amd64/libawt_xawt.so
7fd7e252b000-7fd7e252c000 rw-p 00000000 00:00 0 
7fd7e252c000-7fd7e25cc000 r-xp 00000000 08:15 3283102                    /usr/lib/jvm/java-8-openjdk-amd64/jre/lib/amd64/libawt.so
7fd7e25cc000-7fd7e27cc000 ---p 000a0000 08:15 3283102                    /usr/lib/jvm/java-8-openjdk-amd64/jre/lib/amd64/libawt.so
7fd7e27cc000-7fd7e27cd000 r--p 000a0000 08:15 3283102                    /usr/lib/jvm/java-8-openjdk-amd64/jre/lib/amd64/libawt.so
7fd7e27cd000-7fd7e27d8000 rw-p 000a1000 08:15 3283102                    /usr/lib/jvm/java-8-openjdk-amd64/jre/lib/amd64/libawt.so
7fd7e27d8000-7fd7e27fd000 rw-p 00000000 00:00 0 
7fd7e27fd000-7fd7e27fe000 ---p 00000000 00:00 0 
7fd7e27fe000-7fd7e2ffe000 rw-p 00000000 00:00 0 
7fd7e2ffe000-7fd7e2fff000 ---p 00000000 00:00 0 
7fd7e2fff000-7fd7e37ff000 rw-p 00000000 00:00 0 
7fd7e37ff000-7fd7e3800000 ---p 00000000 00:00 0 
7fd7e3800000-7fd7e4000000 rw-p 00000000 00:00 0 
7fd7e4000000-7fd7e42e1000 rw-p 00000000 00:00 0 
7fd7e42e1000-7fd7e8000000 ---p 00000000 00:00 0 
7fd7e8093000-7fd7e8096000 ---p 00000000 00:00 0 
7fd7e8096000-7fd7e8194000 rw-p 00000000 00:00 0 
7fd7e8194000-7fd7e8862000 r-xp 00000000 08:15 2360795                    /usr/lib/x86_64-linux-gnu/libcuda.so.375.39
7fd7e8862000-7fd7e8a61000 ---p 006ce000 08:15 2360795                    /usr/lib/x86_64-linux-gnu/libcuda.so.375.39
7fd7e8a61000-7fd7e8b7d000 rw-p 006cd000 08:15 2360795                    /usr/lib/x86_64-linux-gnu/libcuda.so.375.39
7fd7e8b7d000-7fd7e8b89000 rw-p 00000000 00:00 0 
7fd7e8b89000-7fd7ebd94000 r-xp 00000000 08:15 4457219                    /home/jens/Documents/Git/dianne/tools/generated/fw/default/37/lib/libTensor.so
7fd7ebd94000-7fd7ebf93000 ---p 0320b000 08:15 4457219                    /home/jens/Documents/Git/dianne/tools/generated/fw/default/37/lib/libTensor.so
7fd7ebf93000-7fd7ebfb1000 r--p 0320a000 08:15 4457219                    /home/jens/Documents/Git/dianne/tools/generated/fw/default/37/lib/libTensor.so
7fd7ebfb1000-7fd7ebfdc000 rw-p 03228000 08:15 4457219                    /home/jens/Documents/Git/dianne/tools/generated/fw/default/37/lib/libTensor.so
7fd7ebfdc000-7fd7ec000000 rw-p 00000000 00:00 0 
7fd7ec000000-7fd7ec021000 rw-p 00000000 00:00 0 
7fd7ec021000-7fd7f0000000 ---p 00000000 00:00 0 
7fd7f0000000-7fd7f0021000 rw-p 00000000 00:00 0 
7fd7f0021000-7fd7f4000000 ---p 00000000 00:00 0 
7fd7f4000000-7fd7f402a000 rw-p 00000000 00:00 0 
7fd7f402a000-7fd7f8000000 ---p 00000000 00:00 0 
7fd7f8000000-7fd7f8021000 rw-p 00000000 00:00 0 
7fd7f8021000-7fd7fc000000 ---p 00000000 00:00 0 
7fd7fc000000-7fd7fc021000 rw-p 00000000 00:00 0 
7fd7fc021000-7fd800000000 ---p 00000000 00:00 0 
7fd800000000-7fd800021000 rw-p 00000000 00:00 0 
7fd800021000-7fd804000000 ---p 00000000 00:00 0 
7fd804000000-7fd804021000 rw-p 00000000 00:00 0 
7fd804021000-7fd808000000 ---p 00000000 00:00 0 
7fd808000000-7fd808021000 rw-p 00000000 00:00 0 
7fd808021000-7fd80c000000 ---p 00000000 00:00 0 
7fd80c000000-7fd80c021000 rw-p 00000000 00:00 0 
7fd80c021000-7fd810000000 ---p 00000000 00:00 0 
7fd810000000-7fd810021000 rw-p 00000000 00:00 0 
7fd810021000-7fd814000000 ---p 00000000 00:00 0 
7fd814000000-7fd814021000 rw-p 00000000 00:00 0 
7fd814021000-7fd818000000 ---p 00000000 00:00 0 
7fd818000000-7fd818021000 rw-p 00000000 00:00 0 
7fd818021000-7fd81c000000 ---p 00000000 00:00 0 
7fd81c000000-7fd81c021000 rw-p 00000000 00:00 0 
7fd81c021000-7fd820000000 ---p 00000000 00:00 0 
7fd820000000-7fd820021000 rw-p 00000000 00:00 0 
7fd820021000-7fd824000000 ---p 00000000 00:00 0 
7fd824000000-7fd824021000 rw-p 00000000 00:00 0 
7fd824021000-7fd828000000 ---p 00000000 00:00 0 
7fd828000000-7fd828021000 rw-p 00000000 00:00 0 
7fd828021000-7fd82c000000 ---p 00000000 00:00 0 
7fd82c000000-7fd82c021000 rw-p 00000000 00:00 0 
7fd82c021000-7fd830000000 ---p 00000000 00:00 0 
7fd830000000-7fd830281000 rw-p 00000000 00:00 0 
7fd830281000-7fd834000000 ---p 00000000 00:00 0 
7fd834000000-7fd834021000 rw-p 00000000 00:00 0 
7fd834021000-7fd838000000 ---p 00000000 00:00 0 
7fd838000000-7fd838048000 rw-p 00000000 00:00 0 
7fd838048000-7fd83c000000 ---p 00000000 00:00 0 
7fd83c000000-7fd83c021000 rw-p 00000000 00:00 0 
7fd83c021000-7fd840000000 ---p 00000000 00:00 0 
7fd840000000-7fd840021000 rw-p 00000000 00:00 0 
7fd840021000-7fd844000000 ---p 00000000 00:00 0 
7fd844000000-7fd844021000 rw-p 00000000 00:00 0 
7fd844021000-7fd848000000 ---p 00000000 00:00 0 
7fd848000000-7fd848021000 rw-p 00000000 00:00 0 
7fd848021000-7fd84c000000 ---p 00000000 00:00 0 
7fd84c000000-7fd84c021000 rw-p 00000000 00:00 0 
7fd84c021000-7fd850000000 ---p 00000000 00:00 0 
7fd850000000-7fd850021000 rw-p 00000000 00:00 0 
7fd850021000-7fd854000000 ---p 00000000 00:00 0 
7fd854000000-7fd854021000 rw-p 00000000 00:00 0 
7fd854021000-7fd858000000 ---p 00000000 00:00 0 
7fd858000000-7fd858021000 rw-p 00000000 00:00 0 
7fd858021000-7fd85c000000 ---p 00000000 00:00 0 
7fd85c000000-7fd85c021000 rw-p 00000000 00:00 0 
7fd85c021000-7fd860000000 ---p 00000000 00:00 0 
7fd860000000-7fd860021000 rw-p 00000000 00:00 0 
7fd860021000-7fd864000000 ---p 00000000 00:00 0 
7fd864000000-7fd864021000 rw-p 00000000 00:00 0 
7fd864021000-7fd868000000 ---p 00000000 00:00 0 
7fd868000000-7fd868021000 rw-p 00000000 00:00 0 
7fd868021000-7fd86c000000 ---p 00000000 00:00 0 
7fd86c000000-7fd86cba2000 rw-p 00000000 00:00 0 
7fd86cba2000-7fd870000000 ---p 00000000 00:00 0 
7fd870000000-7fd870950000 rw-p 00000000 00:00 0 
7fd870950000-7fd874000000 ---p 00000000 00:00 0 
7fd874000000-7fd874a94000 rw-p 00000000 00:00 0 
7fd874a94000-7fd878000000 ---p 00000000 00:00 0 
7fd878000000-7fd878832000 rw-p 00000000 00:00 0 
7fd878832000-7fd87c000000 ---p 00000000 00:00 0 
7fd87c000000-7fd87c021000 rw-p 00000000 00:00 0 
7fd87c021000-7fd880000000 ---p 00000000 00:00 0 
7fd880000000-7fd880021000 rw-p 00000000 00:00 0 
7fd880021000-7fd884000000 ---p 00000000 00:00 0 
7fd884000000-7fd884021000 rw-p 00000000 00:00 0 
7fd884021000-7fd888000000 ---p 00000000 00:00 0 
7fd888000000-7fd888021000 rw-p 00000000 00:00 0 
7fd888021000-7fd88c000000 ---p 00000000 00:00 0 
7fd88c000000-7fd88c021000 rw-p 00000000 00:00 0 
7fd88c021000-7fd890000000 ---p 00000000 00:00 0 
7fd8900f0000-7fd898000000 rw-p 00000000 00:00 0 
7fd898000000-7fd898021000 rw-p 00000000 00:00 0 
7fd898021000-7fd89c000000 ---p 00000000 00:00 0 
7fd89c000000-7fd89c021000 rw-p 00000000 00:00 0 
7fd89c021000-7fd8a0000000 ---p 00000000 00:00 0 
7fd8a0000000-7fd8a0021000 rw-p 00000000 00:00 0 
7fd8a0021000-7fd8a4000000 ---p 00000000 00:00 0 
7fd8a4000000-7fd8a4021000 rw-p 00000000 00:00 0 
7fd8a4021000-7fd8a8000000 ---p 00000000 00:00 0 
7fd8a8000000-7fd8a8021000 rw-p 00000000 00:00 0 
7fd8a8021000-7fd8ac000000 ---p 00000000 00:00 0 
7fd8ac000000-7fd8ac021000 rw-p 00000000 00:00 0 
7fd8ac021000-7fd8b0000000 ---p 00000000 00:00 0 
7fd8b0057000-7fd8b0731000 rw-p 00000000 00:00 0 
7fd8b0731000-7fd8b0773000 r-xp 00000000 08:15 4325928                    /usr/lib/nvidia-375/libnvidia-fatbinaryloader.so.375.39
7fd8b0773000-7fd8b0972000 ---p 00042000 08:15 4325928                    /usr/lib/nvidia-375/libnvidia-fatbinaryloader.so.375.39
7fd8b0972000-7fd8b097c000 rw-p 00041000 08:15 4325928                    /usr/lib/nvidia-375/libnvidia-fatbinaryloader.so.375.39
7fd8b097c000-7fd8b097d000 rw-p 00000000 00:00 0 
7fd8b099c000-7fd8b099d000 rw-s efde4000 00:06 539                        /dev/nvidia0
7fd8b099d000-7fd8b099e000 rw-s 3847c3000 00:06 538                       /dev/nvidiactl
7fd8b099e000-7fd8b099f000 rw-s efde4000 00:06 539                        /dev/nvidia0
7fd8b099f000-7fd8b09a0000 rw-s 378463000 00:06 538                       /dev/nvidiactl
7fd8b09a0000-7fd8b09a9000 r-xp 00000000 08:15 3283098                    /usr/lib/jvm/java-8-openjdk-amd64/jre/lib/amd64/libmanagement.so
7fd8b09a9000-7fd8b0ba8000 ---p 00009000 08:15 3283098                    /usr/lib/jvm/java-8-openjdk-amd64/jre/lib/amd64/libmanagement.so
7fd8b0ba8000-7fd8b0ba9000 r--p 00008000 08:15 3283098                    /usr/lib/jvm/java-8-openjdk-amd64/jre/lib/amd64/libmanagement.so
7fd8b0ba9000-7fd8b0baa000 rw-p 00009000 08:15 3283098                    /usr/lib/jvm/java-8-openjdk-amd64/jre/lib/amd64/libmanagement.so
7fd8b0baa000-7fd8b0bad000 ---p 00000000 00:00 0 
7fd8b0bad000-7fd8b0eab000 rw-p 00000000 00:00 0 
7fd8b0eab000-7fd8b0eae000 ---p 00000000 00:00 0 
7fd8b0eae000-7fd8b0ee4000 rw-p 00000000 00:00 0 
7fd8b0ee4000-7fd8b0ee5000 r--p 00000000 00:00 0 
7fd8b0ee5000-7fd8b0ee8000 ---p 00000000 00:00 0 
7fd8b0ee8000-7fd8b0fe6000 rw-p 00000000 00:00 0 
7fd8b0fe6000-7fd8b0fe9000 ---p 00000000 00:00 0 
7fd8b0fe9000-7fd8b10e7000 rw-p 00000000 00:00 0 
7fd8b10e7000-7fd8b10ea000 ---p 00000000 00:00 0 
7fd8b10ea000-7fd8b13e8000 rw-p 00000000 00:00 0 
7fd8b13e8000-7fd8b13eb000 ---p 00000000 00:00 0 
7fd8b13eb000-7fd8b14e9000 rw-p 00000000 00:00 0 
7fd8b14e9000-7fd8b14ec000 ---p 00000000 00:00 0 
7fd8b14ec000-7fd8b15ea000 rw-p 00000000 00:00 0 
7fd8b15ea000-7fd8b15ed000 ---p 00000000 00:00 0 
7fd8b15ed000-7fd8b16eb000 rw-p 00000000 00:00 0 
7fd8b16eb000-7fd8b16ee000 ---p 00000000 00:00 0 
7fd8b16ee000-7fd8b17ec000 rw-p 00000000 00:00 0 
7fd8b17ec000-7fd8b17ef000 ---p 00000000 00:00 0 
7fd8b17ef000-7fd8b18ed000 rw-p 00000000 00:00 0 
7fd8b18ed000-7fd8b18f0000 ---p 00000000 00:00 0 
7fd8b18f0000-7fd8b19ee000 rw-p 00000000 00:00 0 
7fd8b19ee000-7fd8b19f1000 ---p 00000000 00:00 0 
7fd8b19f1000-7fd8b1aef000 rw-p 00000000 00:00 0 
7fd8b1aef000-7fd8b1af2000 ---p 00000000 00:00 0 
7fd8b1af2000-7fd8b1bf0000 rw-p 00000000 00:00 0 
7fd8b1bf0000-7fd8b1bf3000 ---p 00000000 00:00 0 
7fd8b1bf3000-7fd8b1cf1000 rw-p 00000000 00:00 0 
7fd8b1cf1000-7fd8b1cf4000 ---p 00000000 00:00 0 
7fd8b1cf4000-7fd8b1df2000 rw-p 00000000 00:00 0 
7fd8b1df2000-7fd8b1df5000 ---p 00000000 00:00 0 
7fd8b1df5000-7fd8b1ef3000 rw-p 00000000 00:00 0 
7fd8b1ef3000-7fd8b1ef6000 ---p 00000000 00:00 0 
7fd8b1ef6000-7fd8b1ff4000 rw-p 00000000 00:00 0 
7fd8b1ff4000-7fd8b1ff7000 ---p 00000000 00:00 0 
7fd8b1ff7000-7fd8b20f5000 rw-p 00000000 00:00 0 
7fd8b20f5000-7fd8b20f8000 ---p 00000000 00:00 0 
7fd8b20f8000-7fd8b21f6000 rw-p 00000000 00:00 0 
7fd8b21f6000-7fd8b21f9000 ---p 00000000 00:00 0 
7fd8b21f9000-7fd8b22f7000 rw-p 00000000 00:00 0 
7fd8b22f7000-7fd8b2308000 r-xp 00000000 08:15 3283091                    /usr/lib/jvm/java-8-openjdk-amd64/jre/lib/amd64/libnio.so
7fd8b2308000-7fd8b2508000 ---p 00011000 08:15 3283091                    /usr/lib/jvm/java-8-openjdk-amd64/jre/lib/amd64/libnio.so
7fd8b2508000-7fd8b2509000 r--p 00011000 08:15 3283091                    /usr/lib/jvm/java-8-openjdk-amd64/jre/lib/amd64/libnio.so
7fd8b2509000-7fd8b250a000 rw-p 00012000 08:15 3283091                    /usr/lib/jvm/java-8-openjdk-amd64/jre/lib/amd64/libnio.so
7fd8b250a000-7fd8b250d000 ---p 00000000 00:00 0 
7fd8b250d000-7fd8b260b000 rw-p 00000000 00:00 0 
7fd8b260b000-7fd8b260e000 ---p 00000000 00:00 0 
7fd8b260e000-7fd8b270c000 rw-p 00000000 00:00 0 
7fd8b270c000-7fd8b270f000 ---p 00000000 00:00 0 
7fd8b270f000-7fd8b280d000 rw-p 00000000 00:00 0 
7fd8b280d000-7fd8b2810000 ---p 00000000 00:00 0 
7fd8b2810000-7fd8b290e000 rw-p 00000000 00:00 0 
7fd8b290e000-7fd8b2911000 ---p 00000000 00:00 0 
7fd8b2911000-7fd8b2a0f000 rw-p 00000000 00:00 0 
7fd8b2a0f000-7fd8b2a12000 ---p 00000000 00:00 0 
7fd8b2a12000-7fd8b2b10000 rw-p 00000000 00:00 0 
7fd8b2b10000-7fd8b2b13000 ---p 00000000 00:00 0 
7fd8b2b13000-7fd8b2c11000 rw-p 00000000 00:00 0 
7fd8b2c11000-7fd8b2c14000 ---p 00000000 00:00 0 
7fd8b2c14000-7fd8b2d12000 rw-p 00000000 00:00 0 
7fd8b2d12000-7fd8b2d15000 ---p 00000000 00:00 0 
7fd8b2d15000-7fd8b2e13000 rw-p 00000000 00:00 0 
7fd8b2e13000-7fd8b2e15000 r--s 0000d000 08:15 4329109                    /home/jens/Documents/Git/dianne/tools/generated/fw/default/45/bundle0
7fd8b2e15000-7fd8b2e17000 r--s 00005000 08:15 4329106                    /home/jens/Documents/Git/dianne/tools/generated/fw/default/44/bundle0
7fd8b2e17000-7fd8b2e18000 r--s 00009000 08:15 4329103                    /home/jens/Documents/Git/dianne/tools/generated/fw/default/43/bundle0
7fd8b2e18000-7fd8b2e1c000 r--s 00023000 08:15 4329100                    /home/jens/Documents/Git/dianne/tools/generated/fw/default/42/bundle0
7fd8b2e1c000-7fd8b2e1f000 r--s 0000a000 08:15 4329097                    /home/jens/Documents/Git/dianne/tools/generated/fw/default/41/bundle0
7fd8b2e1f000-7fd8b2e24000 r--s 00019000 08:15 4329094                    /home/jens/Documents/Git/dianne/tools/generated/fw/default/40/bundle0
7fd8b2e24000-7fd8b2e27000 r--s 00020000 08:15 4329091                    /home/jens/Documents/Git/dianne/tools/generated/fw/default/39/bundle0
7fd8b2e27000-7fd8b2e28000 r--s 011c8000 08:15 4329088                    /home/jens/Documents/Git/dianne/tools/generated/fw/default/38/bundle0
7fd8b2e28000-7fd8b2e29000 r--s 00005000 08:15 4329085                    /home/jens/Documents/Git/dianne/tools/generated/fw/default/37/bundle0
7fd8b2e29000-7fd8b2e2a000 r--s 0003d000 08:15 4329082                    /home/jens/Documents/Git/dianne/tools/generated/fw/default/36/bundle0
7fd8b2e2a000-7fd8b2e2c000 r--s 0000f000 08:15 4329076                    /home/jens/Documents/Git/dianne/tools/generated/fw/default/35/bundle0
7fd8b2e2c000-7fd8b2e2e000 r--s 00007000 08:15 4329053                    /home/jens/Documents/Git/dianne/tools/generated/fw/default/34/bundle0
7fd8b2e2e000-7fd8b2e30000 r--s 0000a000 08:15 4329038                    /home/jens/Documents/Git/dianne/tools/generated/fw/default/33/bundle0
7fd8b2e30000-7fd8b2e32000 r--s 00072000 08:15 4329035                    /home/jens/Documents/Git/dianne/tools/generated/fw/default/32/bundle0
7fd8b2e32000-7fd8b2e34000 r--s 00008000 08:15 4329032                    /home/jens/Documents/Git/dianne/tools/generated/fw/default/31/bundle0
7fd8b2e34000-7fd8b2e38000 r--s 00018000 08:15 4329029                    /home/jens/Documents/Git/dianne/tools/generated/fw/default/30/bundle0
7fd8b2e38000-7fd8b2e39000 r--s 00008000 08:15 4329026                    /home/jens/Documents/Git/dianne/tools/generated/fw/default/29/bundle0
7fd8b2e39000-7fd8b2e3a000 r--s 00005000 08:15 4328947                    /home/jens/Documents/Git/dianne/tools/generated/fw/default/28/bundle0
7fd8b2e3a000-7fd8b2e3e000 r--s 0001a000 08:15 4328941                    /home/jens/Documents/Git/dianne/tools/generated/fw/default/27/bundle0
7fd8b2e3e000-7fd8b2e40000 r--s 00016000 08:15 4328938                    /home/jens/Documents/Git/dianne/tools/generated/fw/default/26/bundle0
7fd8b2e40000-7fd8b2e42000 r--s 00012000 08:15 4328935                    /home/jens/Documents/Git/dianne/tools/generated/fw/default/25/bundle0
7fd8b2e42000-7fd8b2e43000 r--s 00008000 08:15 4328932                    /home/jens/Documents/Git/dianne/tools/generated/fw/default/24/bundle0
7fd8b2e43000-7fd8b2e48000 r--s 0002f000 08:15 4328929                    /home/jens/Documents/Git/dianne/tools/generated/fw/default/23/bundle0
7fd8b2e48000-7fd8b2e4a000 r--s 00012000 08:15 4328925                    /home/jens/Documents/Git/dianne/tools/generated/fw/default/22/bundle0
7fd8b2e4a000-7fd8b2e50000 r--s 0006a000 08:15 4328921                    /home/jens/Documents/Git/dianne/tools/generated/fw/default/21/bundle0
7fd8b2e50000-7fd8b2e52000 r--s 0000b000 08:15 4328918                    /home/jens/Documents/Git/dianne/tools/generated/fw/default/20/bundle0
7fd8b2e52000-7fd8b2e57000 r--s 0002a000 08:15 4328915                    /home/jens/Documents/Git/dianne/tools/generated/fw/default/19/bundle0
7fd8b2e57000-7fd8b2e59000 r--s 00011000 08:15 4328911                    /home/jens/Documents/Git/dianne/tools/generated/fw/default/18/bundle0
7fd8b2e59000-7fd8b2e5f000 r--s 00051000 08:15 4328897                    /home/jens/Documents/Git/dianne/tools/generated/fw/default/17/bundle0
7fd8b2e5f000-7fd8b2e61000 r--s 00010000 08:15 4328687                    /home/jens/Documents/Git/dianne/tools/generated/fw/default/16/bundle0
7fd8b2e61000-7fd8b2e63000 r--s 00004000 08:15 4328665                    /home/jens/Documents/Git/dianne/tools/generated/fw/default/15/bundle0
7fd8b2e63000-7fd8b2e66000 r--s 00014000 08:15 4328357                    /home/jens/Documents/Git/dianne/tools/generated/fw/default/14/bundle0
7fd8b2e66000-7fd8b2e67000 r--s 0000b000 08:15 4328353                    /home/jens/Documents/Git/dianne/tools/generated/fw/default/13/bundle0
7fd8b2e67000-7fd8b2e6b000 r--s 0001b000 08:15 4326463                    /home/jens/Documents/Git/dianne/tools/generated/fw/default/12/bundle0
7fd8b2e6b000-7fd8b2e6c000 r--s 0000c000 08:15 4326268                    /home/jens/Documents/Git/dianne/tools/generated/fw/default/11/bundle0
7fd8b2e6c000-7fd8b2e6f000 r--s 0001d000 08:15 4326214                    /home/jens/Documents/Git/dianne/tools/generated/fw/default/10/bundle0
7fd8b2e6f000-7fd8b2e71000 r--s 00008000 08:15 4326204                    /home/jens/Documents/Git/dianne/tools/generated/fw/default/9/bundle0
7fd8b2e71000-7fd8b2e74000 r--s 00014000 08:15 4326201                    /home/jens/Documents/Git/dianne/tools/generated/fw/default/8/bundle0
7fd8b2e74000-7fd8b2e86000 r--s 001b4000 08:15 4326198                    /home/jens/Documents/Git/dianne/tools/generated/fw/default/7/bundle0
7fd8b2e86000-7fd8b2e88000 r--s 00002000 08:15 4326195                    /home/jens/Documents/Git/dianne/tools/generated/fw/default/6/bundle0
7fd8b2e88000-7fd8b2e8a000 r--s 0000a000 08:15 4326190                    /home/jens/Documents/Git/dianne/tools/generated/fw/default/5/bundle0
7fd8b2e8a000-7fd8b2e8c000 r--s 00008000 08:15 4326187                    /home/jens/Documents/Git/dianne/tools/generated/fw/default/4/bundle0
7fd8b2e8c000-7fd8b2e8f000 r--s 00013000 08:15 4326181                    /home/jens/Documents/Git/dianne/tools/generated/fw/default/2/bundle0
7fd8b2e8f000-7fd8b2e92000 ---p 00000000 00:00 0 
7fd8b2e92000-7fd8b2f90000 rw-p 00000000 00:00 0 
7fd8b2f90000-7fd8b2f94000 r--s 0009a000 08:15 3153609                    /usr/lib/jvm/java-8-openjdk-amd64/jre/lib/jsse.jar
7fd8b2f94000-7fd8b2f97000 ---p 00000000 00:00 0 
7fd8b2f97000-7fd8b3396000 rw-p 00000000 00:00 0 
7fd8b3396000-7fd8b33ad000 r-xp 00000000 08:15 3283083                    /usr/lib/jvm/java-8-openjdk-amd64/jre/lib/amd64/libnet.so
7fd8b33ad000-7fd8b35ac000 ---p 00017000 08:15 3283083                    /usr/lib/jvm/java-8-openjdk-amd64/jre/lib/amd64/libnet.so
7fd8b35ac000-7fd8b35ad000 r--p 00016000 08:15 3283083                    /usr/lib/jvm/java-8-openjdk-amd64/jre/lib/amd64/libnet.so
7fd8b35ad000-7fd8b35ae000 rw-p 00017000 08:15 3283083                    /usr/lib/jvm/java-8-openjdk-amd64/jre/lib/amd64/libnet.so
7fd8b35ae000-7fd8b35b8000 r--s 00116000 08:15 3425117                    /usr/lib/jvm/java-8-openjdk-amd64/jre/lib/ext/localedata.jar
7fd8b35b8000-7fd8b35d3000 r--s 001d6000 08:15 3425111                    /usr/lib/jvm/java-8-openjdk-amd64/jre/lib/ext/nashorn.jar
7fd8b35d3000-7fd8b35d4000 ---p 00000000 00:00 0 
7fd8b35d4000-7fd8b36d4000 rw-p 00000000 00:00 0 
7fd8b36d4000-7fd8b36d7000 ---p 00000000 00:00 0 
7fd8b36d7000-7fd8b37d5000 rw-p 00000000 00:00 0 
7fd8b37d5000-7fd8b37d8000 ---p 00000000 00:00 0 
7fd8b37d8000-7fd8b38d6000 rw-p 00000000 00:00 0 
7fd8b38d6000-7fd8b38d9000 ---p 00000000 00:00 0 
7fd8b38d9000-7fd8b39d7000 rw-p 00000000 00:00 0 
7fd8b39d7000-7fd8b39da000 ---p 00000000 00:00 0 
7fd8b39da000-7fd8b3ad8000 rw-p 00000000 00:00 0 
7fd8b3ad8000-7fd8b3adb000 ---p 00000000 00:00 0 
7fd8b3adb000-7fd8b3bd9000 rw-p 00000000 00:00 0 
7fd8b3bd9000-7fd8b3bdc000 ---p 00000000 00:00 0 
7fd8b3bdc000-7fd8b3cda000 rw-p 00000000 00:00 0 
7fd8b3cda000-7fd8b4000000 r--p 00000000 08:15 2360102                    /usr/lib/locale/locale-archive
7fd8b4000000-7fd8b4021000 rw-p 00000000 00:00 0 
7fd8b4021000-7fd8b8000000 ---p 00000000 00:00 0 
7fd8b8000000-7fd8b8008000 r--s 0009c000 08:15 1575755                    /home/jens/Documents/Git/dianne/be.iminds.iot.dianne.launcher/generated/be.iminds.iot.dianne.launcher.jar
7fd8b8008000-7fd8b8023000 r--s 00394000 08:15 3425114                    /usr/lib/jvm/java-8-openjdk-amd64/jre/lib/ext/cldrdata.jar
7fd8b8023000-7fd8b8026000 ---p 00000000 00:00 0 
7fd8b8026000-7fd8b8124000 rw-p 00000000 00:00 0 
7fd8b8124000-7fd8b8127000 ---p 00000000 00:00 0 
7fd8b8127000-7fd8b8225000 rw-p 00000000 00:00 0 
7fd8b8225000-7fd8b8226000 ---p 00000000 00:00 0 
7fd8b8226000-7fd8b9f6a000 rw-p 00000000 00:00 0 
7fd8b9f6a000-7fd8ba138000 r--s 03c06000 08:15 3153613                    /usr/lib/jvm/java-8-openjdk-amd64/jre/lib/rt.jar
7fd8ba138000-7fd8bb109000 rw-p 00000000 00:00 0 
7fd8bb109000-7fd8bb10a000 ---p 00000000 00:00 0 
7fd8bb10a000-7fd8bb20a000 rw-p 00000000 00:00 0 
7fd8bb20a000-7fd8bb20b000 ---p 00000000 00:00 0 
7fd8bb20b000-7fd8bb30b000 rw-p 00000000 00:00 0 
7fd8bb30b000-7fd8bb30c000 ---p 00000000 00:00 0 
7fd8bb30c000-7fd8bb40c000 rw-p 00000000 00:00 0 
7fd8bb40c000-7fd8bb40d000 ---p 00000000 00:00 0 
7fd8bb40d000-7fd8bb50d000 rw-p 00000000 00:00 0 
7fd8bb50d000-7fd8bb50e000 ---p 00000000 00:00 0 
7fd8bb50e000-7fd8bb60e000 rw-p 00000000 00:00 0 
7fd8bb60e000-7fd8bb60f000 ---p 00000000 00:00 0 
7fd8bb60f000-7fd8bb70f000 rw-p 00000000 00:00 0 
7fd8bb70f000-7fd8bb710000 ---p 00000000 00:00 0 
7fd8bb710000-7fd8bb810000 rw-p 00000000 00:00 0 
7fd8bb810000-7fd8bb811000 ---p 00000000 00:00 0 
7fd8bb811000-7fd8bb965000 rw-p 00000000 00:00 0 
7fd8bb965000-7fd8bbe47000 ---p 00000000 00:00 0 
7fd8bbe47000-7fd8bbe9b000 rw-p 00000000 00:00 0 
7fd8bbe9b000-7fd8bc37d000 ---p 00000000 00:00 0 
7fd8bc37d000-7fd8bc60d000 rw-p 00000000 00:00 0 
7fd8bc60d000-7fd8bc618000 ---p 00000000 00:00 0 
7fd8bc618000-7fd8bc63c000 rw-p 00000000 00:00 0 
7fd8bc63c000-7fd8bc9d9000 ---p 00000000 00:00 0 
7fd8bc9d9000-7fd8bd299000 rwxp 00000000 00:00 0 
7fd8bd299000-7fd8cb9d9000 ---p 00000000 00:00 0 
7fd8cb9d9000-7fd8cb9e1000 r-xp 00000000 08:15 3283081                    /usr/lib/jvm/java-8-openjdk-amd64/jre/lib/amd64/libzip.so
7fd8cb9e1000-7fd8cbbe0000 ---p 00008000 08:15 3283081                    /usr/lib/jvm/java-8-openjdk-amd64/jre/lib/amd64/libzip.so
7fd8cbbe0000-7fd8cbbe1000 r--p 00007000 08:15 3283081                    /usr/lib/jvm/java-8-openjdk-amd64/jre/lib/amd64/libzip.so
7fd8cbbe1000-7fd8cbbe2000 rw-p 00008000 08:15 3283081                    /usr/lib/jvm/java-8-openjdk-amd64/jre/lib/amd64/libzip.so
7fd8cbbe2000-7fd8cbbed000 r-xp 00000000 08:15 5111989                    /lib/x86_64-linux-gnu/libnss_files-2.23.so
7fd8cbbed000-7fd8cbdec000 ---p 0000b000 08:15 5111989                    /lib/x86_64-linux-gnu/libnss_files-2.23.so
7fd8cbdec000-7fd8cbded000 r--p 0000a000 08:15 5111989                    /lib/x86_64-linux-gnu/libnss_files-2.23.so
7fd8cbded000-7fd8cbdee000 rw-p 0000b000 08:15 5111989                    /lib/x86_64-linux-gnu/libnss_files-2.23.so
7fd8cbdee000-7fd8cbdf4000 rw-p 00000000 00:00 0 
7fd8cbdf4000-7fd8cbdff000 r-xp 00000000 08:15 5111982                    /lib/x86_64-linux-gnu/libnss_nis-2.23.so
7fd8cbdff000-7fd8cbffe000 ---p 0000b000 08:15 5111982                    /lib/x86_64-linux-gnu/libnss_nis-2.23.so
7fd8cbffe000-7fd8cbfff000 r--p 0000a000 08:15 5111982                    /lib/x86_64-linux-gnu/libnss_nis-2.23.so
7fd8cbfff000-7fd8cc000000 rw-p 0000b000 08:15 5111982                    /lib/x86_64-linux-gnu/libnss_nis-2.23.so
7fd8cc000000-7fd8cfffe000 rw-p 00000000 00:00 0 
7fd8cfffe000-7fd8d0000000 ---p 00000000 00:00 0 
7fd8d0000000-7fd8d0002000 r--s 0000c000 08:15 4326184                    /home/jens/Documents/Git/dianne/tools/generated/fw/default/3/bundle0
7fd8d0002000-7fd8d0006000 r--s 0002a000 08:15 3155151                    /home/jens/Documents/Git/dianne/cnf/cache/3.3.0/bnd-cache/biz.aQute.launcher/biz.aQute.launcher-3.3.0.jar
7fd8d0006000-7fd8d00c9000 rw-p 00000000 00:00 0 
7fd8d00c9000-7fd8d00df000 r-xp 00000000 08:15 5111984                    /lib/x86_64-linux-gnu/libnsl-2.23.so
7fd8d00df000-7fd8d02de000 ---p 00016000 08:15 5111984                    /lib/x86_64-linux-gnu/libnsl-2.23.so
7fd8d02de000-7fd8d02df000 r--p 00015000 08:15 5111984                    /lib/x86_64-linux-gnu/libnsl-2.23.so
7fd8d02df000-7fd8d02e0000 rw-p 00016000 08:15 5111984                    /lib/x86_64-linux-gnu/libnsl-2.23.so
7fd8d02e0000-7fd8d02e2000 rw-p 00000000 00:00 0 
7fd8d02e2000-7fd8d02ea000 r-xp 00000000 08:15 5111991                    /lib/x86_64-linux-gnu/libnss_compat-2.23.so
7fd8d02ea000-7fd8d04e9000 ---p 00008000 08:15 5111991                    /lib/x86_64-linux-gnu/libnss_compat-2.23.so
7fd8d04e9000-7fd8d04ea000 r--p 00007000 08:15 5111991                    /lib/x86_64-linux-gnu/libnss_compat-2.23.so
7fd8d04ea000-7fd8d04eb000 rw-p 00008000 08:15 5111991                    /lib/x86_64-linux-gnu/libnss_compat-2.23.so
7fd8d04eb000-7fd8d0518000 r-xp 00000000 08:15 3283104                    /usr/lib/jvm/java-8-openjdk-amd64/jre/lib/amd64/libjava.so
7fd8d0518000-7fd8d0717000 ---p 0002d000 08:15 3283104                    /usr/lib/jvm/java-8-openjdk-amd64/jre/lib/amd64/libjava.so
7fd8d0717000-7fd8d0718000 r--p 0002c000 08:15 3283104                    /usr/lib/jvm/java-8-openjdk-amd64/jre/lib/amd64/libjava.so
7fd8d0718000-7fd8d071a000 rw-p 0002d000 08:15 3283104                    /usr/lib/jvm/java-8-openjdk-amd64/jre/lib/amd64/libjava.so
7fd8d071a000-7fd8d0729000 r-xp 00000000 08:15 3283074                    /usr/lib/jvm/java-8-openjdk-amd64/jre/lib/amd64/libverify.so
7fd8d0729000-7fd8d0928000 ---p 0000f000 08:15 3283074                    /usr/lib/jvm/java-8-openjdk-amd64/jre/lib/amd64/libverify.so
7fd8d0928000-7fd8d092a000 r--p 0000e000 08:15 3283074                    /usr/lib/jvm/java-8-openjdk-amd64/jre/lib/amd64/libverify.so
7fd8d092a000-7fd8d092b000 rw-p 00010000 08:15 3283074                    /usr/lib/jvm/java-8-openjdk-amd64/jre/lib/amd64/libverify.so
7fd8d092b000-7fd8d0932000 r-xp 00000000 08:15 5111992                    /lib/x86_64-linux-gnu/librt-2.23.so
7fd8d0932000-7fd8d0b31000 ---p 00007000 08:15 5111992                    /lib/x86_64-linux-gnu/librt-2.23.so
7fd8d0b31000-7fd8d0b32000 r--p 00006000 08:15 5111992                    /lib/x86_64-linux-gnu/librt-2.23.so
7fd8d0b32000-7fd8d0b33000 rw-p 00007000 08:15 5111992                    /lib/x86_64-linux-gnu/librt-2.23.so
7fd8d0b33000-7fd8d0b49000 r-xp 00000000 08:15 5116424                    /lib/x86_64-linux-gnu/libgcc_s.so.1
7fd8d0b49000-7fd8d0d48000 ---p 00016000 08:15 5116424                    /lib/x86_64-linux-gnu/libgcc_s.so.1
7fd8d0d48000-7fd8d0d49000 rw-p 00015000 08:15 5116424                    /lib/x86_64-linux-gnu/libgcc_s.so.1
7fd8d0d49000-7fd8d0e51000 r-xp 00000000 08:15 5111983                    /lib/x86_64-linux-gnu/libm-2.23.so
7fd8d0e51000-7fd8d1050000 ---p 00108000 08:15 5111983                    /lib/x86_64-linux-gnu/libm-2.23.so
7fd8d1050000-7fd8d1051000 r--p 00107000 08:15 5111983                    /lib/x86_64-linux-gnu/libm-2.23.so
7fd8d1051000-7fd8d1052000 rw-p 00108000 08:15 5111983                    /lib/x86_64-linux-gnu/libm-2.23.so
7fd8d1052000-7fd8d11c4000 r-xp 00000000 08:15 2361473                    /usr/lib/x86_64-linux-gnu/libstdc++.so.6.0.21
7fd8d11c4000-7fd8d13c4000 ---p 00172000 08:15 2361473                    /usr/lib/x86_64-linux-gnu/libstdc++.so.6.0.21
7fd8d13c4000-7fd8d13ce000 r--p 00172000 08:15 2361473                    /usr/lib/x86_64-linux-gnu/libstdc++.so.6.0.21
7fd8d13ce000-7fd8d13d0000 rw-p 0017c000 08:15 2361473                    /usr/lib/x86_64-linux-gnu/libstdc++.so.6.0.21
7fd8d13d0000-7fd8d13d4000 rw-p 00000000 00:00 0 
7fd8d13d4000-7fd8d2024000 r-xp 00000000 08:15 3423636                    /usr/lib/jvm/java-8-openjdk-amd64/jre/lib/amd64/server/libjvm.so
7fd8d2024000-7fd8d2223000 ---p 00c50000 08:15 3423636                    /usr/lib/jvm/java-8-openjdk-amd64/jre/lib/amd64/server/libjvm.so
7fd8d2223000-7fd8d22b6000 r--p 00c4f000 08:15 3423636                    /usr/lib/jvm/java-8-openjdk-amd64/jre/lib/amd64/server/libjvm.so
7fd8d22b6000-7fd8d22df000 rw-p 00ce2000 08:15 3423636                    /usr/lib/jvm/java-8-openjdk-amd64/jre/lib/amd64/server/libjvm.so
7fd8d22df000-7fd8d230f000 rw-p 00000000 00:00 0 
7fd8d230f000-7fd8d2327000 r-xp 00000000 08:15 5111996                    /lib/x86_64-linux-gnu/libpthread-2.23.so
7fd8d2327000-7fd8d2526000 ---p 00018000 08:15 5111996                    /lib/x86_64-linux-gnu/libpthread-2.23.so
7fd8d2526000-7fd8d2527000 r--p 00017000 08:15 5111996                    /lib/x86_64-linux-gnu/libpthread-2.23.so
7fd8d2527000-7fd8d2528000 rw-p 00018000 08:15 5111996                    /lib/x86_64-linux-gnu/libpthread-2.23.so
7fd8d2528000-7fd8d252c000 rw-p 00000000 00:00 0 
7fd8d252c000-7fd8d252f000 r-xp 00000000 08:15 5111981                    /lib/x86_64-linux-gnu/libdl-2.23.so
7fd8d252f000-7fd8d272e000 ---p 00003000 08:15 5111981                    /lib/x86_64-linux-gnu/libdl-2.23.so
7fd8d272e000-7fd8d272f000 r--p 00002000 08:15 5111981                    /lib/x86_64-linux-gnu/libdl-2.23.so
7fd8d272f000-7fd8d2730000 rw-p 00003000 08:15 5111981                    /lib/x86_64-linux-gnu/libdl-2.23.so
7fd8d2730000-7fd8d2749000 r-xp 00000000 08:15 5116577                    /lib/x86_64-linux-gnu/libz.so.1.2.8
7fd8d2749000-7fd8d2948000 ---p 00019000 08:15 5116577                    /lib/x86_64-linux-gnu/libz.so.1.2.8
7fd8d2948000-7fd8d2949000 r--p 00018000 08:15 5116577                    /lib/x86_64-linux-gnu/libz.so.1.2.8
7fd8d2949000-7fd8d294a000 rw-p 00019000 08:15 5116577                    /lib/x86_64-linux-gnu/libz.so.1.2.8
7fd8d294a000-7fd8d2b09000 r-xp 00000000 08:15 5111985                    /lib/x86_64-linux-gnu/libc-2.23.so
7fd8d2b09000-7fd8d2d09000 ---p 001bf000 08:15 5111985                    /lib/x86_64-linux-gnu/libc-2.23.so
7fd8d2d09000-7fd8d2d0d000 r--p 001bf000 08:15 5111985                    /lib/x86_64-linux-gnu/libc-2.23.so
7fd8d2d0d000-7fd8d2d0f000 rw-p 001c3000 08:15 5111985                    /lib/x86_64-linux-gnu/libc-2.23.so
7fd8d2d0f000-7fd8d2d13000 rw-p 00000000 00:00 0 
7fd8d2d13000-7fd8d2d20000 r-xp 00000000 08:15 3283096                    /usr/lib/jvm/java-8-openjdk-amd64/jre/lib/amd64/jli/libjli.so
7fd8d2d20000-7fd8d2f20000 ---p 0000d000 08:15 3283096                    /usr/lib/jvm/java-8-openjdk-amd64/jre/lib/amd64/jli/libjli.so
7fd8d2f20000-7fd8d2f21000 r--p 0000d000 08:15 3283096                    /usr/lib/jvm/java-8-openjdk-amd64/jre/lib/amd64/jli/libjli.so
7fd8d2f21000-7fd8d2f22000 rw-p 0000e000 08:15 3283096                    /usr/lib/jvm/java-8-openjdk-amd64/jre/lib/amd64/jli/libjli.so
7fd8d2f22000-7fd8d2f48000 r-xp 00000000 08:15 5111986                    /lib/x86_64-linux-gnu/ld-2.23.so
7fd8d2f48000-7fd8d2f4a000 r--s 00006000 08:15 4326178                    /home/jens/Documents/Git/dianne/tools/generated/fw/default/1/bundle0
7fd8d2f4a000-7fd8d301c000 rw-p 00000000 00:00 0 
7fd8d301c000-7fd8d301f000 ---p 00000000 00:00 0 
7fd8d301f000-7fd8d3122000 rw-p 00000000 00:00 0 
7fd8d3122000-7fd8d3129000 r--s 00055000 08:15 5246933                    /home/jens/.bnd/cache/http%3A%2F%2Faiolos.intec.ugent.be%2Frepositories%2Forg.eclipse.concierge%2Forg.eclipse.concierge/org.eclipse.concierge-6.0.0.jar
7fd8d3129000-7fd8d312c000 r--s 0000f000 08:15 3425113                    /usr/lib/jvm/java-8-openjdk-amd64/jre/lib/ext/icedtea-sound.jar
7fd8d312c000-7fd8d312e000 r--s 00001000 08:15 3425112                    /usr/lib/jvm/java-8-openjdk-amd64/jre/lib/ext/dnsns.jar
7fd8d312e000-7fd8d3130000 r--s 00008000 08:15 3425110                    /usr/lib/jvm/java-8-openjdk-amd64/jre/lib/ext/sunec.jar
7fd8d3130000-7fd8d3134000 r--s 00037000 08:15 3425116                    /usr/lib/jvm/java-8-openjdk-amd64/jre/lib/ext/sunpkcs11.jar
7fd8d3134000-7fd8d3135000 r--s 00010000 08:15 3425115                    /usr/lib/jvm/java-8-openjdk-amd64/jre/lib/ext/zipfs.jar
7fd8d3135000-7fd8d313a000 r--s 0003b000 08:15 3425118                    /usr/lib/jvm/java-8-openjdk-amd64/jre/lib/ext/sunjce_provider.jar
7fd8d313a000-7fd8d313b000 r--s 0000a000 08:15 3425119                    /usr/lib/jvm/java-8-openjdk-amd64/jre/lib/ext/jaccess.jar
7fd8d313b000-7fd8d3143000 rw-s 00000000 08:15 5767180                    /tmp/hsperfdata_jens/11116
7fd8d3143000-7fd8d3144000 rw-p 00000000 00:00 0 
7fd8d3144000-7fd8d3145000 r--p 00000000 00:00 0 
7fd8d3145000-7fd8d3147000 rw-p 00000000 00:00 0 
7fd8d3147000-7fd8d3148000 r--p 00025000 08:15 5111986                    /lib/x86_64-linux-gnu/ld-2.23.so
7fd8d3148000-7fd8d3149000 rw-p 00026000 08:15 5111986                    /lib/x86_64-linux-gnu/ld-2.23.so
7fd8d3149000-7fd8d314a000 rw-p 00000000 00:00 0 
7ffcb59b2000-7ffcb59d3000 rw-p 00000000 00:00 0                          [stack]
7ffcb59fb000-7ffcb59fd000 r--p 00000000 00:00 0                          [vvar]
7ffcb59fd000-7ffcb59ff000 r-xp 00000000 00:00 0                          [vdso]
ffffffffff600000-ffffffffff601000 r-xp 00000000 00:00 0                  [vsyscall]

VM Arguments:
jvm_args: -Dlauncher.properties=/home/jens/Documents/Git/dianne/tools/generated/launch6249599130692382454.properties -Dfile.encoding=UTF-8 
java_command: aQute.launcher.Launcher
java_class_path (initial): /home/jens/Documents/Git/dianne/be.iminds.iot.dianne.launcher/generated/be.iminds.iot.dianne.launcher.jar:/home/jens/.bnd/cache/http%3A%2F%2Faiolos.intec.ugent.be%2Frepositories%2Forg.eclipse.concierge%2Forg.eclipse.concierge/org.eclipse.concierge-6.0.0.jar:/home/jens/Documents/Git/dianne/cnf/cache/3.3.0/bnd-cache/biz.aQute.launcher/biz.aQute.launcher-3.3.0.jar
Launcher Type: SUN_STANDARD

Environment Variables:
PATH=/home/jens/bin:/home/jens/.local/bin:/usr/local/sbin:/usr/local/bin:/usr/sbin:/usr/bin:/sbin:/bin:/usr/games:/usr/local/games:/snap/bin
SHELL=/bin/bash
DISPLAY=:0

Signal Handlers:
SIGSEGV: [libjvm.so+0xa66fd0], sa_mask[0]=11111111011111111101111111111110, sa_flags=SA_RESTART|SA_SIGINFO
SIGBUS: [libjvm.so+0xa66fd0], sa_mask[0]=11111111011111111101111111111110, sa_flags=SA_RESTART|SA_SIGINFO
SIGFPE: [libjvm.so+0x8b0180], sa_mask[0]=11111111011111111101111111111110, sa_flags=SA_RESTART|SA_SIGINFO
SIGPIPE: [libjvm.so+0x8b0180], sa_mask[0]=11111111011111111101111111111110, sa_flags=SA_RESTART|SA_SIGINFO
SIGXFSZ: [libjvm.so+0x8b0180], sa_mask[0]=11111111011111111101111111111110, sa_flags=SA_RESTART|SA_SIGINFO
SIGILL: [libjvm.so+0x8b0180], sa_mask[0]=11111111011111111101111111111110, sa_flags=SA_RESTART|SA_SIGINFO
SIGUSR1: SIG_DFL, sa_mask[0]=00000000000000000000000000000000, sa_flags=none
SIGUSR2: [libjvm.so+0x8b0030], sa_mask[0]=00100000000000000000000000000000, sa_flags=SA_RESTART|SA_SIGINFO
SIGHUP: [libjvm.so+0x8b0500], sa_mask[0]=11111111011111111101111111111110, sa_flags=SA_RESTART|SA_SIGINFO
SIGINT: [libjvm.so+0x8b0500], sa_mask[0]=11111111011111111101111111111110, sa_flags=SA_RESTART|SA_SIGINFO
SIGTERM: [libjvm.so+0x8b0500], sa_mask[0]=11111111011111111101111111111110, sa_flags=SA_RESTART|SA_SIGINFO
SIGQUIT: [libjvm.so+0x8b0500], sa_mask[0]=11111111011111111101111111111110, sa_flags=SA_RESTART|SA_SIGINFO


---------------  S Y S T E M  ---------------

OS:DISTRIB_ID=Ubuntu
DISTRIB_RELEASE=16.04
DISTRIB_CODENAME=xenial
DISTRIB_DESCRIPTION="Ubuntu 16.04.2 LTS"

uname:Linux 4.4.0-75-generic #96-Ubuntu SMP Thu Apr 20 09:56:33 UTC 2017 x86_64
libc:glibc 2.23 NPTL 2.23 
rlimit: STACK 8192k, CORE 0k, NPROC 63834, NOFILE 65536, AS infinity
load average:0,70 0,98 1,21

/proc/meminfo:
MemTotal:       16388340 kB
MemFree:         8341424 kB
MemAvailable:   11487596 kB
Buffers:          148504 kB
Cached:          3242884 kB
SwapCached:            0 kB
Active:          6078492 kB
Inactive:        1600196 kB
Active(anon):    4288656 kB
Inactive(anon):    57548 kB
Active(file):    1789836 kB
Inactive(file):  1542648 kB
Unevictable:          32 kB
Mlocked:              32 kB
SwapTotal:      16731132 kB
SwapFree:       16731132 kB
Dirty:             99332 kB
Writeback:             0 kB
AnonPages:       4287624 kB
Mapped:           474868 kB
Shmem:             59056 kB
Slab:             174652 kB
SReclaimable:     130848 kB
SUnreclaim:        43804 kB
KernelStack:       12416 kB
PageTables:        41508 kB
NFS_Unstable:          0 kB
Bounce:                0 kB
WritebackTmp:          0 kB
CommitLimit:    24925300 kB
Committed_AS:    8526716 kB
VmallocTotal:   34359738367 kB
VmallocUsed:           0 kB
VmallocChunk:          0 kB
HardwareCorrupted:     0 kB
AnonHugePages:   2932736 kB
CmaTotal:              0 kB
CmaFree:               0 kB
HugePages_Total:       0
HugePages_Free:        0
HugePages_Rsvd:        0
HugePages_Surp:        0
Hugepagesize:       2048 kB
DirectMap4k:      263488 kB
DirectMap2M:    16470016 kB


CPU:total 8 (4 cores per cpu, 2 threads per core) family 6 model 58 stepping 9, cmov, cx8, fxsr, mmx, sse, sse2, sse3, ssse3, sse4.1, sse4.2, popcnt, avx, aes, clmul, erms, ht, tsc, tscinvbit, tscinv

/proc/cpuinfo:
processor	: 0
vendor_id	: GenuineIntel
cpu family	: 6
model		: 58
model name	: Intel(R) Core(TM) i7-3770K CPU @ 3.50GHz
stepping	: 9
microcode	: 0x15
cpu MHz		: 4099.921
cache size	: 8192 KB
physical id	: 0
siblings	: 8
core id		: 0
cpu cores	: 4
apicid		: 0
initial apicid	: 0
fpu		: yes
fpu_exception	: yes
cpuid level	: 13
wp		: yes
flags		: fpu vme de pse tsc msr pae mce cx8 apic sep mtrr pge mca cmov pat pse36 clflush dts acpi mmx fxsr sse sse2 ss ht tm pbe syscall nx rdtscp lm constant_tsc arch_perfmon pebs bts rep_good nopl xtopology nonstop_tsc aperfmperf eagerfpu pni pclmulqdq dtes64 monitor ds_cpl vmx est tm2 ssse3 cx16 xtpr pdcm pcid sse4_1 sse4_2 popcnt tsc_deadline_timer aes xsave avx f16c rdrand lahf_lm epb tpr_shadow vnmi flexpriority ept vpid fsgsbase smep erms xsaveopt dtherm ida arat pln pts
bugs		:
bogomips	: 7141.76
clflush size	: 64
cache_alignment	: 64
address sizes	: 36 bits physical, 48 bits virtual
power management:

processor	: 1
vendor_id	: GenuineIntel
cpu family	: 6
model		: 58
model name	: Intel(R) Core(TM) i7-3770K CPU @ 3.50GHz
stepping	: 9
microcode	: 0x15
cpu MHz		: 4099.921
cache size	: 8192 KB
physical id	: 0
siblings	: 8
core id		: 1
cpu cores	: 4
apicid		: 2
initial apicid	: 2
fpu		: yes
fpu_exception	: yes
cpuid level	: 13
wp		: yes
flags		: fpu vme de pse tsc msr pae mce cx8 apic sep mtrr pge mca cmov pat pse36 clflush dts acpi mmx fxsr sse sse2 ss ht tm pbe syscall nx rdtscp lm constant_tsc arch_perfmon pebs bts rep_good nopl xtopology nonstop_tsc aperfmperf eagerfpu pni pclmulqdq dtes64 monitor ds_cpl vmx est tm2 ssse3 cx16 xtpr pdcm pcid sse4_1 sse4_2 popcnt tsc_deadline_timer aes xsave avx f16c rdrand lahf_lm epb tpr_shadow vnmi flexpriority ept vpid fsgsbase smep erms xsaveopt dtherm ida arat pln pts
bugs		:
bogomips	: 7141.76
clflush size	: 64
cache_alignment	: 64
address sizes	: 36 bits physical, 48 bits virtual
power management:

processor	: 2
vendor_id	: GenuineIntel
cpu family	: 6
model		: 58
model name	: Intel(R) Core(TM) i7-3770K CPU @ 3.50GHz
stepping	: 9
microcode	: 0x15
cpu MHz		: 4099.921
cache size	: 8192 KB
physical id	: 0
siblings	: 8
core id		: 2
cpu cores	: 4
apicid		: 4
initial apicid	: 4
fpu		: yes
fpu_exception	: yes
cpuid level	: 13
wp		: yes
flags		: fpu vme de pse tsc msr pae mce cx8 apic sep mtrr pge mca cmov pat pse36 clflush dts acpi mmx fxsr sse sse2 ss ht tm pbe syscall nx rdtscp lm constant_tsc arch_perfmon pebs bts rep_good nopl xtopology nonstop_tsc aperfmperf eagerfpu pni pclmulqdq dtes64 monitor ds_cpl vmx est tm2 ssse3 cx16 xtpr pdcm pcid sse4_1 sse4_2 popcnt tsc_deadline_timer aes xsave avx f16c rdrand lahf_lm epb tpr_shadow vnmi flexpriority ept vpid fsgsbase smep erms xsaveopt dtherm ida arat pln pts
bugs		:
bogomips	: 7141.76
clflush size	: 64
cache_alignment	: 64
address sizes	: 36 bits physical, 48 bits virtual
power management:

processor	: 3
vendor_id	: GenuineIntel
cpu family	: 6
model		: 58
model name	: Intel(R) Core(TM) i7-3770K CPU @ 3.50GHz
stepping	: 9
microcode	: 0x15
cpu MHz		: 4099.921
cache size	: 8192 KB
physical id	: 0
siblings	: 8
core id		: 3
cpu cores	: 4
apicid		: 6
initial apicid	: 6
fpu		: yes
fpu_exception	: yes
cpuid level	: 13
wp		: yes
flags		: fpu vme de pse tsc msr pae mce cx8 apic sep mtrr pge mca cmov pat pse36 clflush dts acpi mmx fxsr sse sse2 ss ht tm pbe syscall nx rdtscp lm constant_tsc arch_perfmon pebs bts rep_good nopl xtopology nonstop_tsc aperfmperf eagerfpu pni pclmulqdq dtes64 monitor ds_cpl vmx est tm2 ssse3 cx16 xtpr pdcm pcid sse4_1 sse4_2 popcnt tsc_deadline_timer aes xsave avx f16c rdrand lahf_lm epb tpr_shadow vnmi flexpriority ept vpid fsgsbase smep erms xsaveopt dtherm ida arat pln pts
bugs		:
bogomips	: 7141.76
clflush size	: 64
cache_alignment	: 64
address sizes	: 36 bits physical, 48 bits virtual
power management:

processor	: 4
vendor_id	: GenuineIntel
cpu family	: 6
model		: 58
model name	: Intel(R) Core(TM) i7-3770K CPU @ 3.50GHz
stepping	: 9
microcode	: 0x15
cpu MHz		: 4099.238
cache size	: 8192 KB
physical id	: 0
siblings	: 8
core id		: 0
cpu cores	: 4
apicid		: 1
initial apicid	: 1
fpu		: yes
fpu_exception	: yes
cpuid level	: 13
wp		: yes
flags		: fpu vme de pse tsc msr pae mce cx8 apic sep mtrr pge mca cmov pat pse36 clflush dts acpi mmx fxsr sse sse2 ss ht tm pbe syscall nx rdtscp lm constant_tsc arch_perfmon pebs bts rep_good nopl xtopology nonstop_tsc aperfmperf eagerfpu pni pclmulqdq dtes64 monitor ds_cpl vmx est tm2 ssse3 cx16 xtpr pdcm pcid sse4_1 sse4_2 popcnt tsc_deadline_timer aes xsave avx f16c rdrand lahf_lm epb tpr_shadow vnmi flexpriority ept vpid fsgsbase smep erms xsaveopt dtherm ida arat pln pts
bugs		:
bogomips	: 7141.76
clflush size	: 64
cache_alignment	: 64
address sizes	: 36 bits physical, 48 bits virtual
power management:

processor	: 5
vendor_id	: GenuineIntel
cpu family	: 6
model		: 58
model name	: Intel(R) Core(TM) i7-3770K CPU @ 3.50GHz
stepping	: 9
microcode	: 0x15
cpu MHz		: 4099.921
cache size	: 8192 KB
physical id	: 0
siblings	: 8
core id		: 1
cpu cores	: 4
apicid		: 3
initial apicid	: 3
fpu		: yes
fpu_exception	: yes
cpuid level	: 13
wp		: yes
flags		: fpu vme de pse tsc msr pae mce cx8 apic sep mtrr pge mca cmov pat pse36 clflush dts acpi mmx fxsr sse sse2 ss ht tm pbe syscall nx rdtscp lm constant_tsc arch_perfmon pebs bts rep_good nopl xtopology nonstop_tsc aperfmperf eagerfpu pni pclmulqdq dtes64 monitor ds_cpl vmx est tm2 ssse3 cx16 xtpr pdcm pcid sse4_1 sse4_2 popcnt tsc_deadline_timer aes xsave avx f16c rdrand lahf_lm epb tpr_shadow vnmi flexpriority ept vpid fsgsbase smep erms xsaveopt dtherm ida arat pln pts
bugs		:
bogomips	: 7141.76
clflush size	: 64
cache_alignment	: 64
address sizes	: 36 bits physical, 48 bits virtual
power management:

processor	: 6
vendor_id	: GenuineIntel
cpu family	: 6
model		: 58
model name	: Intel(R) Core(TM) i7-3770K CPU @ 3.50GHz
stepping	: 9
microcode	: 0x15
cpu MHz		: 4099.921
cache size	: 8192 KB
physical id	: 0
siblings	: 8
core id		: 2
cpu cores	: 4
apicid		: 5
initial apicid	: 5
fpu		: yes
fpu_exception	: yes
cpuid level	: 13
wp		: yes
flags		: fpu vme de pse tsc msr pae mce cx8 apic sep mtrr pge mca cmov pat pse36 clflush dts acpi mmx fxsr sse sse2 ss ht tm pbe syscall nx rdtscp lm constant_tsc arch_perfmon pebs bts rep_good nopl xtopology nonstop_tsc aperfmperf eagerfpu pni pclmulqdq dtes64 monitor ds_cpl vmx est tm2 ssse3 cx16 xtpr pdcm pcid sse4_1 sse4_2 popcnt tsc_deadline_timer aes xsave avx f16c rdrand lahf_lm epb tpr_shadow vnmi flexpriority ept vpid fsgsbase smep erms xsaveopt dtherm ida arat pln pts
bugs		:
bogomips	: 7141.76
clflush size	: 64
cache_alignment	: 64
address sizes	: 36 bits physical, 48 bits virtual
power management:

processor	: 7
vendor_id	: GenuineIntel
cpu family	: 6
model		: 58
model name	: Intel(R) Core(TM) i7-3770K CPU @ 3.50GHz
stepping	: 9
microcode	: 0x15
cpu MHz		: 4095.957
cache size	: 8192 KB
physical id	: 0
siblings	: 8
core id		: 3
cpu cores	: 4
apicid		: 7
initial apicid	: 7
fpu		: yes
fpu_exception	: yes
cpuid level	: 13
wp		: yes
flags		: fpu vme de pse tsc msr pae mce cx8 apic sep mtrr pge mca cmov pat pse36 clflush dts acpi mmx fxsr sse sse2 ss ht tm pbe syscall nx rdtscp lm constant_tsc arch_perfmon pebs bts rep_good nopl xtopology nonstop_tsc aperfmperf eagerfpu pni pclmulqdq dtes64 monitor ds_cpl vmx est tm2 ssse3 cx16 xtpr pdcm pcid sse4_1 sse4_2 popcnt tsc_deadline_timer aes xsave avx f16c rdrand lahf_lm epb tpr_shadow vnmi flexpriority ept vpid fsgsbase smep erms xsaveopt dtherm ida arat pln pts
bugs		:
bogomips	: 7141.76
clflush size	: 64
cache_alignment	: 64
address sizes	: 36 bits physical, 48 bits virtual
power management:



Memory: 4k page, physical 16388340k(8341424k free), swap 16731132k(16731132k free)

vm_info: OpenJDK 64-Bit Server VM (25.121-b13) for linux-amd64 JRE (1.8.0_121-8u121-b13-0ubuntu1.16.04.2-b13), built on Jan 23 2017 15:51:29 by "buildd" with gcc 5.4.0 20160609

time: Sat Apr 29 03:19:07 2017
elapsed time: 21 seconds (0d 0h 0m 21s)

