#
# A fatal error has been detected by the Java Runtime Environment:
#
#  SIGSEGV (0xb) at pc=0x00007f30e8cc0219, pid=3127, tid=0x00007f30cf5a0700
#
# JRE version: OpenJDK Runtime Environment (8.0_121-b13) (build 1.8.0_121-8u121-b13-0ubuntu1.16.04.2-b13)
# Java VM: OpenJDK 64-Bit Server VM (25.121-b13 mixed mode linux-amd64 compressed oops)
# Problematic frame:
# C  [libTensor.so+0x337219]  THCudaTensor_transpose+0xe6
#
# Failed to write core dump. Core dumps have been disabled. To enable core dumping, try "ulimit -c unlimited" before starting Java again
#
# If you would like to submit a bug report, please visit:
#   http://bugreport.java.com/bugreport/crash.jsp
# The crash happened outside the Java Virtual Machine in native code.
# See problematic frame for where to report the bug.
#

---------------  T H R E A D  ---------------

Current thread (0x00007f30b83d6000):  JavaThread "Thread-32" [_thread_in_native, id=3225, stack(0x00007f30cf4a0000,0x00007f30cf5a1000)]

siginfo: si_signo: 11 (SIGSEGV), si_code: 1 (SEGV_MAPERR), si_addr: 0x0000000000000000

Registers:
RAX=0x0000000000000000, RBX=0x00007f30e8594160, RCX=0x00007f30a4271380, RDX=0x0000000000000000
RSP=0x00007f30cf59e4e0, RBP=0x00007f30cf59e510, RSI=0x00007f30a4271380, RDI=0x00007f31c6029780
R8 =0x0000000000000000, R9 =0x0000000000000129, R10=0x0000000000000000, R11=0xfffffffffffffffe
R12=0x0000000000000000, R13=0x00007f30e8594160, R14=0x00007f30cf59e638, R15=0x00007f30b83d6000
RIP=0x00007f30e8cc0219, EFLAGS=0x0000000000010246, CSGSFS=0x0000000000000033, ERR=0x0000000000000004
  TRAPNO=0x000000000000000e

Top of Stack: (sp=0x00007f30cf59e4e0)
0x00007f30cf59e4e0:   0000000000000001 00007f30a4271380
0x00007f30cf59e4f0:   00007f30a4271380 00007f31c6029780
0x00007f30cf59e500:   00007f30a4271380 00007f30b8025da0
0x00007f30cf59e510:   00007f30cf59e580 00007f30e8bfa52b
0x00007f30cf59e520:   00007f30cf59e620 0000000000000000
0x00007f30cf59e530:   0000000000000000 0000000000000000
0x00007f30cf59e540:   00007f30cf59e608 00007f30b83d61e0
0x00007f30cf59e550:   00007f30cf59e730 00007f30a4271590
0x00007f30cf59e560:   00007f30a4271340 00007f30a4271380
0x00007f30cf59e570:   00007f309c01d330 00007f30b8025da0
0x00007f30cf59e580:   00007f30cf59e5f8 00007f31b5017774
0x00007f30cf59e590:   00007f30cf59e618 00007f30a4271500
0x00007f30cf59e5a0:   00000006c5f879a0 00007f30b83d6000
0x00007f30cf59e5b0:   00007f30b83c0a60 00007f30cf59e5b8
0x00007f30cf59e5c0:   0000000000000000 00007f30cf59e638
0x00007f30cf59e5d0:   00007f30e85941c8 0000000000000000
0x00007f30cf59e5e0:   00007f30e8594160 0000000000000000
0x00007f30cf59e5f0:   00007f30cf59e618 00007f30cf59e680
0x00007f30cf59e600:   00007f31b5007ffd 0000000795c6d610
0x00007f30cf59e610:   00007f31b5011278 000000078dac7290
0x00007f30cf59e620:   0000000795cb0ec8 0000000000000000
0x00007f30cf59e630:   0000000000000000 0000000000000000
0x00007f30cf59e640:   00007f30cf59e640 00007f30e85d4c34
0x00007f30cf59e650:   00007f30cf59e690 00007f30e85f8378
0x00007f30cf59e660:   0000000000000000 00007f30e85d4c58
0x00007f30cf59e670:   00007f30cf59e618 00007f30cf59e690
0x00007f30cf59e680:   00007f30cf59e6d8 00007f31b5008042
0x00007f30cf59e690:   000000078dac7128 00007f30cf59e698
0x00007f30cf59e6a0:   00007f30cfb5b924 00007f30cf59e6f8
0x00007f30cf59e6b0:   00007f30cfb5b9b8 0000000000000000
0x00007f30cf59e6c0:   00007f30cfb5b960 00007f30cf59e690
0x00007f30cf59e6d0:   00007f30cf59e700 0000000000000001 

Instructions: (pc=0x00007f30e8cc0219)
0x00007f30e8cc01f9:   45 d4 3b 45 d0 0f 84 ce 00 00 00 48 8b 45 e0 48
0x00007f30e8cc0209:   8b 40 08 8b 55 d4 48 63 d2 48 c1 e2 03 48 01 d0
0x00007f30e8cc0219:   48 8b 00 48 89 45 f8 48 8b 45 e0 48 8b 40 08 8b
0x00007f30e8cc0229:   55 d4 48 63 d2 48 c1 e2 03 48 01 c2 48 8b 45 e0 

Register to memory mapping:

RAX=0x0000000000000000 is an unknown value
RBX={method} {0x00007f30e8594160} 'linearAccGrad' '(Lbe/iminds/iot/dianne/tensor/Tensor;Lbe/iminds/iot/dianne/tensor/Tensor;Lbe/iminds/iot/dianne/tensor/Tensor;Lbe/iminds/iot/dianne/tensor/Tensor;Lbe/iminds/iot/dianne/tensor/Tensor;)V' in 'be/iminds/iot/dianne/tensor/ModuleOps'
RCX=0x00007f30a4271380 is an unknown value
RDX=0x0000000000000000 is an unknown value
RSP=0x00007f30cf59e4e0 is pointing into the stack for thread: 0x00007f30b83d6000
RBP=0x00007f30cf59e510 is pointing into the stack for thread: 0x00007f30b83d6000
RSI=0x00007f30a4271380 is an unknown value
RDI=0x00007f31c6029780 is an unknown value
R8 =0x0000000000000000 is an unknown value
R9 =0x0000000000000129 is an unknown value
R10=0x0000000000000000 is an unknown value
R11=0xfffffffffffffffe is an unknown value
R12=0x0000000000000000 is an unknown value
R13={method} {0x00007f30e8594160} 'linearAccGrad' '(Lbe/iminds/iot/dianne/tensor/Tensor;Lbe/iminds/iot/dianne/tensor/Tensor;Lbe/iminds/iot/dianne/tensor/Tensor;Lbe/iminds/iot/dianne/tensor/Tensor;Lbe/iminds/iot/dianne/tensor/Tensor;)V' in 'be/iminds/iot/dianne/tensor/ModuleOps'
R14=0x00007f30cf59e638 is pointing into the stack for thread: 0x00007f30b83d6000
R15=0x00007f30b83d6000 is a thread


Stack: [0x00007f30cf4a0000,0x00007f30cf5a1000],  sp=0x00007f30cf59e4e0,  free space=1017k
Native frames: (J=compiled Java code, j=interpreted, Vv=VM code, C=native code)
C  [libTensor.so+0x337219]  THCudaTensor_transpose+0xe6
C  [libTensor.so+0x27152b]  Java_be_iminds_iot_dianne_tensor_ModuleOps_linearAccGrad+0x12d
j  be.iminds.iot.dianne.tensor.ModuleOps.linearAccGrad(Lbe/iminds/iot/dianne/tensor/Tensor;Lbe/iminds/iot/dianne/tensor/Tensor;Lbe/iminds/iot/dianne/tensor/Tensor;Lbe/iminds/iot/dianne/tensor/Tensor;Lbe/iminds/iot/dianne/tensor/Tensor;)V+0
j  be.iminds.iot.dianne.nn.module.layer.Linear.accGradParameters()V+20
j  sun.reflect.GeneratedMethodAccessor21.invoke(Ljava/lang/Object;[Ljava/lang/Object;)Ljava/lang/Object;+36
J 2374 C2 java.lang.reflect.Method.invoke(Ljava/lang/Object;[Ljava/lang/Object;)Ljava/lang/Object; (62 bytes) @ 0x00007f31b5883fa8 [0x00007f31b5883f00+0xa8]
J 2473 C1 be.iminds.aiolos.proxy.ServiceProxy.invoke(Ljava/lang/Object;Ljava/lang/reflect/Method;[Ljava/lang/Object;)Ljava/lang/Object; (832 bytes) @ 0x00007f31b52cbe64 [0x00007f31b52ca520+0x1944]
j  com.sun.proxy.$Proxy13.accGradParameters()V+9
j  be.iminds.iot.dianne.nn.module.composite.CompositeModule.lambda$2(Ljava/util/Map$Entry;)V+9
j  be.iminds.iot.dianne.nn.module.composite.CompositeModule$$Lambda$111.accept(Ljava/lang/Object;)V+4
J 2324 C1 java.util.HashMap$EntrySet.forEach(Ljava/util/function/Consumer;)V (107 bytes) @ 0x00007f31b513132c [0x00007f31b5131120+0x20c]
j  be.iminds.iot.dianne.nn.module.composite.CompositeModule.accGradParameters()V+19
j  sun.reflect.GeneratedMethodAccessor21.invoke(Ljava/lang/Object;[Ljava/lang/Object;)Ljava/lang/Object;+36
J 2374 C2 java.lang.reflect.Method.invoke(Ljava/lang/Object;[Ljava/lang/Object;)Ljava/lang/Object; (62 bytes) @ 0x00007f31b5883fa8 [0x00007f31b5883f00+0xa8]
J 2473 C1 be.iminds.aiolos.proxy.ServiceProxy.invoke(Ljava/lang/Object;Ljava/lang/reflect/Method;[Ljava/lang/Object;)Ljava/lang/Object; (832 bytes) @ 0x00007f31b52cbe64 [0x00007f31b52ca520+0x1944]
j  com.sun.proxy.$Proxy20.accGradParameters()V+9
j  be.iminds.iot.dianne.nn.NeuralNetworkWrapper$$Lambda$119.accept(Ljava/lang/Object;)V+4
J 2282 C1 java.util.HashMap$ValueSpliterator.forEachRemaining(Ljava/util/function/Consumer;)V (186 bytes) @ 0x00007f31b587725c [0x00007f31b5876e60+0x3fc]
J 2380 C1 java.util.stream.ReferencePipeline$Head.forEach(Ljava/util/function/Consumer;)V (26 bytes) @ 0x00007f31b588ba34 [0x00007f31b588b480+0x5b4]
j  be.iminds.iot.dianne.nn.NeuralNetworkWrapper.accGradParameters()V+36
v  ~StubRoutines::call_stub
V  [libjvm.so+0x66161b]
V  [libjvm.so+0x936b46]
V  [libjvm.so+0x93885f]
V  [libjvm.so+0x6ad259]  JVM_InvokeMethod+0x119
J 1875  sun.reflect.NativeMethodAccessorImpl.invoke0(Ljava/lang/reflect/Method;Ljava/lang/Object;[Ljava/lang/Object;)Ljava/lang/Object; (0 bytes) @ 0x00007f31b57333ed [0x00007f31b5733300+0xed]
J 1874 C1 sun.reflect.NativeMethodAccessorImpl.invoke(Ljava/lang/Object;[Ljava/lang/Object;)Ljava/lang/Object; (104 bytes) @ 0x00007f31b5739bd4 [0x00007f31b5738a00+0x11d4]
J 2374 C2 java.lang.reflect.Method.invoke(Ljava/lang/Object;[Ljava/lang/Object;)Ljava/lang/Object; (62 bytes) @ 0x00007f31b5883fa8 [0x00007f31b5883f00+0xa8]
J 2473 C1 be.iminds.aiolos.proxy.ServiceProxy.invoke(Ljava/lang/Object;Ljava/lang/reflect/Method;[Ljava/lang/Object;)Ljava/lang/Object; (832 bytes) @ 0x00007f31b52cbe64 [0x00007f31b52ca520+0x1944]
j  com.sun.proxy.$Proxy19.accGradParameters()V+9
j  be.iminds.iot.dianne.rnn.learn.strategy.GenerativeAdverserialSequenceLearningStrategy.processIteration(J)Lbe/iminds/iot/dianne/api/nn/learn/LearnProgress;+553
j  be.iminds.iot.dianne.nn.learn.LearnerImpl.lambda$0(Ljava/lang/String;Ljava/util/Map;)V+87
j  be.iminds.iot.dianne.nn.learn.LearnerImpl$$Lambda$79.run()V+12
j  java.lang.Thread.run()V+11
v  ~StubRoutines::call_stub
V  [libjvm.so+0x66161b]
V  [libjvm.so+0x65ec04]
V  [libjvm.so+0x65f1e7]
V  [libjvm.so+0x6a24d4]
V  [libjvm.so+0xa0aa97]
V  [libjvm.so+0xa0af5c]
V  [libjvm.so+0x8b2042]
C  [libpthread.so.0+0x76ba]  start_thread+0xca

Java frames: (J=compiled Java code, j=interpreted, Vv=VM code)
j  be.iminds.iot.dianne.tensor.ModuleOps.linearAccGrad(Lbe/iminds/iot/dianne/tensor/Tensor;Lbe/iminds/iot/dianne/tensor/Tensor;Lbe/iminds/iot/dianne/tensor/Tensor;Lbe/iminds/iot/dianne/tensor/Tensor;Lbe/iminds/iot/dianne/tensor/Tensor;)V+0
j  be.iminds.iot.dianne.nn.module.layer.Linear.accGradParameters()V+20
j  sun.reflect.GeneratedMethodAccessor21.invoke(Ljava/lang/Object;[Ljava/lang/Object;)Ljava/lang/Object;+36
J 2374 C2 java.lang.reflect.Method.invoke(Ljava/lang/Object;[Ljava/lang/Object;)Ljava/lang/Object; (62 bytes) @ 0x00007f31b5883fa8 [0x00007f31b5883f00+0xa8]
J 2473 C1 be.iminds.aiolos.proxy.ServiceProxy.invoke(Ljava/lang/Object;Ljava/lang/reflect/Method;[Ljava/lang/Object;)Ljava/lang/Object; (832 bytes) @ 0x00007f31b52cbe64 [0x00007f31b52ca520+0x1944]
j  com.sun.proxy.$Proxy13.accGradParameters()V+9
j  be.iminds.iot.dianne.nn.module.composite.CompositeModule.lambda$2(Ljava/util/Map$Entry;)V+9
j  be.iminds.iot.dianne.nn.module.composite.CompositeModule$$Lambda$111.accept(Ljava/lang/Object;)V+4
J 2324 C1 java.util.HashMap$EntrySet.forEach(Ljava/util/function/Consumer;)V (107 bytes) @ 0x00007f31b513132c [0x00007f31b5131120+0x20c]
j  be.iminds.iot.dianne.nn.module.composite.CompositeModule.accGradParameters()V+19
j  sun.reflect.GeneratedMethodAccessor21.invoke(Ljava/lang/Object;[Ljava/lang/Object;)Ljava/lang/Object;+36
J 2374 C2 java.lang.reflect.Method.invoke(Ljava/lang/Object;[Ljava/lang/Object;)Ljava/lang/Object; (62 bytes) @ 0x00007f31b5883fa8 [0x00007f31b5883f00+0xa8]
J 2473 C1 be.iminds.aiolos.proxy.ServiceProxy.invoke(Ljava/lang/Object;Ljava/lang/reflect/Method;[Ljava/lang/Object;)Ljava/lang/Object; (832 bytes) @ 0x00007f31b52cbe64 [0x00007f31b52ca520+0x1944]
j  com.sun.proxy.$Proxy20.accGradParameters()V+9
j  be.iminds.iot.dianne.nn.NeuralNetworkWrapper$$Lambda$119.accept(Ljava/lang/Object;)V+4
J 2282 C1 java.util.HashMap$ValueSpliterator.forEachRemaining(Ljava/util/function/Consumer;)V (186 bytes) @ 0x00007f31b587725c [0x00007f31b5876e60+0x3fc]
J 2380 C1 java.util.stream.ReferencePipeline$Head.forEach(Ljava/util/function/Consumer;)V (26 bytes) @ 0x00007f31b588ba34 [0x00007f31b588b480+0x5b4]
j  be.iminds.iot.dianne.nn.NeuralNetworkWrapper.accGradParameters()V+36
v  ~StubRoutines::call_stub
J 1875  sun.reflect.NativeMethodAccessorImpl.invoke0(Ljava/lang/reflect/Method;Ljava/lang/Object;[Ljava/lang/Object;)Ljava/lang/Object; (0 bytes) @ 0x00007f31b5733377 [0x00007f31b5733300+0x77]
J 1874 C1 sun.reflect.NativeMethodAccessorImpl.invoke(Ljava/lang/Object;[Ljava/lang/Object;)Ljava/lang/Object; (104 bytes) @ 0x00007f31b5739bd4 [0x00007f31b5738a00+0x11d4]
J 2374 C2 java.lang.reflect.Method.invoke(Ljava/lang/Object;[Ljava/lang/Object;)Ljava/lang/Object; (62 bytes) @ 0x00007f31b5883fa8 [0x00007f31b5883f00+0xa8]
J 2473 C1 be.iminds.aiolos.proxy.ServiceProxy.invoke(Ljava/lang/Object;Ljava/lang/reflect/Method;[Ljava/lang/Object;)Ljava/lang/Object; (832 bytes) @ 0x00007f31b52cbe64 [0x00007f31b52ca520+0x1944]
j  com.sun.proxy.$Proxy19.accGradParameters()V+9
j  be.iminds.iot.dianne.rnn.learn.strategy.GenerativeAdverserialSequenceLearningStrategy.processIteration(J)Lbe/iminds/iot/dianne/api/nn/learn/LearnProgress;+553
j  be.iminds.iot.dianne.nn.learn.LearnerImpl.lambda$0(Ljava/lang/String;Ljava/util/Map;)V+87
j  be.iminds.iot.dianne.nn.learn.LearnerImpl$$Lambda$79.run()V+12
j  java.lang.Thread.run()V+11
v  ~StubRoutines::call_stub

---------------  P R O C E S S  ---------------

Java Threads: ( => current thread )
  0x00007f30a001f800 JavaThread "pool-8-thread-9" [_thread_blocked, id=3235, stack(0x00007f30cea96000,0x00007f30ceb97000)]
  0x00007f309c011000 JavaThread "pool-8-thread-8" [_thread_blocked, id=3234, stack(0x00007f30ceb97000,0x00007f30cec98000)]
  0x0000000001ca3000 JavaThread "pool-9-thread-1" [_thread_blocked, id=3233, stack(0x00007f30cec98000,0x00007f30ced99000)]
  0x0000000001ca0000 JavaThread "pool-8-thread-7" [_thread_blocked, id=3232, stack(0x00007f30ced99000,0x00007f30cee9a000)]
  0x00007f30a000d800 JavaThread "pool-8-thread-6" [_thread_blocked, id=3231, stack(0x00007f30cee9a000,0x00007f30cef9b000)]
  0x00007f309c00d000 JavaThread "pool-8-thread-5" [_thread_blocked, id=3230, stack(0x00007f30cef9b000,0x00007f30cf09c000)]
  0x00007f30a000c800 JavaThread "pool-8-thread-4" [_thread_blocked, id=3229, stack(0x00007f30cf09c000,0x00007f30cf19d000)]
  0x00007f30a8004800 JavaThread "pool-8-thread-3" [_thread_blocked, id=3228, stack(0x00007f30cf19d000,0x00007f30cf29e000)]
  0x00007f30a8002800 JavaThread "pool-8-thread-2" [_thread_blocked, id=3227, stack(0x00007f30cf29e000,0x00007f30cf39f000)]
  0x00007f30a4156800 JavaThread "pool-8-thread-1" [_thread_blocked, id=3226, stack(0x00007f30cf39f000,0x00007f30cf4a0000)]
=>0x00007f30b83d6000 JavaThread "Thread-32" [_thread_in_native, id=3225, stack(0x00007f30cf4a0000,0x00007f30cf5a1000)]
  0x00007f30b83ac800 JavaThread "pool-4-thread-1" [_thread_blocked, id=3224, stack(0x00007f30cf5a1000,0x00007f30cf6a2000)]
  0x00007f3110001000 JavaThread "Thread-31" daemon [_thread_blocked, id=3223, stack(0x00007f30cf6a2000,0x00007f30cf7a3000)]
  0x00007f3124246800 JavaThread "pool-5-thread-1" [_thread_blocked, id=3222, stack(0x00007f30cf7a3000,0x00007f30cf8a4000)]
  0x00007f3104001000 JavaThread "Thread-30" daemon [_thread_blocked, id=3221, stack(0x00007f30cf8a4000,0x00007f30cf9a5000)]
  0x00007f313000d000 JavaThread "pool-2-thread-2" [_thread_blocked, id=3192, stack(0x00007f30cfba5000,0x00007f30cfca6000)]
  0x00007f30d4ed9000 JavaThread "Thread-29" [_thread_in_native, id=3191, stack(0x00007f30cfca6000,0x00007f30cfda7000)]
  0x00007f30d4e57000 JavaThread "Java2D Disposer" daemon [_thread_blocked, id=3190, stack(0x00007f30dc031000,0x00007f30dc132000)]
  0x00007f3114019800 JavaThread "Thread-28" daemon [_thread_blocked, id=3189, stack(0x00007f318c0e3000,0x00007f318c1e4000)]
  0x00007f31c59b7000 JavaThread "process reaper" daemon [_thread_blocked, id=3183, stack(0x00007f318c1e4000,0x00007f318c21d000)]
  0x00007f31c5954800 JavaThread "pool-2-thread-1" [_thread_blocked, id=3181, stack(0x00007f318c21e000,0x00007f318c31f000)]
  0x00007f31c589d800 JavaThread "Thread-26" [_thread_blocked, id=3180, stack(0x00007f318c31f000,0x00007f318c420000)]
  0x00007f31c5822000 JavaThread "Thread-25" daemon [_thread_in_native, id=3179, stack(0x00007f318c420000,0x00007f318c521000)]
  0x00007f31c53a8800 JavaThread "SCR Component Actor" daemon [_thread_blocked, id=3178, stack(0x00007f318c721000,0x00007f318c822000)]
  0x00007f31c53aa000 JavaThread "Thread-24" daemon [_thread_blocked, id=3177, stack(0x00007f318c822000,0x00007f318c923000)]
  0x00007f3118004800 JavaThread "Thread-23" daemon [_thread_blocked, id=3176, stack(0x00007f318c923000,0x00007f318ca24000)]
  0x00007f3118003000 JavaThread "Thread-22" daemon [_thread_blocked, id=3175, stack(0x00007f318ca24000,0x00007f318cb25000)]
  0x00007f31c52c7800 JavaThread "Thread-21" daemon [_thread_blocked, id=3174, stack(0x00007f318cb25000,0x00007f318cc26000)]
  0x00007f3118001000 JavaThread "Thread-20" daemon [_thread_blocked, id=3173, stack(0x00007f318cc26000,0x00007f318cd27000)]
  0x00007f31c52b6000 JavaThread "Thread-19" daemon [_thread_blocked, id=3172, stack(0x00007f318cd27000,0x00007f318ce28000)]
  0x00007f31c52a2800 JavaThread "Thread-18" [_thread_blocked, id=3171, stack(0x00007f318ce28000,0x00007f318cf29000)]
  0x00007f31c5251000 JavaThread "Thread-17" daemon [_thread_blocked, id=3170, stack(0x00007f318cf29000,0x00007f318d02a000)]
  0x00007f31c524d000 JavaThread "Thread-16" daemon [_thread_blocked, id=3169, stack(0x00007f318d02a000,0x00007f318d12b000)]
  0x00007f31c522d000 JavaThread "Thread-14" daemon [_thread_blocked, id=3167, stack(0x00007f318d12b000,0x00007f318d22c000)]
  0x00007f31c51f1800 JavaThread "Thread-13" daemon [_thread_blocked, id=3166, stack(0x00007f318d22c000,0x00007f318d32d000)]
  0x00007f31c50d5800 JavaThread "Gogo shell" [_thread_in_native, id=3165, stack(0x00007f318d32d000,0x00007f318d42e000)]
  0x00007f31c4f15800 JavaThread "CM Event Dispatcher" daemon [_thread_blocked, id=3164, stack(0x00007f318d42e000,0x00007f318d52f000)]
  0x00007f31c4f14800 JavaThread "CM Configuration Updater" daemon [_thread_blocked, id=3163, stack(0x00007f318d52f000,0x00007f318d630000)]
  0x00007f31c4c4e800 JavaThread "qtp1822971466-22" [_thread_blocked, id=3162, stack(0x00007f318d843000,0x00007f318d944000)]
  0x00007f31c4c4c800 JavaThread "qtp1822971466-21" [_thread_blocked, id=3161, stack(0x00007f318d944000,0x00007f318da45000)]
  0x00007f31c4c4b000 JavaThread "qtp1822971466-20" [_thread_blocked, id=3160, stack(0x00007f318da45000,0x00007f318db46000)]
  0x00007f31c4c49800 JavaThread "qtp1822971466-19" [_thread_blocked, id=3159, stack(0x00007f318db46000,0x00007f318dc47000)]
  0x00007f31c4c47800 JavaThread "qtp1822971466-18 Acceptor1 SelectChannelConnector@0.0.0.0:8080" [_thread_blocked, id=3158, stack(0x00007f318dc47000,0x00007f318dd48000)]
  0x00007f31c4c46000 JavaThread "qtp1822971466-17 Acceptor0 SelectChannelConnector@0.0.0.0:8080" [_thread_in_native, id=3157, stack(0x00007f318dd48000,0x00007f318de49000)]
  0x00007f31c4c44000 JavaThread "qtp1822971466-16 Selector1" [_thread_in_native, id=3156, stack(0x00007f318de49000,0x00007f318df4a000)]
  0x00007f31c4c07800 JavaThread "qtp1822971466-15 Selector0" [_thread_in_native, id=3155, stack(0x00007f318df4a000,0x00007f318e04b000)]
  0x00007f31c4be7800 JavaThread "HashSessionScavenger-0" daemon [_thread_blocked, id=3154, stack(0x00007f318e04b000,0x00007f318e14c000)]
  0x00007f31c429a800 JavaThread "FrameworkWaiter" [_thread_blocked, id=3152, stack(0x00007f318e1ab000,0x00007f318e2ac000)]
  0x00007f31c41dc000 JavaThread "Timer-0" daemon [_thread_blocked, id=3151, stack(0x00007f318e2ac000,0x00007f318e3ad000)]
  0x00007f31c40dd000 JavaThread "Service Thread" daemon [_thread_blocked, id=3149, stack(0x00007f318e9c7000,0x00007f318eac8000)]
  0x00007f31c40bf800 JavaThread "C1 CompilerThread3" daemon [_thread_blocked, id=3148, stack(0x00007f318eac8000,0x00007f318ebc9000)]
  0x00007f31c40bb000 JavaThread "C2 CompilerThread2" daemon [_thread_blocked, id=3147, stack(0x00007f318ebc9000,0x00007f318ecca000)]
  0x00007f31c40b9800 JavaThread "C2 CompilerThread1" daemon [_thread_blocked, id=3146, stack(0x00007f318ecca000,0x00007f318edcb000)]
  0x00007f31c40b6800 JavaThread "C2 CompilerThread0" daemon [_thread_in_native, id=3145, stack(0x00007f318edcb000,0x00007f318eecc000)]
  0x00007f31c40b4800 JavaThread "Signal Dispatcher" daemon [_thread_blocked, id=3144, stack(0x00007f318eecc000,0x00007f318efcd000)]
  0x00007f31c408c000 JavaThread "Finalizer" daemon [_thread_blocked, id=3139, stack(0x00007f318f2f3000,0x00007f318f3f4000)]
  0x00007f31c4087800 JavaThread "Reference Handler" daemon [_thread_blocked, id=3138, stack(0x00007f318f3f4000,0x00007f318f4f5000)]
  0x00007f31c400a000 JavaThread "main" [_thread_blocked, id=3128, stack(0x00007f31ce065000,0x00007f31ce166000)]

Other Threads:
  0x00007f31c407f800 VMThread [stack: 0x00007f318f4f5000,0x00007f318f5f6000] [id=3137]
  0x00007f31c40df800 WatcherThread [stack: 0x00007f318e8c6000,0x00007f318e9c7000] [id=3150]

VM state:not at safepoint (normal execution)

VM Mutex/Monitor currently owned by a thread: None

Heap:
 PSYoungGen      total 836608K, used 720004K [0x000000076ca00000, 0x00000007bea00000, 0x00000007c0000000)
  eden space 825344K, 87% used [0x000000076ca00000,0x000000079884e630,0x000000079f000000)
  from space 11264K, 7% used [0x000000079f000000,0x000000079f0d2bf8,0x000000079fb00000)
  to   space 11264K, 0% used [0x00000007bdf00000,0x00000007bdf00000,0x00000007bea00000)
 ParOldGen       total 172032K, used 6443K [0x00000006c5e00000, 0x00000006d0600000, 0x000000076ca00000)
  object space 172032K, 3% used [0x00000006c5e00000,0x00000006c644ae18,0x00000006d0600000)
 Metaspace       used 16398K, capacity 18780K, committed 18944K, reserved 1064960K
  class space    used 1880K, capacity 2461K, committed 2560K, reserved 1048576K

Card table byte_map: [0x00007f31c9f59000,0x00007f31ca72b000] byte_map_base: 0x00007f31c692a000

Marking Bits: (ParMarkBitMap*) 0x00007f31cd33b220
 Begin Bits: [0x00007f31ad2f0000, 0x00007f31b1178000)
 End Bits:   [0x00007f31b1178000, 0x00007f31b5000000)

Polling page: 0x00007f31ce18d000

CodeCache: size=245760Kb used=8396Kb max_used=8857Kb free=237363Kb
 bounds [0x00007f31b5000000, 0x00007f31b58d0000, 0x00007f31c4000000]
 total_blobs=2691 nmethods=2286 adapters=319
 compilation: enabled

Compilation events (10 events):
Event: 26,687 Thread 0x00007f31c40bf800 2548       3       be.iminds.iot.dianne.nn.module.join.Multiply::backward (142 bytes)
Event: 26,688 Thread 0x00007f31c40bb000 2549       4       java.util.AbstractCollection::toArray (70 bytes)
Event: 26,688 Thread 0x00007f31c40bf800 nmethod 2548 0x00007f31b5180a50 code [0x00007f31b5180e20, 0x00007f31b5182e38]
Event: 26,689 Thread 0x00007f31c40bf800 2546   !   3       com.sun.proxy.$Proxy13::backward (44 bytes)
Event: 26,689 Thread 0x00007f31c40bf800 nmethod 2546 0x00007f31b529cc10 code [0x00007f31b529cdc0, 0x00007f31b529d518]
Event: 26,692 Thread 0x00007f31c40bb000 nmethod 2549 0x00007f31b557b3d0 code [0x00007f31b557b540, 0x00007f31b557b9b8]
Event: 26,693 Thread 0x00007f31c40bf800 2550   !   3       sun.reflect.GeneratedMethodAccessor23::invoke (68 bytes)
Event: 26,693 Thread 0x00007f31c40bf800 nmethod 2550 0x00007f31b53a39d0 code [0x00007f31b53a3bc0, 0x00007f31b53a4318]
Event: 26,704 Thread 0x00007f31c40b9800 2551       4       be.iminds.iot.dianne.tensor.Tensor::<init> (10 bytes)
Event: 26,705 Thread 0x00007f31c40b9800 nmethod 2551 0x00007f31b52c5210 code [0x00007f31b52c5360, 0x00007f31b52c53d8]

GC Heap History (10 events):
Event: 2,407 GC heap before
{Heap before GC invocations=7 (full 0):
 PSYoungGen      total 267264K, used 263523K [0x000000076ca00000, 0x000000077d900000, 0x00000007c0000000)
  eden space 258048K, 100% used [0x000000076ca00000,0x000000077c600000,0x000000077c600000)
  from space 9216K, 59% used [0x000000077d000000,0x000000077d558d20,0x000000077d900000)
  to   space 9728K, 0% used [0x000000077c600000,0x000000077c600000,0x000000077cf80000)
 ParOldGen       total 172032K, used 48K [0x00000006c5e00000, 0x00000006d0600000, 0x000000076ca00000)
  object space 172032K, 0% used [0x00000006c5e00000,0x00000006c5e0c000,0x00000006d0600000)
 Metaspace       used 14676K, capacity 16498K, committed 16768K, reserved 1064960K
  class space    used 1659K, capacity 2112K, committed 2176K, reserved 1048576K
Event: 2,414 GC heap after
Heap after GC invocations=7 (full 0):
 PSYoungGen      total 267776K, used 768K [0x000000076ca00000, 0x000000078d700000, 0x00000007c0000000)
  eden space 258048K, 0% used [0x000000076ca00000,0x000000076ca00000,0x000000077c600000)
  from space 9728K, 7% used [0x000000077c600000,0x000000077c6c0020,0x000000077cf80000)
  to   space 10752K, 0% used [0x000000078cc80000,0x000000078cc80000,0x000000078d700000)
 ParOldGen       total 172032K, used 4905K [0x00000006c5e00000, 0x00000006d0600000, 0x000000076ca00000)
  object space 172032K, 2% used [0x00000006c5e00000,0x00000006c62ca650,0x00000006d0600000)
 Metaspace       used 14676K, capacity 16498K, committed 16768K, reserved 1064960K
  class space    used 1659K, capacity 2112K, committed 2176K, reserved 1048576K
}
Event: 2,464 GC heap before
{Heap before GC invocations=8 (full 0):
 PSYoungGen      total 267776K, used 258816K [0x000000076ca00000, 0x000000078d700000, 0x00000007c0000000)
  eden space 258048K, 100% used [0x000000076ca00000,0x000000077c600000,0x000000077c600000)
  from space 9728K, 7% used [0x000000077c600000,0x000000077c6c0020,0x000000077cf80000)
  to   space 10752K, 0% used [0x000000078cc80000,0x000000078cc80000,0x000000078d700000)
 ParOldGen       total 172032K, used 4905K [0x00000006c5e00000, 0x00000006d0600000, 0x000000076ca00000)
  object space 172032K, 2% used [0x00000006c5e00000,0x00000006c62ca650,0x00000006d0600000)
 Metaspace       used 14681K, capacity 16498K, committed 16768K, reserved 1064960K
  class space    used 1659K, capacity 2112K, committed 2176K, reserved 1048576K
Event: 2,465 GC heap after
Heap after GC invocations=8 (full 0):
 PSYoungGen      total 526336K, used 670K [0x000000076ca00000, 0x000000078d800000, 0x00000007c0000000)
  eden space 515584K, 0% used [0x000000076ca00000,0x000000076ca00000,0x000000078c180000)
  from space 10752K, 6% used [0x000000078cc80000,0x000000078cd27b00,0x000000078d700000)
  to   space 11264K, 0% used [0x000000078c180000,0x000000078c180000,0x000000078cc80000)
 ParOldGen       total 172032K, used 5202K [0x00000006c5e00000, 0x00000006d0600000, 0x000000076ca00000)
  object space 172032K, 3% used [0x00000006c5e00000,0x00000006c63148f0,0x00000006d0600000)
 Metaspace       used 14681K, capacity 16498K, committed 16768K, reserved 1064960K
  class space    used 1659K, capacity 2112K, committed 2176K, reserved 1048576K
}
Event: 2,534 GC heap before
{Heap before GC invocations=9 (full 0):
 PSYoungGen      total 526336K, used 516254K [0x000000076ca00000, 0x000000078d800000, 0x00000007c0000000)
  eden space 515584K, 100% used [0x000000076ca00000,0x000000078c180000,0x000000078c180000)
  from space 10752K, 6% used [0x000000078cc80000,0x000000078cd27b00,0x000000078d700000)
  to   space 11264K, 0% used [0x000000078c180000,0x000000078c180000,0x000000078cc80000)
 ParOldGen       total 172032K, used 5202K [0x00000006c5e00000, 0x00000006d0600000, 0x000000076ca00000)
  object space 172032K, 3% used [0x00000006c5e00000,0x00000006c63148f0,0x00000006d0600000)
 Metaspace       used 14685K, capacity 16498K, committed 16768K, reserved 1064960K
  class space    used 1659K, capacity 2112K, committed 2176K, reserved 1048576K
Event: 2,535 GC heap after
Heap after GC invocations=9 (full 0):
 PSYoungGen      total 526848K, used 862K [0x000000076ca00000, 0x00000007a0600000, 0x00000007c0000000)
  eden space 515584K, 0% used [0x000000076ca00000,0x000000076ca00000,0x000000078c180000)
  from space 11264K, 7% used [0x000000078c180000,0x000000078c257b20,0x000000078cc80000)
  to   space 11264K, 0% used [0x000000079fb00000,0x000000079fb00000,0x00000007a0600000)
 ParOldGen       total 172032K, used 5319K [0x00000006c5e00000, 0x00000006d0600000, 0x000000076ca00000)
  object space 172032K, 3% used [0x00000006c5e00000,0x00000006c6331f88,0x00000006d0600000)
 Metaspace       used 14685K, capacity 16498K, committed 16768K, reserved 1064960K
  class space    used 1659K, capacity 2112K, committed 2176K, reserved 1048576K
}
Event: 2,620 GC heap before
{Heap before GC invocations=10 (full 0):
 PSYoungGen      total 526848K, used 516446K [0x000000076ca00000, 0x00000007a0600000, 0x00000007c0000000)
  eden space 515584K, 100% used [0x000000076ca00000,0x000000078c180000,0x000000078c180000)
  from space 11264K, 7% used [0x000000078c180000,0x000000078c257b20,0x000000078cc80000)
  to   space 11264K, 0% used [0x000000079fb00000,0x000000079fb00000,0x00000007a0600000)
 ParOldGen       total 172032K, used 5319K [0x00000006c5e00000, 0x00000006d0600000, 0x000000076ca00000)
  object space 172032K, 3% used [0x00000006c5e00000,0x00000006c6331f88,0x00000006d0600000)
 Metaspace       used 14713K, capacity 16506K, committed 16768K, reserved 1064960K
  class space    used 1661K, capacity 2115K, committed 2176K, reserved 1048576K
Event: 2,621 GC heap after
Heap after GC invocations=10 (full 0):
 PSYoungGen      total 836608K, used 918K [0x000000076ca00000, 0x00000007a0600000, 0x00000007c0000000)
  eden space 825344K, 0% used [0x000000076ca00000,0x000000076ca00000,0x000000079f000000)
  from space 11264K, 8% used [0x000000079fb00000,0x000000079fbe58d8,0x00000007a0600000)
  to   space 11264K, 0% used [0x000000079f000000,0x000000079f000000,0x000000079fb00000)
 ParOldGen       total 172032K, used 5781K [0x00000006c5e00000, 0x00000006d0600000, 0x000000076ca00000)
  object space 172032K, 3% used [0x00000006c5e00000,0x00000006c63a57e0,0x00000006d0600000)
 Metaspace       used 14713K, capacity 16506K, committed 16768K, reserved 1064960K
  class space    used 1661K, capacity 2115K, committed 2176K, reserved 1048576K
}
Event: 2,747 GC heap before
{Heap before GC invocations=11 (full 0):
 PSYoungGen      total 836608K, used 826262K [0x000000076ca00000, 0x00000007a0600000, 0x00000007c0000000)
  eden space 825344K, 100% used [0x000000076ca00000,0x000000079f000000,0x000000079f000000)
  from space 11264K, 8% used [0x000000079fb00000,0x000000079fbe58d8,0x00000007a0600000)
  to   space 11264K, 0% used [0x000000079f000000,0x000000079f000000,0x000000079fb00000)
 ParOldGen       total 172032K, used 5781K [0x00000006c5e00000, 0x00000006d0600000, 0x000000076ca00000)
  object space 172032K, 3% used [0x00000006c5e00000,0x00000006c63a57e0,0x00000006d0600000)
 Metaspace       used 14749K, capacity 16608K, committed 16768K, reserved 1064960K
  class space    used 1664K, capacity 2148K, committed 2176K, reserved 1048576K
Event: 2,749 GC heap after
Heap after GC invocations=11 (full 0):
 PSYoungGen      total 836608K, used 842K [0x000000076ca00000, 0x00000007bea00000, 0x00000007c0000000)
  eden space 825344K, 0% used [0x000000076ca00000,0x000000076ca00000,0x000000079f000000)
  from space 11264K, 7% used [0x000000079f000000,0x000000079f0d2bf8,0x000000079fb00000)
  to   space 11264K, 0% used [0x00000007bdf00000,0x00000007bdf00000,0x00000007bea00000)
 ParOldGen       total 172032K, used 6443K [0x00000006c5e00000, 0x00000006d0600000, 0x000000076ca00000)
  object space 172032K, 3% used [0x00000006c5e00000,0x00000006c644ae18,0x00000006d0600000)
 Metaspace       used 14749K, capacity 16608K, committed 16768K, reserved 1064960K
  class space    used 1664K, capacity 2148K, committed 2176K, reserved 1048576K
}

Deoptimization events (10 events):
Event: 25,770 Thread 0x00007f3124246800 Uncommon trap: reason=unstable_if action=reinterpret pc=0x00007f31b5709f0c method=java.util.regex.Pattern$Start.match(Ljava/util/regex/Matcher;ILjava/lang/CharSequence;)Z @ 10
Event: 26,064 Thread 0x00007f3124246800 Uncommon trap: reason=unstable_if action=reinterpret pc=0x00007f31b58197e4 method=java.io.BufferedOutputStream.write(I)V @ 9
Event: 26,121 Thread 0x00007f3124246800 Uncommon trap: reason=unstable_if action=reinterpret pc=0x00007f31b581c02c method=be.iminds.iot.dianne.repository.file.DianneFileRepository.store(Ljava/util/UUID;Lbe/iminds/iot/dianne/tensor/Tensor;[Ljava/lang/String;)V @ 117
Event: 26,531 Thread 0x00007f30a000c800 Uncommon trap: reason=unstable_if action=reinterpret pc=0x00007f31b58b23c4 method=java.util.concurrent.locks.ReentrantReadWriteLock$Sync.tryReleaseShared(I)Z @ 130
Event: 26,662 Thread 0x0000000001ca0000 Uncommon trap: reason=predicate action=maybe_recompile pc=0x00007f31b5369138 method=java.util.AbstractCollection.toArray([Ljava/lang/Object;)[Ljava/lang/Object; @ 49
Event: 26,675 Thread 0x00007f30a8004800 Uncommon trap: reason=array_check action=maybe_recompile pc=0x00007f31b51dd670 method=java.util.AbstractCollection.toArray([Ljava/lang/Object;)[Ljava/lang/Object; @ 119
Event: 26,675 Thread 0x00007f30a000c800 Uncommon trap: reason=array_check action=maybe_recompile pc=0x00007f31b51dd670 method=java.util.AbstractCollection.toArray([Ljava/lang/Object;)[Ljava/lang/Object; @ 119
Event: 26,675 Thread 0x00007f30a000d800 Uncommon trap: reason=array_check action=maybe_recompile pc=0x00007f31b51dd670 method=java.util.AbstractCollection.toArray([Ljava/lang/Object;)[Ljava/lang/Object; @ 119
Event: 26,675 Thread 0x00007f309c00d000 Uncommon trap: reason=array_check action=maybe_recompile pc=0x00007f31b51dd670 method=java.util.AbstractCollection.toArray([Ljava/lang/Object;)[Ljava/lang/Object; @ 119
Event: 26,675 Thread 0x00007f30a000c800 Uncommon trap: reason=array_check action=maybe_recompile pc=0x00007f31b51dd670 method=java.util.AbstractCollection.toArray([Ljava/lang/Object;)[Ljava/lang/Object; @ 119

Internal exceptions (10 events):
Event: 25,809 Thread 0x00007f3124246800 Exception <a 'java/lang/reflect/InvocationTargetException'> (0x0000000792060878) thrown at [/build/openjdk-8-YiEakL/openjdk-8-8u121-b13/src/hotspot/src/share/vm/runtime/reflection.cpp, line 1092]
Event: 25,851 Thread 0x00007f3124246800 Exception <a 'java/lang/reflect/InvocationTargetException'> (0x000000079330db80) thrown at [/build/openjdk-8-YiEakL/openjdk-8-8u121-b13/src/hotspot/src/share/vm/runtime/reflection.cpp, line 1092]
Event: 25,860 Thread 0x00007f3124246800 Exception <a 'java/lang/reflect/InvocationTargetException'> (0x0000000793657e78) thrown at [/build/openjdk-8-YiEakL/openjdk-8-8u121-b13/src/hotspot/src/share/vm/runtime/reflection.cpp, line 1092]
Event: 25,883 Thread 0x00007f3124246800 Exception <a 'java/lang/reflect/InvocationTargetException'> (0x00000007941f20c8) thrown at [/build/openjdk-8-YiEakL/openjdk-8-8u121-b13/src/hotspot/src/share/vm/runtime/reflection.cpp, line 1092]
Event: 25,887 Thread 0x00007f3124246800 Exception <a 'java/lang/reflect/InvocationTargetException'> (0x00000007943d5020) thrown at [/build/openjdk-8-YiEakL/openjdk-8-8u121-b13/src/hotspot/src/share/vm/runtime/reflection.cpp, line 1092]
Event: 26,095 Thread 0x00007f31c589d800 Exception <a 'java/io/IOException'> (0x000000078cb4c9c8) thrown at [/build/openjdk-8-YiEakL/openjdk-8-8u121-b13/src/hotspot/src/share/vm/prims/jni.cpp, line 709]
Event: 26,095 Thread 0x00007f31c589d800 Exception <a 'java/io/IOException'> (0x000000078cb53bb8) thrown at [/build/openjdk-8-YiEakL/openjdk-8-8u121-b13/src/hotspot/src/share/vm/prims/jni.cpp, line 709]
Event: 26,095 Thread 0x00007f31c589d800 Exception <a 'java/io/IOException'> (0x000000078cb5b3c8) thrown at [/build/openjdk-8-YiEakL/openjdk-8-8u121-b13/src/hotspot/src/share/vm/prims/jni.cpp, line 709]
Event: 26,705 Thread 0x00007f30b83d6000 Exception <a 'java/lang/Exception': out of range at /home/jens/Documents/Git/dianne/be.iminds.iot.dianne.tensor.native/jni/cutorch/cutorch/lib/THC/generic/THCTensor.c:405> (0x0000000796e8bff0) thrown at [/build/openjdk-8-YiEakL/openjdk-8-8u121-b13/src/hot
Event: 26,705 Thread 0x00007f30b83d6000 Exception <a 'java/lang/Exception': out of range at /home/jens/Documents/Git/dianne/be.iminds.iot.dianne.tensor.native/jni/cutorch/cutorch/lib/THC/generic/THCTensor.c:406> (0x0000000796e8c330) thrown at [/build/openjdk-8-YiEakL/openjdk-8-8u121-b13/src/hot

Events (10 events):
Event: 26,675 Thread 0x00007f30a000c800 DEOPT UNPACKING pc=0x00007f31b5004f69 sp=0x00007f30cf19b348 mode 2
Event: 26,675 Thread 0x00007f30a000d800 Uncommon trap: trap_request=0xffffffd6 fr.pc=0x00007f31b51dd670
Event: 26,675 Thread 0x00007f30a000d800 DEOPT PACKING pc=0x00007f31b51dd670 sp=0x00007f30cef99380
Event: 26,675 Thread 0x00007f30a000d800 DEOPT UNPACKING pc=0x00007f31b5004f69 sp=0x00007f30cef99348 mode 2
Event: 26,675 Thread 0x00007f309c00d000 Uncommon trap: trap_request=0xffffffd6 fr.pc=0x00007f31b51dd670
Event: 26,675 Thread 0x00007f30a000c800 Uncommon trap: trap_request=0xffffffd6 fr.pc=0x00007f31b51dd670
Event: 26,675 Thread 0x00007f309c00d000 DEOPT PACKING pc=0x00007f31b51dd670 sp=0x00007f30cf09a3b0
Event: 26,675 Thread 0x00007f30a000c800 DEOPT PACKING pc=0x00007f31b51dd670 sp=0x00007f30cf19b3b0
Event: 26,675 Thread 0x00007f309c00d000 DEOPT UNPACKING pc=0x00007f31b5004f69 sp=0x00007f30cf09a368 mode 2
Event: 26,675 Thread 0x00007f30a000c800 DEOPT UNPACKING pc=0x00007f31b5004f69 sp=0x00007f30cf19b368 mode 2


Dynamic libraries:
00400000-00401000 r-xp 00000000 08:15 4069687                            /usr/lib/jvm/java-8-openjdk-amd64/jre/bin/java
00600000-00601000 r--p 00000000 08:15 4069687                            /usr/lib/jvm/java-8-openjdk-amd64/jre/bin/java
00601000-00602000 rw-p 00001000 08:15 4069687                            /usr/lib/jvm/java-8-openjdk-amd64/jre/bin/java
01c89000-01ccb000 rw-p 00000000 00:00 0                                  [heap]
200000000-400000000 ---p 00000000 00:00 0 
6c5e00000-6d0600000 rw-p 00000000 00:00 0 
6d0600000-76ca00000 ---p 00000000 00:00 0 
76ca00000-7bea00000 rw-p 00000000 00:00 0 
7bea00000-7c0000000 ---p 00000000 00:00 0 
7c0000000-7c0280000 rw-p 00000000 00:00 0 
7c0280000-800000000 ---p 00000000 00:00 0 
800000000-800100000 rw-s 374b57000 00:06 541                             /dev/nvidiactl
800100000-800104000 rw-s 37445b000 00:06 541                             /dev/nvidiactl
800104000-800120000 ---p 00000000 00:00 0 
800120000-800520000 rw-s 374468000 00:06 541                             /dev/nvidiactl
800520000-800524000 rw-s 37407e000 00:06 541                             /dev/nvidiactl
800524000-800540000 ---p 00000000 00:00 0 
800540000-800940000 rw-s 3740a6000 00:06 541                             /dev/nvidiactl
800940000-800a40000 rw-s b08fe000 00:06 541                              /dev/nvidiactl
800a40000-800b40000 rw-s b0a1d000 00:06 541                              /dev/nvidiactl
800b40000-800c40000 rw-s b0b20000 00:06 541                              /dev/nvidiactl
800c40000-800d40000 rw-s 373c5f000 00:06 541                             /dev/nvidiactl
800d40000-800e40000 rw-s 373d62000 00:06 541                             /dev/nvidiactl
800e40000-800ec2000 rw-s 373e69000 00:06 541                             /dev/nvidiactl
800ec2000-d00000000 ---p 00000000 00:00 0 
7f309c000000-7f309c026000 rw-p 00000000 00:00 0 
7f309c026000-7f30a0000000 ---p 00000000 00:00 0 
7f30a0000000-7f30a0035000 rw-p 00000000 00:00 0 
7f30a0035000-7f30a4000000 ---p 00000000 00:00 0 
7f30a4000000-7f30a4285000 rw-p 00000000 00:00 0 
7f30a4285000-7f30a8000000 ---p 00000000 00:00 0 
7f30a8000000-7f30a8024000 rw-p 00000000 00:00 0 
7f30a8024000-7f30ac000000 ---p 00000000 00:00 0 
7f30ac000000-7f30ac021000 rw-p 00000000 00:00 0 
7f30ac021000-7f30b0000000 ---p 00000000 00:00 0 
7f30b0000000-7f30b0021000 rw-p 00000000 00:00 0 
7f30b0021000-7f30b4000000 ---p 00000000 00:00 0 
7f30b4000000-7f30b4021000 rw-p 00000000 00:00 0 
7f30b4021000-7f30b8000000 ---p 00000000 00:00 0 
7f30b8000000-7f30b87b3000 rw-p 00000000 00:00 0 
7f30b87b3000-7f30bc000000 ---p 00000000 00:00 0 
7f30bc000000-7f30bc021000 rw-p 00000000 00:00 0 
7f30bc021000-7f30c0000000 ---p 00000000 00:00 0 
7f30c0000000-7f30c0021000 rw-p 00000000 00:00 0 
7f30c0021000-7f30c4000000 ---p 00000000 00:00 0 
7f30c4000000-7f30c4021000 rw-p 00000000 00:00 0 
7f30c4021000-7f30c8000000 ---p 00000000 00:00 0 
7f30c8000000-7f30c8021000 rw-p 00000000 00:00 0 
7f30c8021000-7f30cc000000 ---p 00000000 00:00 0 
7f30cea96000-7f30cea99000 ---p 00000000 00:00 0 
7f30cea99000-7f30ceb97000 rw-p 00000000 00:00 0 
7f30ceb97000-7f30ceb9a000 ---p 00000000 00:00 0 
7f30ceb9a000-7f30cec98000 rw-p 00000000 00:00 0 
7f30cec98000-7f30cec9b000 ---p 00000000 00:00 0 
7f30cec9b000-7f30ced99000 rw-p 00000000 00:00 0 
7f30ced99000-7f30ced9c000 ---p 00000000 00:00 0 
7f30ced9c000-7f30cee9a000 rw-p 00000000 00:00 0 
7f30cee9a000-7f30cee9d000 ---p 00000000 00:00 0 
7f30cee9d000-7f30cef9b000 rw-p 00000000 00:00 0 
7f30cef9b000-7f30cef9e000 ---p 00000000 00:00 0 
7f30cef9e000-7f30cf09c000 rw-p 00000000 00:00 0 
7f30cf09c000-7f30cf09f000 ---p 00000000 00:00 0 
7f30cf09f000-7f30cf19d000 rw-p 00000000 00:00 0 
7f30cf19d000-7f30cf1a0000 ---p 00000000 00:00 0 
7f30cf1a0000-7f30cf29e000 rw-p 00000000 00:00 0 
7f30cf29e000-7f30cf2a1000 ---p 00000000 00:00 0 
7f30cf2a1000-7f30cf39f000 rw-p 00000000 00:00 0 
7f30cf39f000-7f30cf3a2000 ---p 00000000 00:00 0 
7f30cf3a2000-7f30cf4a0000 rw-p 00000000 00:00 0 
7f30cf4a0000-7f30cf4a3000 ---p 00000000 00:00 0 
7f30cf4a3000-7f30cf5a1000 rw-p 00000000 00:00 0 
7f30cf5a1000-7f30cf5a4000 ---p 00000000 00:00 0 
7f30cf5a4000-7f30cf6a2000 rw-p 00000000 00:00 0 
7f30cf6a2000-7f30cf6a5000 ---p 00000000 00:00 0 
7f30cf6a5000-7f30cf7a3000 rw-p 00000000 00:00 0 
7f30cf7a3000-7f30cf7a6000 ---p 00000000 00:00 0 
7f30cf7a6000-7f30cf8a4000 rw-p 00000000 00:00 0 
7f30cf8a4000-7f30cf8a7000 ---p 00000000 00:00 0 
7f30cf8a7000-7f30cfba5000 rw-p 00000000 00:00 0 
7f30cfba5000-7f30cfba8000 ---p 00000000 00:00 0 
7f30cfba8000-7f30cfca6000 rw-p 00000000 00:00 0 
7f30cfca6000-7f30cfca9000 ---p 00000000 00:00 0 
7f30cfca9000-7f30cfda7000 rw-p 00000000 00:00 0 
7f30cfda7000-7f30cfdfe000 r-xp 00000000 08:15 2368299                    /usr/lib/x86_64-linux-gnu/libjpeg.so.8.0.2
7f30cfdfe000-7f30cfffe000 ---p 00057000 08:15 2368299                    /usr/lib/x86_64-linux-gnu/libjpeg.so.8.0.2
7f30cfffe000-7f30cffff000 r--p 00057000 08:15 2368299                    /usr/lib/x86_64-linux-gnu/libjpeg.so.8.0.2
7f30cffff000-7f30d0000000 rw-p 00058000 08:15 2368299                    /usr/lib/x86_64-linux-gnu/libjpeg.so.8.0.2
7f30d0000000-7f30d4ee5000 rw-p 00000000 00:00 0 
7f30d4ee5000-7f30d8000000 ---p 00000000 00:00 0 
7f30d8000000-7f30d8021000 rw-p 00000000 00:00 0 
7f30d8021000-7f30dc000000 ---p 00000000 00:00 0 
7f30dc031000-7f30dc034000 ---p 00000000 00:00 0 
7f30dc034000-7f30dc132000 rw-p 00000000 00:00 0 
7f30dc132000-7f30dc13c000 r-xp 00000000 08:15 3283078                    /usr/lib/jvm/java-8-openjdk-amd64/jre/lib/amd64/libjavajpeg.so
7f30dc13c000-7f30dc33b000 ---p 0000a000 08:15 3283078                    /usr/lib/jvm/java-8-openjdk-amd64/jre/lib/amd64/libjavajpeg.so
7f30dc33b000-7f30dc33c000 r--p 00009000 08:15 3283078                    /usr/lib/jvm/java-8-openjdk-amd64/jre/lib/amd64/libjavajpeg.so
7f30dc33c000-7f30dc33d000 rw-p 0000a000 08:15 3283078                    /usr/lib/jvm/java-8-openjdk-amd64/jre/lib/amd64/libjavajpeg.so
7f30dc33d000-7f30dc342000 r-xp 00000000 08:15 2367576                    /usr/lib/x86_64-linux-gnu/libXdmcp.so.6.0.0
7f30dc342000-7f30dc541000 ---p 00005000 08:15 2367576                    /usr/lib/x86_64-linux-gnu/libXdmcp.so.6.0.0
7f30dc541000-7f30dc542000 r--p 00004000 08:15 2367576                    /usr/lib/x86_64-linux-gnu/libXdmcp.so.6.0.0
7f30dc542000-7f30dc543000 rw-p 00005000 08:15 2367576                    /usr/lib/x86_64-linux-gnu/libXdmcp.so.6.0.0
7f30dc543000-7f30dc545000 r-xp 00000000 08:15 2367565                    /usr/lib/x86_64-linux-gnu/libXau.so.6.0.0
7f30dc545000-7f30dc745000 ---p 00002000 08:15 2367565                    /usr/lib/x86_64-linux-gnu/libXau.so.6.0.0
7f30dc745000-7f30dc746000 r--p 00002000 08:15 2367565                    /usr/lib/x86_64-linux-gnu/libXau.so.6.0.0
7f30dc746000-7f30dc747000 rw-p 00003000 08:15 2367565                    /usr/lib/x86_64-linux-gnu/libXau.so.6.0.0
7f30dc747000-7f30dc768000 r-xp 00000000 08:15 2368943                    /usr/lib/x86_64-linux-gnu/libxcb.so.1.1.0
7f30dc768000-7f30dc967000 ---p 00021000 08:15 2368943                    /usr/lib/x86_64-linux-gnu/libxcb.so.1.1.0
7f30dc967000-7f30dc968000 r--p 00020000 08:15 2368943                    /usr/lib/x86_64-linux-gnu/libxcb.so.1.1.0
7f30dc968000-7f30dc969000 rw-p 00021000 08:15 2368943                    /usr/lib/x86_64-linux-gnu/libxcb.so.1.1.0
7f30dc969000-7f30dc978000 r-xp 00000000 08:15 2367586                    /usr/lib/x86_64-linux-gnu/libXi.so.6.1.0
7f30dc978000-7f30dcb77000 ---p 0000f000 08:15 2367586                    /usr/lib/x86_64-linux-gnu/libXi.so.6.1.0
7f30dcb77000-7f30dcb78000 r--p 0000e000 08:15 2367586                    /usr/lib/x86_64-linux-gnu/libXi.so.6.1.0
7f30dcb78000-7f30dcb79000 rw-p 0000f000 08:15 2367586                    /usr/lib/x86_64-linux-gnu/libXi.so.6.1.0
7f30dcb79000-7f30dcb7e000 r-xp 00000000 08:15 2367604                    /usr/lib/x86_64-linux-gnu/libXtst.so.6.1.0
7f30dcb7e000-7f30dcd7d000 ---p 00005000 08:15 2367604                    /usr/lib/x86_64-linux-gnu/libXtst.so.6.1.0
7f30dcd7d000-7f30dcd7e000 r--p 00004000 08:15 2367604                    /usr/lib/x86_64-linux-gnu/libXtst.so.6.1.0
7f30dcd7e000-7f30dcd7f000 rw-p 00005000 08:15 2367604                    /usr/lib/x86_64-linux-gnu/libXtst.so.6.1.0
7f30dcd7f000-7f30dcd88000 r-xp 00000000 08:15 2367598                    /usr/lib/x86_64-linux-gnu/libXrender.so.1.3.0
7f30dcd88000-7f30dcf87000 ---p 00009000 08:15 2367598                    /usr/lib/x86_64-linux-gnu/libXrender.so.1.3.0
7f30dcf87000-7f30dcf88000 r--p 00008000 08:15 2367598                    /usr/lib/x86_64-linux-gnu/libXrender.so.1.3.0
7f30dcf88000-7f30dcf89000 rw-p 00009000 08:15 2367598                    /usr/lib/x86_64-linux-gnu/libXrender.so.1.3.0
7f30dcf89000-7f30dd0be000 r-xp 00000000 08:15 2367561                    /usr/lib/x86_64-linux-gnu/libX11.so.6.3.0
7f30dd0be000-7f30dd2be000 ---p 00135000 08:15 2367561                    /usr/lib/x86_64-linux-gnu/libX11.so.6.3.0
7f30dd2be000-7f30dd2bf000 r--p 00135000 08:15 2367561                    /usr/lib/x86_64-linux-gnu/libX11.so.6.3.0
7f30dd2bf000-7f30dd2c3000 rw-p 00136000 08:15 2367561                    /usr/lib/x86_64-linux-gnu/libX11.so.6.3.0
7f30dd2c3000-7f30dd2d4000 r-xp 00000000 08:15 2367578                    /usr/lib/x86_64-linux-gnu/libXext.so.6.4.0
7f30dd2d4000-7f30dd4d3000 ---p 00011000 08:15 2367578                    /usr/lib/x86_64-linux-gnu/libXext.so.6.4.0
7f30dd4d3000-7f30dd4d4000 r--p 00010000 08:15 2367578                    /usr/lib/x86_64-linux-gnu/libXext.so.6.4.0
7f30dd4d4000-7f30dd4d5000 rw-p 00011000 08:15 2367578                    /usr/lib/x86_64-linux-gnu/libXext.so.6.4.0
7f30dd4d5000-7f30dd529000 r-xp 00000000 08:15 3283099                    /usr/lib/jvm/java-8-openjdk-amd64/jre/lib/amd64/libawt_xawt.so
7f30dd529000-7f30dd729000 ---p 00054000 08:15 3283099                    /usr/lib/jvm/java-8-openjdk-amd64/jre/lib/amd64/libawt_xawt.so
7f30dd729000-7f30dd72a000 r--p 00054000 08:15 3283099                    /usr/lib/jvm/java-8-openjdk-amd64/jre/lib/amd64/libawt_xawt.so
7f30dd72a000-7f30dd72d000 rw-p 00055000 08:15 3283099                    /usr/lib/jvm/java-8-openjdk-amd64/jre/lib/amd64/libawt_xawt.so
7f30dd72d000-7f30dde08000 rw-p 00000000 00:00 0 
7f30dde08000-7f30dde09000 ---p 00000000 00:00 0 
7f30dde09000-7f30de609000 rw-p 00000000 00:00 0 
7f30de609000-7f30de60a000 ---p 00000000 00:00 0 
7f30de60a000-7f30dee0a000 rw-p 00000000 00:00 0 
7f30dee0a000-7f30dee0b000 ---p 00000000 00:00 0 
7f30dee0b000-7f30df60b000 rw-p 00000000 00:00 0 
7f30df60b000-7f30dfcd9000 r-xp 00000000 08:15 2360795                    /usr/lib/x86_64-linux-gnu/libcuda.so.375.39
7f30dfcd9000-7f30dfed8000 ---p 006ce000 08:15 2360795                    /usr/lib/x86_64-linux-gnu/libcuda.so.375.39
7f30dfed8000-7f30dfff4000 rw-p 006cd000 08:15 2360795                    /usr/lib/x86_64-linux-gnu/libcuda.so.375.39
7f30dfff4000-7f30e0000000 rw-p 00000000 00:00 0 
7f30e0000000-7f30e02c7000 rw-p 00000000 00:00 0 
7f30e02c7000-7f30e4000000 ---p 00000000 00:00 0 
7f30e4000000-7f30e4021000 rw-p 00000000 00:00 0 
7f30e4021000-7f30e8000000 ---p 00000000 00:00 0 
7f30e8062000-7f30e8102000 r-xp 00000000 08:15 3283102                    /usr/lib/jvm/java-8-openjdk-amd64/jre/lib/amd64/libawt.so
7f30e8102000-7f30e8302000 ---p 000a0000 08:15 3283102                    /usr/lib/jvm/java-8-openjdk-amd64/jre/lib/amd64/libawt.so
7f30e8302000-7f30e8303000 r--p 000a0000 08:15 3283102                    /usr/lib/jvm/java-8-openjdk-amd64/jre/lib/amd64/libawt.so
7f30e8303000-7f30e830e000 rw-p 000a1000 08:15 3283102                    /usr/lib/jvm/java-8-openjdk-amd64/jre/lib/amd64/libawt.so
7f30e830e000-7f30e8333000 rw-p 00000000 00:00 0 
7f30e8333000-7f30e8375000 r-xp 00000000 08:15 4325928                    /usr/lib/nvidia-375/libnvidia-fatbinaryloader.so.375.39
7f30e8375000-7f30e8574000 ---p 00042000 08:15 4325928                    /usr/lib/nvidia-375/libnvidia-fatbinaryloader.so.375.39
7f30e8574000-7f30e857e000 rw-p 00041000 08:15 4325928                    /usr/lib/nvidia-375/libnvidia-fatbinaryloader.so.375.39
7f30e857e000-7f30e877f000 rw-p 00000000 00:00 0 
7f30e877f000-7f30e8788000 r-xp 00000000 08:15 3283098                    /usr/lib/jvm/java-8-openjdk-amd64/jre/lib/amd64/libmanagement.so
7f30e8788000-7f30e8987000 ---p 00009000 08:15 3283098                    /usr/lib/jvm/java-8-openjdk-amd64/jre/lib/amd64/libmanagement.so
7f30e8987000-7f30e8988000 r--p 00008000 08:15 3283098                    /usr/lib/jvm/java-8-openjdk-amd64/jre/lib/amd64/libmanagement.so
7f30e8988000-7f30e8989000 rw-p 00009000 08:15 3283098                    /usr/lib/jvm/java-8-openjdk-amd64/jre/lib/amd64/libmanagement.so
7f30e8989000-7f30ebb94000 r-xp 00000000 08:15 4329124                    /home/jens/Documents/Git/dianne/tools/generated/fw/default/37/lib/libTensor.so
7f30ebb94000-7f30ebd93000 ---p 0320b000 08:15 4329124                    /home/jens/Documents/Git/dianne/tools/generated/fw/default/37/lib/libTensor.so
7f30ebd93000-7f30ebdb1000 r--p 0320a000 08:15 4329124                    /home/jens/Documents/Git/dianne/tools/generated/fw/default/37/lib/libTensor.so
7f30ebdb1000-7f30ebddc000 rw-p 03228000 08:15 4329124                    /home/jens/Documents/Git/dianne/tools/generated/fw/default/37/lib/libTensor.so
7f30ebddc000-7f30ec000000 rw-p 00000000 00:00 0 
7f30ec000000-7f30ec021000 rw-p 00000000 00:00 0 
7f30ec021000-7f30f0000000 ---p 00000000 00:00 0 
7f30f0000000-7f30f0021000 rw-p 00000000 00:00 0 
7f30f0021000-7f30f4000000 ---p 00000000 00:00 0 
7f30f4000000-7f30f4021000 rw-p 00000000 00:00 0 
7f30f4021000-7f30f8000000 ---p 00000000 00:00 0 
7f30f8000000-7f30f802a000 rw-p 00000000 00:00 0 
7f30f802a000-7f30fc000000 ---p 00000000 00:00 0 
7f30fc000000-7f30fc021000 rw-p 00000000 00:00 0 
7f30fc021000-7f3100000000 ---p 00000000 00:00 0 
7f3100000000-7f3100021000 rw-p 00000000 00:00 0 
7f3100021000-7f3104000000 ---p 00000000 00:00 0 
7f3104000000-7f3104021000 rw-p 00000000 00:00 0 
7f3104021000-7f3108000000 ---p 00000000 00:00 0 
7f3108000000-7f3108021000 rw-p 00000000 00:00 0 
7f3108021000-7f310c000000 ---p 00000000 00:00 0 
7f310c000000-7f310c021000 rw-p 00000000 00:00 0 
7f310c021000-7f3110000000 ---p 00000000 00:00 0 
7f3110000000-7f3110021000 rw-p 00000000 00:00 0 
7f3110021000-7f3114000000 ---p 00000000 00:00 0 
7f3114000000-7f3114021000 rw-p 00000000 00:00 0 
7f3114021000-7f3118000000 ---p 00000000 00:00 0 
7f3118000000-7f3118021000 rw-p 00000000 00:00 0 
7f3118021000-7f311c000000 ---p 00000000 00:00 0 
7f311c000000-7f311c021000 rw-p 00000000 00:00 0 
7f311c021000-7f3120000000 ---p 00000000 00:00 0 
7f3120000000-7f3120021000 rw-p 00000000 00:00 0 
7f3120021000-7f3124000000 ---p 00000000 00:00 0 
7f3124000000-7f312424e000 rw-p 00000000 00:00 0 
7f312424e000-7f3128000000 ---p 00000000 00:00 0 
7f3128000000-7f3128021000 rw-p 00000000 00:00 0 
7f3128021000-7f312c000000 ---p 00000000 00:00 0 
7f312c000000-7f312c04a000 rw-p 00000000 00:00 0 
7f312c04a000-7f3130000000 ---p 00000000 00:00 0 
7f3130000000-7f3130021000 rw-p 00000000 00:00 0 
7f3130021000-7f3134000000 ---p 00000000 00:00 0 
7f3134000000-7f3134021000 rw-p 00000000 00:00 0 
7f3134021000-7f3138000000 ---p 00000000 00:00 0 
7f3138000000-7f3138021000 rw-p 00000000 00:00 0 
7f3138021000-7f313c000000 ---p 00000000 00:00 0 
7f313c000000-7f313c021000 rw-p 00000000 00:00 0 
7f313c021000-7f3140000000 ---p 00000000 00:00 0 
7f3140000000-7f3140021000 rw-p 00000000 00:00 0 
7f3140021000-7f3144000000 ---p 00000000 00:00 0 
7f3144000000-7f3144021000 rw-p 00000000 00:00 0 
7f3144021000-7f3148000000 ---p 00000000 00:00 0 
7f3148000000-7f3148021000 rw-p 00000000 00:00 0 
7f3148021000-7f314c000000 ---p 00000000 00:00 0 
7f314c000000-7f314c021000 rw-p 00000000 00:00 0 
7f314c021000-7f3150000000 ---p 00000000 00:00 0 
7f3150000000-7f3150021000 rw-p 00000000 00:00 0 
7f3150021000-7f3154000000 ---p 00000000 00:00 0 
7f3154000000-7f3154021000 rw-p 00000000 00:00 0 
7f3154021000-7f3158000000 ---p 00000000 00:00 0 
7f3158000000-7f3158021000 rw-p 00000000 00:00 0 
7f3158021000-7f315c000000 ---p 00000000 00:00 0 
7f315c000000-7f315c021000 rw-p 00000000 00:00 0 
7f315c021000-7f3160000000 ---p 00000000 00:00 0 
7f3160000000-7f3160021000 rw-p 00000000 00:00 0 
7f3160021000-7f3164000000 ---p 00000000 00:00 0 
7f3164000000-7f31647b9000 rw-p 00000000 00:00 0 
7f31647b9000-7f3168000000 ---p 00000000 00:00 0 
7f3168000000-7f3168021000 rw-p 00000000 00:00 0 
7f3168021000-7f316c000000 ---p 00000000 00:00 0 
7f316c000000-7f316c97e000 rw-p 00000000 00:00 0 
7f316c97e000-7f3170000000 ---p 00000000 00:00 0 
7f3170000000-7f3170d64000 rw-p 00000000 00:00 0 
7f3170d64000-7f3174000000 ---p 00000000 00:00 0 
7f3174000000-7f3174021000 rw-p 00000000 00:00 0 
7f3174021000-7f3178000000 ---p 00000000 00:00 0 
7f3178000000-7f3178ab6000 rw-p 00000000 00:00 0 
7f3178ab6000-7f317c000000 ---p 00000000 00:00 0 
7f317c000000-7f317c021000 rw-p 00000000 00:00 0 
7f317c021000-7f3180000000 ---p 00000000 00:00 0 
7f3180000000-7f3180021000 rw-p 00000000 00:00 0 
7f3180021000-7f3184000000 ---p 00000000 00:00 0 
7f3184000000-7f31840a9000 rw-p 00000000 00:00 0 
7f31840a9000-7f3188000000 ---p 00000000 00:00 0 
7f3188000000-7f3188021000 rw-p 00000000 00:00 0 
7f3188021000-7f318c000000 ---p 00000000 00:00 0 
7f318c0df000-7f318c0e0000 rw-s efde4000 00:06 542                        /dev/nvidia0
7f318c0e0000-7f318c0e1000 rw-s b08f8000 00:06 541                        /dev/nvidiactl
7f318c0e1000-7f318c0e2000 rw-s efde4000 00:06 542                        /dev/nvidia0
7f318c0e2000-7f318c0e3000 rw-s 37407c000 00:06 541                       /dev/nvidiactl
7f318c0e3000-7f318c0e6000 ---p 00000000 00:00 0 
7f318c0e6000-7f318c1e4000 rw-p 00000000 00:00 0 
7f318c1e4000-7f318c1e7000 ---p 00000000 00:00 0 
7f318c1e7000-7f318c21d000 rw-p 00000000 00:00 0 
7f318c21d000-7f318c21e000 r--p 00000000 00:00 0 
7f318c21e000-7f318c221000 ---p 00000000 00:00 0 
7f318c221000-7f318c31f000 rw-p 00000000 00:00 0 
7f318c31f000-7f318c322000 ---p 00000000 00:00 0 
7f318c322000-7f318c420000 rw-p 00000000 00:00 0 
7f318c420000-7f318c423000 ---p 00000000 00:00 0 
7f318c423000-7f318c721000 rw-p 00000000 00:00 0 
7f318c721000-7f318c724000 ---p 00000000 00:00 0 
7f318c724000-7f318c822000 rw-p 00000000 00:00 0 
7f318c822000-7f318c825000 ---p 00000000 00:00 0 
7f318c825000-7f318c923000 rw-p 00000000 00:00 0 
7f318c923000-7f318c926000 ---p 00000000 00:00 0 
7f318c926000-7f318ca24000 rw-p 00000000 00:00 0 
7f318ca24000-7f318ca27000 ---p 00000000 00:00 0 
7f318ca27000-7f318cb25000 rw-p 00000000 00:00 0 
7f318cb25000-7f318cb28000 ---p 00000000 00:00 0 
7f318cb28000-7f318cc26000 rw-p 00000000 00:00 0 
7f318cc26000-7f318cc29000 ---p 00000000 00:00 0 
7f318cc29000-7f318cd27000 rw-p 00000000 00:00 0 
7f318cd27000-7f318cd2a000 ---p 00000000 00:00 0 
7f318cd2a000-7f318ce28000 rw-p 00000000 00:00 0 
7f318ce28000-7f318ce2b000 ---p 00000000 00:00 0 
7f318ce2b000-7f318cf29000 rw-p 00000000 00:00 0 
7f318cf29000-7f318cf2c000 ---p 00000000 00:00 0 
7f318cf2c000-7f318d02a000 rw-p 00000000 00:00 0 
7f318d02a000-7f318d02d000 ---p 00000000 00:00 0 
7f318d02d000-7f318d12b000 rw-p 00000000 00:00 0 
7f318d12b000-7f318d12e000 ---p 00000000 00:00 0 
7f318d12e000-7f318d22c000 rw-p 00000000 00:00 0 
7f318d22c000-7f318d22f000 ---p 00000000 00:00 0 
7f318d22f000-7f318d32d000 rw-p 00000000 00:00 0 
7f318d32d000-7f318d330000 ---p 00000000 00:00 0 
7f318d330000-7f318d42e000 rw-p 00000000 00:00 0 
7f318d42e000-7f318d431000 ---p 00000000 00:00 0 
7f318d431000-7f318d52f000 rw-p 00000000 00:00 0 
7f318d52f000-7f318d532000 ---p 00000000 00:00 0 
7f318d532000-7f318d630000 rw-p 00000000 00:00 0 
7f318d630000-7f318d641000 r-xp 00000000 08:15 3283091                    /usr/lib/jvm/java-8-openjdk-amd64/jre/lib/amd64/libnio.so
7f318d641000-7f318d841000 ---p 00011000 08:15 3283091                    /usr/lib/jvm/java-8-openjdk-amd64/jre/lib/amd64/libnio.so
7f318d841000-7f318d842000 r--p 00011000 08:15 3283091                    /usr/lib/jvm/java-8-openjdk-amd64/jre/lib/amd64/libnio.so
7f318d842000-7f318d843000 rw-p 00012000 08:15 3283091                    /usr/lib/jvm/java-8-openjdk-amd64/jre/lib/amd64/libnio.so
7f318d843000-7f318d846000 ---p 00000000 00:00 0 
7f318d846000-7f318d944000 rw-p 00000000 00:00 0 
7f318d944000-7f318d947000 ---p 00000000 00:00 0 
7f318d947000-7f318da45000 rw-p 00000000 00:00 0 
7f318da45000-7f318da48000 ---p 00000000 00:00 0 
7f318da48000-7f318db46000 rw-p 00000000 00:00 0 
7f318db46000-7f318db49000 ---p 00000000 00:00 0 
7f318db49000-7f318dc47000 rw-p 00000000 00:00 0 
7f318dc47000-7f318dc4a000 ---p 00000000 00:00 0 
7f318dc4a000-7f318dd48000 rw-p 00000000 00:00 0 
7f318dd48000-7f318dd4b000 ---p 00000000 00:00 0 
7f318dd4b000-7f318de49000 rw-p 00000000 00:00 0 
7f318de49000-7f318de4c000 ---p 00000000 00:00 0 
7f318de4c000-7f318df4a000 rw-p 00000000 00:00 0 
7f318df4a000-7f318df4d000 ---p 00000000 00:00 0 
7f318df4d000-7f318e04b000 rw-p 00000000 00:00 0 
7f318e04b000-7f318e04e000 ---p 00000000 00:00 0 
7f318e04e000-7f318e14c000 rw-p 00000000 00:00 0 
7f318e14c000-7f318e14e000 r--s 0000d000 08:15 4329101                    /home/jens/Documents/Git/dianne/tools/generated/fw/default/45/bundle0
7f318e14e000-7f318e150000 r--s 00005000 08:15 4329098                    /home/jens/Documents/Git/dianne/tools/generated/fw/default/44/bundle0
7f318e150000-7f318e151000 r--s 00009000 08:15 4329095                    /home/jens/Documents/Git/dianne/tools/generated/fw/default/43/bundle0
7f318e151000-7f318e155000 r--s 00023000 08:15 4329092                    /home/jens/Documents/Git/dianne/tools/generated/fw/default/42/bundle0
7f318e155000-7f318e158000 r--s 0000a000 08:15 4329089                    /home/jens/Documents/Git/dianne/tools/generated/fw/default/41/bundle0
7f318e158000-7f318e15d000 r--s 00019000 08:15 4329086                    /home/jens/Documents/Git/dianne/tools/generated/fw/default/40/bundle0
7f318e15d000-7f318e160000 r--s 00020000 08:15 4329083                    /home/jens/Documents/Git/dianne/tools/generated/fw/default/39/bundle0
7f318e160000-7f318e161000 r--s 011c8000 08:15 4329080                    /home/jens/Documents/Git/dianne/tools/generated/fw/default/38/bundle0
7f318e161000-7f318e162000 r--s 00005000 08:15 4329066                    /home/jens/Documents/Git/dianne/tools/generated/fw/default/37/bundle0
7f318e162000-7f318e163000 r--s 0003d000 08:15 4329045                    /home/jens/Documents/Git/dianne/tools/generated/fw/default/36/bundle0
7f318e163000-7f318e165000 r--s 0000f000 08:15 4329036                    /home/jens/Documents/Git/dianne/tools/generated/fw/default/35/bundle0
7f318e165000-7f318e167000 r--s 00007000 08:15 4329033                    /home/jens/Documents/Git/dianne/tools/generated/fw/default/34/bundle0
7f318e167000-7f318e169000 r--s 0000a000 08:15 4329030                    /home/jens/Documents/Git/dianne/tools/generated/fw/default/33/bundle0
7f318e169000-7f318e16b000 r--s 00072000 08:15 4329027                    /home/jens/Documents/Git/dianne/tools/generated/fw/default/32/bundle0
7f318e16b000-7f318e16d000 r--s 00008000 08:15 4329011                    /home/jens/Documents/Git/dianne/tools/generated/fw/default/31/bundle0
7f318e16d000-7f318e171000 r--s 00018000 08:15 4328942                    /home/jens/Documents/Git/dianne/tools/generated/fw/default/30/bundle0
7f318e171000-7f318e172000 r--s 00008000 08:15 4328939                    /home/jens/Documents/Git/dianne/tools/generated/fw/default/29/bundle0
7f318e172000-7f318e173000 r--s 00005000 08:15 4328936                    /home/jens/Documents/Git/dianne/tools/generated/fw/default/28/bundle0
7f318e173000-7f318e177000 r--s 0001a000 08:15 4328933                    /home/jens/Documents/Git/dianne/tools/generated/fw/default/27/bundle0
7f318e177000-7f318e179000 r--s 00016000 08:15 4328930                    /home/jens/Documents/Git/dianne/tools/generated/fw/default/26/bundle0
7f318e179000-7f318e17b000 r--s 00012000 08:15 4328927                    /home/jens/Documents/Git/dianne/tools/generated/fw/default/25/bundle0
7f318e17b000-7f318e17c000 r--s 00008000 08:15 4328922                    /home/jens/Documents/Git/dianne/tools/generated/fw/default/24/bundle0
7f318e17c000-7f318e181000 r--s 0002f000 08:15 4328919                    /home/jens/Documents/Git/dianne/tools/generated/fw/default/23/bundle0
7f318e181000-7f318e183000 r--s 00012000 08:15 4328916                    /home/jens/Documents/Git/dianne/tools/generated/fw/default/22/bundle0
7f318e183000-7f318e189000 r--s 0006a000 08:15 4328913                    /home/jens/Documents/Git/dianne/tools/generated/fw/default/21/bundle0
7f318e189000-7f318e18b000 r--s 0000b000 08:15 4328900                    /home/jens/Documents/Git/dianne/tools/generated/fw/default/20/bundle0
7f318e18b000-7f318e190000 r--s 0002a000 08:15 4328695                    /home/jens/Documents/Git/dianne/tools/generated/fw/default/19/bundle0
7f318e190000-7f318e192000 r--s 00011000 08:15 4328685                    /home/jens/Documents/Git/dianne/tools/generated/fw/default/18/bundle0
7f318e192000-7f318e198000 r--s 00051000 08:15 4328358                    /home/jens/Documents/Git/dianne/tools/generated/fw/default/17/bundle0
7f318e198000-7f318e19a000 r--s 00010000 08:15 4328355                    /home/jens/Documents/Git/dianne/tools/generated/fw/default/16/bundle0
7f318e19a000-7f318e19c000 r--s 00004000 08:15 4326490                    /home/jens/Documents/Git/dianne/tools/generated/fw/default/15/bundle0
7f318e19c000-7f318e19f000 r--s 00014000 08:15 4326453                    /home/jens/Documents/Git/dianne/tools/generated/fw/default/14/bundle0
7f318e19f000-7f318e1a0000 r--s 0000b000 08:15 4326215                    /home/jens/Documents/Git/dianne/tools/generated/fw/default/13/bundle0
7f318e1a0000-7f318e1a4000 r--s 0001b000 08:15 4326205                    /home/jens/Documents/Git/dianne/tools/generated/fw/default/12/bundle0
7f318e1a4000-7f318e1a5000 r--s 0000c000 08:15 4326202                    /home/jens/Documents/Git/dianne/tools/generated/fw/default/11/bundle0
7f318e1a5000-7f318e1a8000 r--s 0001d000 08:15 4326199                    /home/jens/Documents/Git/dianne/tools/generated/fw/default/10/bundle0
7f318e1a8000-7f318e1ab000 r--s 00014000 08:15 4326191                    /home/jens/Documents/Git/dianne/tools/generated/fw/default/8/bundle0
7f318e1ab000-7f318e1ae000 ---p 00000000 00:00 0 
7f318e1ae000-7f318e2ac000 rw-p 00000000 00:00 0 
7f318e2ac000-7f318e2af000 ---p 00000000 00:00 0 
7f318e2af000-7f318e6ae000 rw-p 00000000 00:00 0 
7f318e6ae000-7f318e6c5000 r-xp 00000000 08:15 3283083                    /usr/lib/jvm/java-8-openjdk-amd64/jre/lib/amd64/libnet.so
7f318e6c5000-7f318e8c4000 ---p 00017000 08:15 3283083                    /usr/lib/jvm/java-8-openjdk-amd64/jre/lib/amd64/libnet.so
7f318e8c4000-7f318e8c5000 r--p 00016000 08:15 3283083                    /usr/lib/jvm/java-8-openjdk-amd64/jre/lib/amd64/libnet.so
7f318e8c5000-7f318e8c6000 rw-p 00017000 08:15 3283083                    /usr/lib/jvm/java-8-openjdk-amd64/jre/lib/amd64/libnet.so
7f318e8c6000-7f318e8c7000 ---p 00000000 00:00 0 
7f318e8c7000-7f318e9c7000 rw-p 00000000 00:00 0 
7f318e9c7000-7f318e9ca000 ---p 00000000 00:00 0 
7f318e9ca000-7f318eac8000 rw-p 00000000 00:00 0 
7f318eac8000-7f318eacb000 ---p 00000000 00:00 0 
7f318eacb000-7f318ebc9000 rw-p 00000000 00:00 0 
7f318ebc9000-7f318ebcc000 ---p 00000000 00:00 0 
7f318ebcc000-7f318ecca000 rw-p 00000000 00:00 0 
7f318ecca000-7f318eccd000 ---p 00000000 00:00 0 
7f318eccd000-7f318edcb000 rw-p 00000000 00:00 0 
7f318edcb000-7f318edce000 ---p 00000000 00:00 0 
7f318edce000-7f318eecc000 rw-p 00000000 00:00 0 
7f318eecc000-7f318eecf000 ---p 00000000 00:00 0 
7f318eecf000-7f318efcd000 rw-p 00000000 00:00 0 
7f318efcd000-7f318f2f3000 r--p 00000000 08:15 2360102                    /usr/lib/locale/locale-archive
7f318f2f3000-7f318f2f6000 ---p 00000000 00:00 0 
7f318f2f6000-7f318f3f4000 rw-p 00000000 00:00 0 
7f318f3f4000-7f318f3f7000 ---p 00000000 00:00 0 
7f318f3f7000-7f318f4f5000 rw-p 00000000 00:00 0 
7f318f4f5000-7f318f4f6000 ---p 00000000 00:00 0 
7f318f4f6000-7f3190000000 rw-p 00000000 00:00 0 
7f3190000000-7f3190021000 rw-p 00000000 00:00 0 
7f3190021000-7f3194000000 ---p 00000000 00:00 0 
7f3194000000-7f3194021000 rw-p 00000000 00:00 0 
7f3194021000-7f3198000000 ---p 00000000 00:00 0 
7f3198000000-7f319803b000 rw-p 00000000 00:00 0 
7f319803b000-7f319c000000 ---p 00000000 00:00 0 
7f319c000000-7f319c021000 rw-p 00000000 00:00 0 
7f319c021000-7f31a0000000 ---p 00000000 00:00 0 
7f31a0000000-7f31a0021000 rw-p 00000000 00:00 0 
7f31a0021000-7f31a4000000 ---p 00000000 00:00 0 
7f31a4000000-7f31a4021000 rw-p 00000000 00:00 0 
7f31a4021000-7f31a8000000 ---p 00000000 00:00 0 
7f31a8000000-7f31a8021000 rw-p 00000000 00:00 0 
7f31a8021000-7f31ac000000 ---p 00000000 00:00 0 
7f31ac000000-7f31ac002000 r--s 00008000 08:15 4326196                    /home/jens/Documents/Git/dianne/tools/generated/fw/default/9/bundle0
7f31ac002000-7f31ac014000 r--s 001b4000 08:15 4326188                    /home/jens/Documents/Git/dianne/tools/generated/fw/default/7/bundle0
7f31ac014000-7f31ac016000 r--s 00002000 08:15 4326185                    /home/jens/Documents/Git/dianne/tools/generated/fw/default/6/bundle0
7f31ac016000-7f31ac018000 r--s 0000a000 08:15 4326182                    /home/jens/Documents/Git/dianne/tools/generated/fw/default/5/bundle0
7f31ac018000-7f31ac01a000 r--s 00008000 08:15 4326179                    /home/jens/Documents/Git/dianne/tools/generated/fw/default/4/bundle0
7f31ac01a000-7f31ac01d000 r--s 00013000 08:15 3408291                    /home/jens/Documents/Git/dianne/tools/generated/fw/default/2/bundle0
7f31ac01d000-7f31ac021000 r--s 0009a000 08:15 3153609                    /usr/lib/jvm/java-8-openjdk-amd64/jre/lib/jsse.jar
7f31ac021000-7f31ac029000 r--s 0009c000 08:15 1575755                    /home/jens/Documents/Git/dianne/be.iminds.iot.dianne.launcher/generated/be.iminds.iot.dianne.launcher.jar
7f31ac029000-7f31ac033000 r--s 00116000 08:15 3425117                    /usr/lib/jvm/java-8-openjdk-amd64/jre/lib/ext/localedata.jar
7f31ac033000-7f31ac04e000 r--s 001d6000 08:15 3425111                    /usr/lib/jvm/java-8-openjdk-amd64/jre/lib/ext/nashorn.jar
7f31ac04e000-7f31ac069000 r--s 00394000 08:15 3425114                    /usr/lib/jvm/java-8-openjdk-amd64/jre/lib/ext/cldrdata.jar
7f31ac069000-7f31b5000000 rw-p 00000000 00:00 0 
7f31b5000000-7f31b58d0000 rwxp 00000000 00:00 0 
7f31b58d0000-7f31c4000000 ---p 00000000 00:00 0 
7f31c4000000-7f31c8000000 rw-p 00000000 00:00 0 
7f31c8000000-7f31c8002000 r--s 0000c000 08:15 4326176                    /home/jens/Documents/Git/dianne/tools/generated/fw/default/3/bundle0
7f31c8002000-7f31c8006000 r--s 0002a000 08:15 3155151                    /home/jens/Documents/Git/dianne/cnf/cache/3.3.0/bnd-cache/biz.aQute.launcher/biz.aQute.launcher-3.3.0.jar
7f31c8006000-7f31c81d4000 r--s 03c06000 08:15 3153613                    /usr/lib/jvm/java-8-openjdk-amd64/jre/lib/rt.jar
7f31c81d4000-7f31c921b000 rw-p 00000000 00:00 0 
7f31c921b000-7f31c921c000 ---p 00000000 00:00 0 
7f31c921c000-7f31c931c000 rw-p 00000000 00:00 0 
7f31c931c000-7f31c931d000 ---p 00000000 00:00 0 
7f31c931d000-7f31c941d000 rw-p 00000000 00:00 0 
7f31c941d000-7f31c941e000 ---p 00000000 00:00 0 
7f31c941e000-7f31c951e000 rw-p 00000000 00:00 0 
7f31c951e000-7f31c951f000 ---p 00000000 00:00 0 
7f31c951f000-7f31c961f000 rw-p 00000000 00:00 0 
7f31c961f000-7f31c9620000 ---p 00000000 00:00 0 
7f31c9620000-7f31c9720000 rw-p 00000000 00:00 0 
7f31c9720000-7f31c9721000 ---p 00000000 00:00 0 
7f31c9721000-7f31c9821000 rw-p 00000000 00:00 0 
7f31c9821000-7f31c9822000 ---p 00000000 00:00 0 
7f31c9822000-7f31c9922000 rw-p 00000000 00:00 0 
7f31c9922000-7f31c9923000 ---p 00000000 00:00 0 
7f31c9923000-7f31c9a77000 rw-p 00000000 00:00 0 
7f31c9a77000-7f31c9f59000 ---p 00000000 00:00 0 
7f31c9f59000-7f31c9fad000 rw-p 00000000 00:00 0 
7f31c9fad000-7f31ca48f000 ---p 00000000 00:00 0 
7f31ca48f000-7f31ca71f000 rw-p 00000000 00:00 0 
7f31ca71f000-7f31ca72a000 ---p 00000000 00:00 0 
7f31ca72a000-7f31ca74f000 rw-p 00000000 00:00 0 
7f31ca74f000-7f31caaeb000 ---p 00000000 00:00 0 
7f31caaeb000-7f31caaf3000 r-xp 00000000 08:15 3283081                    /usr/lib/jvm/java-8-openjdk-amd64/jre/lib/amd64/libzip.so
7f31caaf3000-7f31cacf2000 ---p 00008000 08:15 3283081                    /usr/lib/jvm/java-8-openjdk-amd64/jre/lib/amd64/libzip.so
7f31cacf2000-7f31cacf3000 r--p 00007000 08:15 3283081                    /usr/lib/jvm/java-8-openjdk-amd64/jre/lib/amd64/libzip.so
7f31cacf3000-7f31cacf4000 rw-p 00008000 08:15 3283081                    /usr/lib/jvm/java-8-openjdk-amd64/jre/lib/amd64/libzip.so
7f31cacf4000-7f31cacff000 r-xp 00000000 08:15 5111989                    /lib/x86_64-linux-gnu/libnss_files-2.23.so
7f31cacff000-7f31caefe000 ---p 0000b000 08:15 5111989                    /lib/x86_64-linux-gnu/libnss_files-2.23.so
7f31caefe000-7f31caeff000 r--p 0000a000 08:15 5111989                    /lib/x86_64-linux-gnu/libnss_files-2.23.so
7f31caeff000-7f31caf00000 rw-p 0000b000 08:15 5111989                    /lib/x86_64-linux-gnu/libnss_files-2.23.so
7f31caf00000-7f31caf06000 rw-p 00000000 00:00 0 
7f31caf06000-7f31caf11000 r-xp 00000000 08:15 5111982                    /lib/x86_64-linux-gnu/libnss_nis-2.23.so
7f31caf11000-7f31cb110000 ---p 0000b000 08:15 5111982                    /lib/x86_64-linux-gnu/libnss_nis-2.23.so
7f31cb110000-7f31cb111000 r--p 0000a000 08:15 5111982                    /lib/x86_64-linux-gnu/libnss_nis-2.23.so
7f31cb111000-7f31cb112000 rw-p 0000b000 08:15 5111982                    /lib/x86_64-linux-gnu/libnss_nis-2.23.so
7f31cb112000-7f31cb128000 r-xp 00000000 08:15 5111984                    /lib/x86_64-linux-gnu/libnsl-2.23.so
7f31cb128000-7f31cb327000 ---p 00016000 08:15 5111984                    /lib/x86_64-linux-gnu/libnsl-2.23.so
7f31cb327000-7f31cb328000 r--p 00015000 08:15 5111984                    /lib/x86_64-linux-gnu/libnsl-2.23.so
7f31cb328000-7f31cb329000 rw-p 00016000 08:15 5111984                    /lib/x86_64-linux-gnu/libnsl-2.23.so
7f31cb329000-7f31cb32b000 rw-p 00000000 00:00 0 
7f31cb32b000-7f31cb333000 r-xp 00000000 08:15 5111991                    /lib/x86_64-linux-gnu/libnss_compat-2.23.so
7f31cb333000-7f31cb532000 ---p 00008000 08:15 5111991                    /lib/x86_64-linux-gnu/libnss_compat-2.23.so
7f31cb532000-7f31cb533000 r--p 00007000 08:15 5111991                    /lib/x86_64-linux-gnu/libnss_compat-2.23.so
7f31cb533000-7f31cb534000 rw-p 00008000 08:15 5111991                    /lib/x86_64-linux-gnu/libnss_compat-2.23.so
7f31cb534000-7f31cb561000 r-xp 00000000 08:15 3283104                    /usr/lib/jvm/java-8-openjdk-amd64/jre/lib/amd64/libjava.so
7f31cb561000-7f31cb760000 ---p 0002d000 08:15 3283104                    /usr/lib/jvm/java-8-openjdk-amd64/jre/lib/amd64/libjava.so
7f31cb760000-7f31cb761000 r--p 0002c000 08:15 3283104                    /usr/lib/jvm/java-8-openjdk-amd64/jre/lib/amd64/libjava.so
7f31cb761000-7f31cb763000 rw-p 0002d000 08:15 3283104                    /usr/lib/jvm/java-8-openjdk-amd64/jre/lib/amd64/libjava.so
7f31cb763000-7f31cb772000 r-xp 00000000 08:15 3283074                    /usr/lib/jvm/java-8-openjdk-amd64/jre/lib/amd64/libverify.so
7f31cb772000-7f31cb971000 ---p 0000f000 08:15 3283074                    /usr/lib/jvm/java-8-openjdk-amd64/jre/lib/amd64/libverify.so
7f31cb971000-7f31cb973000 r--p 0000e000 08:15 3283074                    /usr/lib/jvm/java-8-openjdk-amd64/jre/lib/amd64/libverify.so
7f31cb973000-7f31cb974000 rw-p 00010000 08:15 3283074                    /usr/lib/jvm/java-8-openjdk-amd64/jre/lib/amd64/libverify.so
7f31cb974000-7f31cb97b000 r-xp 00000000 08:15 5111992                    /lib/x86_64-linux-gnu/librt-2.23.so
7f31cb97b000-7f31cbb7a000 ---p 00007000 08:15 5111992                    /lib/x86_64-linux-gnu/librt-2.23.so
7f31cbb7a000-7f31cbb7b000 r--p 00006000 08:15 5111992                    /lib/x86_64-linux-gnu/librt-2.23.so
7f31cbb7b000-7f31cbb7c000 rw-p 00007000 08:15 5111992                    /lib/x86_64-linux-gnu/librt-2.23.so
7f31cbb7c000-7f31cbb92000 r-xp 00000000 08:15 5116424                    /lib/x86_64-linux-gnu/libgcc_s.so.1
7f31cbb92000-7f31cbd91000 ---p 00016000 08:15 5116424                    /lib/x86_64-linux-gnu/libgcc_s.so.1
7f31cbd91000-7f31cbd92000 rw-p 00015000 08:15 5116424                    /lib/x86_64-linux-gnu/libgcc_s.so.1
7f31cbd92000-7f31cbe9a000 r-xp 00000000 08:15 5111983                    /lib/x86_64-linux-gnu/libm-2.23.so
7f31cbe9a000-7f31cc099000 ---p 00108000 08:15 5111983                    /lib/x86_64-linux-gnu/libm-2.23.so
7f31cc099000-7f31cc09a000 r--p 00107000 08:15 5111983                    /lib/x86_64-linux-gnu/libm-2.23.so
7f31cc09a000-7f31cc09b000 rw-p 00108000 08:15 5111983                    /lib/x86_64-linux-gnu/libm-2.23.so
7f31cc09b000-7f31cc20d000 r-xp 00000000 08:15 2361473                    /usr/lib/x86_64-linux-gnu/libstdc++.so.6.0.21
7f31cc20d000-7f31cc40d000 ---p 00172000 08:15 2361473                    /usr/lib/x86_64-linux-gnu/libstdc++.so.6.0.21
7f31cc40d000-7f31cc417000 r--p 00172000 08:15 2361473                    /usr/lib/x86_64-linux-gnu/libstdc++.so.6.0.21
7f31cc417000-7f31cc419000 rw-p 0017c000 08:15 2361473                    /usr/lib/x86_64-linux-gnu/libstdc++.so.6.0.21
7f31cc419000-7f31cc41d000 rw-p 00000000 00:00 0 
7f31cc41d000-7f31cd06d000 r-xp 00000000 08:15 3423636                    /usr/lib/jvm/java-8-openjdk-amd64/jre/lib/amd64/server/libjvm.so
7f31cd06d000-7f31cd26c000 ---p 00c50000 08:15 3423636                    /usr/lib/jvm/java-8-openjdk-amd64/jre/lib/amd64/server/libjvm.so
7f31cd26c000-7f31cd2ff000 r--p 00c4f000 08:15 3423636                    /usr/lib/jvm/java-8-openjdk-amd64/jre/lib/amd64/server/libjvm.so
7f31cd2ff000-7f31cd328000 rw-p 00ce2000 08:15 3423636                    /usr/lib/jvm/java-8-openjdk-amd64/jre/lib/amd64/server/libjvm.so
7f31cd328000-7f31cd358000 rw-p 00000000 00:00 0 
7f31cd358000-7f31cd370000 r-xp 00000000 08:15 5111996                    /lib/x86_64-linux-gnu/libpthread-2.23.so
7f31cd370000-7f31cd56f000 ---p 00018000 08:15 5111996                    /lib/x86_64-linux-gnu/libpthread-2.23.so
7f31cd56f000-7f31cd570000 r--p 00017000 08:15 5111996                    /lib/x86_64-linux-gnu/libpthread-2.23.so
7f31cd570000-7f31cd571000 rw-p 00018000 08:15 5111996                    /lib/x86_64-linux-gnu/libpthread-2.23.so
7f31cd571000-7f31cd575000 rw-p 00000000 00:00 0 
7f31cd575000-7f31cd578000 r-xp 00000000 08:15 5111981                    /lib/x86_64-linux-gnu/libdl-2.23.so
7f31cd578000-7f31cd777000 ---p 00003000 08:15 5111981                    /lib/x86_64-linux-gnu/libdl-2.23.so
7f31cd777000-7f31cd778000 r--p 00002000 08:15 5111981                    /lib/x86_64-linux-gnu/libdl-2.23.so
7f31cd778000-7f31cd779000 rw-p 00003000 08:15 5111981                    /lib/x86_64-linux-gnu/libdl-2.23.so
7f31cd779000-7f31cd792000 r-xp 00000000 08:15 5116577                    /lib/x86_64-linux-gnu/libz.so.1.2.8
7f31cd792000-7f31cd991000 ---p 00019000 08:15 5116577                    /lib/x86_64-linux-gnu/libz.so.1.2.8
7f31cd991000-7f31cd992000 r--p 00018000 08:15 5116577                    /lib/x86_64-linux-gnu/libz.so.1.2.8
7f31cd992000-7f31cd993000 rw-p 00019000 08:15 5116577                    /lib/x86_64-linux-gnu/libz.so.1.2.8
7f31cd993000-7f31cdb52000 r-xp 00000000 08:15 5111985                    /lib/x86_64-linux-gnu/libc-2.23.so
7f31cdb52000-7f31cdd52000 ---p 001bf000 08:15 5111985                    /lib/x86_64-linux-gnu/libc-2.23.so
7f31cdd52000-7f31cdd56000 r--p 001bf000 08:15 5111985                    /lib/x86_64-linux-gnu/libc-2.23.so
7f31cdd56000-7f31cdd58000 rw-p 001c3000 08:15 5111985                    /lib/x86_64-linux-gnu/libc-2.23.so
7f31cdd58000-7f31cdd5c000 rw-p 00000000 00:00 0 
7f31cdd5c000-7f31cdd69000 r-xp 00000000 08:15 3283096                    /usr/lib/jvm/java-8-openjdk-amd64/jre/lib/amd64/jli/libjli.so
7f31cdd69000-7f31cdf69000 ---p 0000d000 08:15 3283096                    /usr/lib/jvm/java-8-openjdk-amd64/jre/lib/amd64/jli/libjli.so
7f31cdf69000-7f31cdf6a000 r--p 0000d000 08:15 3283096                    /usr/lib/jvm/java-8-openjdk-amd64/jre/lib/amd64/jli/libjli.so
7f31cdf6a000-7f31cdf6b000 rw-p 0000e000 08:15 3283096                    /usr/lib/jvm/java-8-openjdk-amd64/jre/lib/amd64/jli/libjli.so
7f31cdf6b000-7f31cdf91000 r-xp 00000000 08:15 5111986                    /lib/x86_64-linux-gnu/ld-2.23.so
7f31cdf91000-7f31cdf93000 r--s 00006000 08:15 3408288                    /home/jens/Documents/Git/dianne/tools/generated/fw/default/1/bundle0
7f31cdf93000-7f31ce065000 rw-p 00000000 00:00 0 
7f31ce065000-7f31ce068000 ---p 00000000 00:00 0 
7f31ce068000-7f31ce16b000 rw-p 00000000 00:00 0 
7f31ce16b000-7f31ce172000 r--s 00055000 08:15 5246933                    /home/jens/.bnd/cache/http%3A%2F%2Faiolos.intec.ugent.be%2Frepositories%2Forg.eclipse.concierge%2Forg.eclipse.concierge/org.eclipse.concierge-6.0.0.jar
7f31ce172000-7f31ce175000 r--s 0000f000 08:15 3425113                    /usr/lib/jvm/java-8-openjdk-amd64/jre/lib/ext/icedtea-sound.jar
7f31ce175000-7f31ce177000 r--s 00001000 08:15 3425112                    /usr/lib/jvm/java-8-openjdk-amd64/jre/lib/ext/dnsns.jar
7f31ce177000-7f31ce179000 r--s 00008000 08:15 3425110                    /usr/lib/jvm/java-8-openjdk-amd64/jre/lib/ext/sunec.jar
7f31ce179000-7f31ce17d000 r--s 00037000 08:15 3425116                    /usr/lib/jvm/java-8-openjdk-amd64/jre/lib/ext/sunpkcs11.jar
7f31ce17d000-7f31ce17e000 r--s 00010000 08:15 3425115                    /usr/lib/jvm/java-8-openjdk-amd64/jre/lib/ext/zipfs.jar
7f31ce17e000-7f31ce183000 r--s 0003b000 08:15 3425118                    /usr/lib/jvm/java-8-openjdk-amd64/jre/lib/ext/sunjce_provider.jar
7f31ce183000-7f31ce184000 r--s 0000a000 08:15 3425119                    /usr/lib/jvm/java-8-openjdk-amd64/jre/lib/ext/jaccess.jar
7f31ce184000-7f31ce18c000 rw-s 00000000 08:15 5767190                    /tmp/hsperfdata_jens/3127
7f31ce18c000-7f31ce18d000 rw-p 00000000 00:00 0 
7f31ce18d000-7f31ce18e000 r--p 00000000 00:00 0 
7f31ce18e000-7f31ce190000 rw-p 00000000 00:00 0 
7f31ce190000-7f31ce191000 r--p 00025000 08:15 5111986                    /lib/x86_64-linux-gnu/ld-2.23.so
7f31ce191000-7f31ce192000 rw-p 00026000 08:15 5111986                    /lib/x86_64-linux-gnu/ld-2.23.so
7f31ce192000-7f31ce193000 rw-p 00000000 00:00 0 
7ffdbda2b000-7ffdbda4c000 rw-p 00000000 00:00 0                          [stack]
7ffdbdaed000-7ffdbdaef000 r--p 00000000 00:00 0                          [vvar]
7ffdbdaef000-7ffdbdaf1000 r-xp 00000000 00:00 0                          [vdso]
ffffffffff600000-ffffffffff601000 r-xp 00000000 00:00 0                  [vsyscall]

VM Arguments:
jvm_args: -Dlauncher.properties=/home/jens/Documents/Git/dianne/tools/generated/launch4104950833154183142.properties -Dfile.encoding=UTF-8 
java_command: aQute.launcher.Launcher
java_class_path (initial): /home/jens/Documents/Git/dianne/be.iminds.iot.dianne.launcher/generated/be.iminds.iot.dianne.launcher.jar:/home/jens/.bnd/cache/http%3A%2F%2Faiolos.intec.ugent.be%2Frepositories%2Forg.eclipse.concierge%2Forg.eclipse.concierge/org.eclipse.concierge-6.0.0.jar:/home/jens/Documents/Git/dianne/cnf/cache/3.3.0/bnd-cache/biz.aQute.launcher/biz.aQute.launcher-3.3.0.jar
Launcher Type: SUN_STANDARD

Environment Variables:
PATH=/home/jens/bin:/home/jens/.local/bin:/usr/local/sbin:/usr/local/bin:/usr/sbin:/usr/bin:/sbin:/bin:/usr/games:/usr/local/games:/snap/bin
SHELL=/bin/bash
DISPLAY=:0

Signal Handlers:
SIGSEGV: [libjvm.so+0xa66fd0], sa_mask[0]=11111111011111111101111111111110, sa_flags=SA_RESTART|SA_SIGINFO
SIGBUS: [libjvm.so+0xa66fd0], sa_mask[0]=11111111011111111101111111111110, sa_flags=SA_RESTART|SA_SIGINFO
SIGFPE: [libjvm.so+0x8b0180], sa_mask[0]=11111111011111111101111111111110, sa_flags=SA_RESTART|SA_SIGINFO
SIGPIPE: [libjvm.so+0x8b0180], sa_mask[0]=11111111011111111101111111111110, sa_flags=SA_RESTART|SA_SIGINFO
SIGXFSZ: [libjvm.so+0x8b0180], sa_mask[0]=11111111011111111101111111111110, sa_flags=SA_RESTART|SA_SIGINFO
SIGILL: [libjvm.so+0x8b0180], sa_mask[0]=11111111011111111101111111111110, sa_flags=SA_RESTART|SA_SIGINFO
SIGUSR1: SIG_DFL, sa_mask[0]=00000000000000000000000000000000, sa_flags=none
SIGUSR2: [libjvm.so+0x8b0030], sa_mask[0]=00100000000000000000000000000000, sa_flags=SA_RESTART|SA_SIGINFO
SIGHUP: [libjvm.so+0x8b0500], sa_mask[0]=11111111011111111101111111111110, sa_flags=SA_RESTART|SA_SIGINFO
SIGINT: [libjvm.so+0x8b0500], sa_mask[0]=11111111011111111101111111111110, sa_flags=SA_RESTART|SA_SIGINFO
SIGTERM: [libjvm.so+0x8b0500], sa_mask[0]=11111111011111111101111111111110, sa_flags=SA_RESTART|SA_SIGINFO
SIGQUIT: [libjvm.so+0x8b0500], sa_mask[0]=11111111011111111101111111111110, sa_flags=SA_RESTART|SA_SIGINFO


---------------  S Y S T E M  ---------------

OS:DISTRIB_ID=Ubuntu
DISTRIB_RELEASE=16.04
DISTRIB_CODENAME=xenial
DISTRIB_DESCRIPTION="Ubuntu 16.04.2 LTS"

uname:Linux 4.4.0-75-generic #96-Ubuntu SMP Thu Apr 20 09:56:33 UTC 2017 x86_64
libc:glibc 2.23 NPTL 2.23 
rlimit: STACK 8192k, CORE 0k, NPROC 63834, NOFILE 65536, AS infinity
load average:3,04 1,82 0,73

/proc/meminfo:
MemTotal:       16388340 kB
MemFree:        12108444 kB
MemAvailable:   13179564 kB
Buffers:           79328 kB
Cached:          1248408 kB
SwapCached:            0 kB
Active:          3286636 kB
Inactive:         685700 kB
Active(anon):    2645796 kB
Inactive(anon):    46516 kB
Active(file):     640840 kB
Inactive(file):   639184 kB
Unevictable:          32 kB
Mlocked:              32 kB
SwapTotal:      16731132 kB
SwapFree:       16731132 kB
Dirty:             88680 kB
Writeback:             0 kB
AnonPages:       2644812 kB
Mapped:           430360 kB
Shmem:             47716 kB
Slab:             125424 kB
SReclaimable:      85660 kB
SUnreclaim:        39764 kB
KernelStack:       12256 kB
PageTables:        36036 kB
NFS_Unstable:          0 kB
Bounce:                0 kB
WritebackTmp:          0 kB
CommitLimit:    24925300 kB
Committed_AS:    7277012 kB
VmallocTotal:   34359738367 kB
VmallocUsed:           0 kB
VmallocChunk:          0 kB
HardwareCorrupted:     0 kB
AnonHugePages:   1265664 kB
CmaTotal:              0 kB
CmaFree:               0 kB
HugePages_Total:       0
HugePages_Free:        0
HugePages_Rsvd:        0
HugePages_Surp:        0
Hugepagesize:       2048 kB
DirectMap4k:      175424 kB
DirectMap2M:    16558080 kB


CPU:total 8 (4 cores per cpu, 2 threads per core) family 6 model 58 stepping 9, cmov, cx8, fxsr, mmx, sse, sse2, sse3, ssse3, sse4.1, sse4.2, popcnt, avx, aes, clmul, erms, ht, tsc, tscinvbit, tscinv

/proc/cpuinfo:
processor	: 0
vendor_id	: GenuineIntel
cpu family	: 6
model		: 58
model name	: Intel(R) Core(TM) i7-3770K CPU @ 3.50GHz
stepping	: 9
microcode	: 0x15
cpu MHz		: 4099.921
cache size	: 8192 KB
physical id	: 0
siblings	: 8
core id		: 0
cpu cores	: 4
apicid		: 0
initial apicid	: 0
fpu		: yes
fpu_exception	: yes
cpuid level	: 13
wp		: yes
flags		: fpu vme de pse tsc msr pae mce cx8 apic sep mtrr pge mca cmov pat pse36 clflush dts acpi mmx fxsr sse sse2 ss ht tm pbe syscall nx rdtscp lm constant_tsc arch_perfmon pebs bts rep_good nopl xtopology nonstop_tsc aperfmperf eagerfpu pni pclmulqdq dtes64 monitor ds_cpl vmx est tm2 ssse3 cx16 xtpr pdcm pcid sse4_1 sse4_2 popcnt tsc_deadline_timer aes xsave avx f16c rdrand lahf_lm epb tpr_shadow vnmi flexpriority ept vpid fsgsbase smep erms xsaveopt dtherm ida arat pln pts
bugs		:
bogomips	: 7141.72
clflush size	: 64
cache_alignment	: 64
address sizes	: 36 bits physical, 48 bits virtual
power management:

processor	: 1
vendor_id	: GenuineIntel
cpu family	: 6
model		: 58
model name	: Intel(R) Core(TM) i7-3770K CPU @ 3.50GHz
stepping	: 9
microcode	: 0x15
cpu MHz		: 4099.921
cache size	: 8192 KB
physical id	: 0
siblings	: 8
core id		: 1
cpu cores	: 4
apicid		: 2
initial apicid	: 2
fpu		: yes
fpu_exception	: yes
cpuid level	: 13
wp		: yes
flags		: fpu vme de pse tsc msr pae mce cx8 apic sep mtrr pge mca cmov pat pse36 clflush dts acpi mmx fxsr sse sse2 ss ht tm pbe syscall nx rdtscp lm constant_tsc arch_perfmon pebs bts rep_good nopl xtopology nonstop_tsc aperfmperf eagerfpu pni pclmulqdq dtes64 monitor ds_cpl vmx est tm2 ssse3 cx16 xtpr pdcm pcid sse4_1 sse4_2 popcnt tsc_deadline_timer aes xsave avx f16c rdrand lahf_lm epb tpr_shadow vnmi flexpriority ept vpid fsgsbase smep erms xsaveopt dtherm ida arat pln pts
bugs		:
bogomips	: 7141.72
clflush size	: 64
cache_alignment	: 64
address sizes	: 36 bits physical, 48 bits virtual
power management:

processor	: 2
vendor_id	: GenuineIntel
cpu family	: 6
model		: 58
model name	: Intel(R) Core(TM) i7-3770K CPU @ 3.50GHz
stepping	: 9
microcode	: 0x15
cpu MHz		: 4080.917
cache size	: 8192 KB
physical id	: 0
siblings	: 8
core id		: 2
cpu cores	: 4
apicid		: 4
initial apicid	: 4
fpu		: yes
fpu_exception	: yes
cpuid level	: 13
wp		: yes
flags		: fpu vme de pse tsc msr pae mce cx8 apic sep mtrr pge mca cmov pat pse36 clflush dts acpi mmx fxsr sse sse2 ss ht tm pbe syscall nx rdtscp lm constant_tsc arch_perfmon pebs bts rep_good nopl xtopology nonstop_tsc aperfmperf eagerfpu pni pclmulqdq dtes64 monitor ds_cpl vmx est tm2 ssse3 cx16 xtpr pdcm pcid sse4_1 sse4_2 popcnt tsc_deadline_timer aes xsave avx f16c rdrand lahf_lm epb tpr_shadow vnmi flexpriority ept vpid fsgsbase smep erms xsaveopt dtherm ida arat pln pts
bugs		:
bogomips	: 7141.72
clflush size	: 64
cache_alignment	: 64
address sizes	: 36 bits physical, 48 bits virtual
power management:

processor	: 3
vendor_id	: GenuineIntel
cpu family	: 6
model		: 58
model name	: Intel(R) Core(TM) i7-3770K CPU @ 3.50GHz
stepping	: 9
microcode	: 0x15
cpu MHz		: 4099.921
cache size	: 8192 KB
physical id	: 0
siblings	: 8
core id		: 3
cpu cores	: 4
apicid		: 6
initial apicid	: 6
fpu		: yes
fpu_exception	: yes
cpuid level	: 13
wp		: yes
flags		: fpu vme de pse tsc msr pae mce cx8 apic sep mtrr pge mca cmov pat pse36 clflush dts acpi mmx fxsr sse sse2 ss ht tm pbe syscall nx rdtscp lm constant_tsc arch_perfmon pebs bts rep_good nopl xtopology nonstop_tsc aperfmperf eagerfpu pni pclmulqdq dtes64 monitor ds_cpl vmx est tm2 ssse3 cx16 xtpr pdcm pcid sse4_1 sse4_2 popcnt tsc_deadline_timer aes xsave avx f16c rdrand lahf_lm epb tpr_shadow vnmi flexpriority ept vpid fsgsbase smep erms xsaveopt dtherm ida arat pln pts
bugs		:
bogomips	: 7141.72
clflush size	: 64
cache_alignment	: 64
address sizes	: 36 bits physical, 48 bits virtual
power management:

processor	: 4
vendor_id	: GenuineIntel
cpu family	: 6
model		: 58
model name	: Intel(R) Core(TM) i7-3770K CPU @ 3.50GHz
stepping	: 9
microcode	: 0x15
cpu MHz		: 4086.933
cache size	: 8192 KB
physical id	: 0
siblings	: 8
core id		: 0
cpu cores	: 4
apicid		: 1
initial apicid	: 1
fpu		: yes
fpu_exception	: yes
cpuid level	: 13
wp		: yes
flags		: fpu vme de pse tsc msr pae mce cx8 apic sep mtrr pge mca cmov pat pse36 clflush dts acpi mmx fxsr sse sse2 ss ht tm pbe syscall nx rdtscp lm constant_tsc arch_perfmon pebs bts rep_good nopl xtopology nonstop_tsc aperfmperf eagerfpu pni pclmulqdq dtes64 monitor ds_cpl vmx est tm2 ssse3 cx16 xtpr pdcm pcid sse4_1 sse4_2 popcnt tsc_deadline_timer aes xsave avx f16c rdrand lahf_lm epb tpr_shadow vnmi flexpriority ept vpid fsgsbase smep erms xsaveopt dtherm ida arat pln pts
bugs		:
bogomips	: 7141.72
clflush size	: 64
cache_alignment	: 64
address sizes	: 36 bits physical, 48 bits virtual
power management:

processor	: 5
vendor_id	: GenuineIntel
cpu family	: 6
model		: 58
model name	: Intel(R) Core(TM) i7-3770K CPU @ 3.50GHz
stepping	: 9
microcode	: 0x15
cpu MHz		: 4099.921
cache size	: 8192 KB
physical id	: 0
siblings	: 8
core id		: 1
cpu cores	: 4
apicid		: 3
initial apicid	: 3
fpu		: yes
fpu_exception	: yes
cpuid level	: 13
wp		: yes
flags		: fpu vme de pse tsc msr pae mce cx8 apic sep mtrr pge mca cmov pat pse36 clflush dts acpi mmx fxsr sse sse2 ss ht tm pbe syscall nx rdtscp lm constant_tsc arch_perfmon pebs bts rep_good nopl xtopology nonstop_tsc aperfmperf eagerfpu pni pclmulqdq dtes64 monitor ds_cpl vmx est tm2 ssse3 cx16 xtpr pdcm pcid sse4_1 sse4_2 popcnt tsc_deadline_timer aes xsave avx f16c rdrand lahf_lm epb tpr_shadow vnmi flexpriority ept vpid fsgsbase smep erms xsaveopt dtherm ida arat pln pts
bugs		:
bogomips	: 7141.72
clflush size	: 64
cache_alignment	: 64
address sizes	: 36 bits physical, 48 bits virtual
power management:

processor	: 6
vendor_id	: GenuineIntel
cpu family	: 6
model		: 58
model name	: Intel(R) Core(TM) i7-3770K CPU @ 3.50GHz
stepping	: 9
microcode	: 0x15
cpu MHz		: 4074.082
cache size	: 8192 KB
physical id	: 0
siblings	: 8
core id		: 2
cpu cores	: 4
apicid		: 5
initial apicid	: 5
fpu		: yes
fpu_exception	: yes
cpuid level	: 13
wp		: yes
flags		: fpu vme de pse tsc msr pae mce cx8 apic sep mtrr pge mca cmov pat pse36 clflush dts acpi mmx fxsr sse sse2 ss ht tm pbe syscall nx rdtscp lm constant_tsc arch_perfmon pebs bts rep_good nopl xtopology nonstop_tsc aperfmperf eagerfpu pni pclmulqdq dtes64 monitor ds_cpl vmx est tm2 ssse3 cx16 xtpr pdcm pcid sse4_1 sse4_2 popcnt tsc_deadline_timer aes xsave avx f16c rdrand lahf_lm epb tpr_shadow vnmi flexpriority ept vpid fsgsbase smep erms xsaveopt dtherm ida arat pln pts
bugs		:
bogomips	: 7141.72
clflush size	: 64
cache_alignment	: 64
address sizes	: 36 bits physical, 48 bits virtual
power management:

processor	: 7
vendor_id	: GenuineIntel
cpu family	: 6
model		: 58
model name	: Intel(R) Core(TM) i7-3770K CPU @ 3.50GHz
stepping	: 9
microcode	: 0x15
cpu MHz		: 4099.921
cache size	: 8192 KB
physical id	: 0
siblings	: 8
core id		: 3
cpu cores	: 4
apicid		: 7
initial apicid	: 7
fpu		: yes
fpu_exception	: yes
cpuid level	: 13
wp		: yes
flags		: fpu vme de pse tsc msr pae mce cx8 apic sep mtrr pge mca cmov pat pse36 clflush dts acpi mmx fxsr sse sse2 ss ht tm pbe syscall nx rdtscp lm constant_tsc arch_perfmon pebs bts rep_good nopl xtopology nonstop_tsc aperfmperf eagerfpu pni pclmulqdq dtes64 monitor ds_cpl vmx est tm2 ssse3 cx16 xtpr pdcm pcid sse4_1 sse4_2 popcnt tsc_deadline_timer aes xsave avx f16c rdrand lahf_lm epb tpr_shadow vnmi flexpriority ept vpid fsgsbase smep erms xsaveopt dtherm ida arat pln pts
bugs		:
bogomips	: 7141.72
clflush size	: 64
cache_alignment	: 64
address sizes	: 36 bits physical, 48 bits virtual
power management:



Memory: 4k page, physical 16388340k(12108444k free), swap 16731132k(16731132k free)

vm_info: OpenJDK 64-Bit Server VM (25.121-b13) for linux-amd64 JRE (1.8.0_121-8u121-b13-0ubuntu1.16.04.2-b13), built on Jan 23 2017 15:51:29 by "buildd" with gcc 5.4.0 20160609

time: Sat Apr 29 03:24:36 2017
elapsed time: 26 seconds (0d 0h 0m 26s)

